[0.373s] DEBUG:colcon:Command line arguments: ['/usr/bin/colcon', 'build', '--symlink-install']
[0.373s] DEBUG:colcon:Parsed command line arguments: Namespace(log_base=None, log_level=None, verb_name='build', build_base='build', install_base='install', merge_install=False, symlink_install=True, test_result_base=None, continue_on_error=False, executor='parallel', parallel_workers=16, event_handlers=None, ignore_user_meta=False, metas=['./colcon.meta'], base_paths=['.'], packages_ignore=None, packages_ignore_regex=None, paths=None, packages_up_to=None, packages_up_to_regex=None, packages_above=None, packages_above_and_dependencies=None, packages_above_depth=None, packages_select_by_dep=None, packages_skip_by_dep=None, packages_skip_up_to=None, packages_select_build_failed=False, packages_skip_build_finished=False, packages_select_test_failures=False, packages_skip_test_passed=False, packages_select=None, packages_skip=None, packages_select_regex=None, packages_skip_regex=None, packages_start=None, packages_end=None, allow_overriding=[], cmake_args=None, cmake_target=None, cmake_target_skip_unavailable=False, cmake_clean_cache=False, cmake_clean_first=False, cmake_force_configure=False, ament_cmake_args=None, catkin_cmake_args=None, catkin_skip_building_tests=False, mixin_files=None, mixin=None, verb_parser=<colcon_mixin.mixin.mixin_argument.MixinArgumentDecorator object at 0x7f72e76fe980>, verb_extension=<colcon_core.verb.build.BuildVerb object at 0x7f72e76fe2f0>, main=<bound method BuildVerb.main of <colcon_core.verb.build.BuildVerb object at 0x7f72e76fe2f0>>, mixin_verb=('build',))
[0.707s] Level 1:colcon.colcon_core.package_discovery:discover_packages(colcon_meta) check parameters
[0.707s] Level 1:colcon.colcon_core.package_discovery:discover_packages(recursive) check parameters
[0.707s] Level 1:colcon.colcon_core.package_discovery:discover_packages(ignore) check parameters
[0.707s] Level 1:colcon.colcon_core.package_discovery:discover_packages(path) check parameters
[0.707s] Level 1:colcon.colcon_core.package_discovery:discover_packages(colcon_meta) discover
[0.707s] Level 1:colcon.colcon_core.package_discovery:discover_packages(recursive) discover
[0.708s] INFO:colcon.colcon_core.package_discovery:Crawling recursively for packages in '/home/user/hand_gesture_robot/turtlebot_ws'
[0.708s] Level 1:colcon.colcon_core.package_identification:_identify(.) by extensions ['ignore', 'ignore_ament_install']
[0.708s] Level 1:colcon.colcon_core.package_identification:_identify(.) by extension 'ignore'
[0.708s] Level 1:colcon.colcon_core.package_identification:_identify(.) by extension 'ignore_ament_install'
[0.708s] Level 1:colcon.colcon_core.package_identification:_identify(.) by extensions ['colcon_pkg']
[0.708s] Level 1:colcon.colcon_core.package_identification:_identify(.) by extension 'colcon_pkg'
[0.708s] Level 1:colcon.colcon_core.package_identification:_identify(.) by extensions ['colcon_meta']
[0.708s] Level 1:colcon.colcon_core.package_identification:_identify(.) by extension 'colcon_meta'
[0.708s] Level 1:colcon.colcon_core.package_identification:_identify(.) by extensions ['ros']
[0.708s] Level 1:colcon.colcon_core.package_identification:_identify(.) by extension 'ros'
[0.721s] Level 1:colcon.colcon_core.package_identification:_identify(.) by extensions ['cmake', 'python']
[0.721s] Level 1:colcon.colcon_core.package_identification:_identify(.) by extension 'cmake'
[0.721s] Level 1:colcon.colcon_core.package_identification:_identify(.) by extension 'python'
[0.721s] Level 1:colcon.colcon_core.package_identification:_identify(.) by extensions ['python_setup_py']
[0.721s] Level 1:colcon.colcon_core.package_identification:_identify(.) by extension 'python_setup_py'
[0.722s] Level 1:colcon.colcon_core.package_identification:_identify(build) by extensions ['ignore', 'ignore_ament_install']
[0.722s] Level 1:colcon.colcon_core.package_identification:_identify(build) by extension 'ignore'
[0.722s] Level 1:colcon.colcon_core.package_identification:_identify(build) ignored
[0.723s] Level 1:colcon.colcon_core.package_identification:_identify(install) by extensions ['ignore', 'ignore_ament_install']
[0.723s] Level 1:colcon.colcon_core.package_identification:_identify(install) by extension 'ignore'
[0.723s] Level 1:colcon.colcon_core.package_identification:_identify(install) ignored
[0.723s] Level 1:colcon.colcon_core.package_identification:_identify(log) by extensions ['ignore', 'ignore_ament_install']
[0.723s] Level 1:colcon.colcon_core.package_identification:_identify(log) by extension 'ignore'
[0.723s] Level 1:colcon.colcon_core.package_identification:_identify(log) ignored
[0.723s] Level 1:colcon.colcon_core.package_identification:_identify(src) by extensions ['ignore', 'ignore_ament_install']
[0.723s] Level 1:colcon.colcon_core.package_identification:_identify(src) by extension 'ignore'
[0.723s] Level 1:colcon.colcon_core.package_identification:_identify(src) by extension 'ignore_ament_install'
[0.723s] Level 1:colcon.colcon_core.package_identification:_identify(src) by extensions ['colcon_pkg']
[0.723s] Level 1:colcon.colcon_core.package_identification:_identify(src) by extension 'colcon_pkg'
[0.723s] Level 1:colcon.colcon_core.package_identification:_identify(src) by extensions ['colcon_meta']
[0.723s] Level 1:colcon.colcon_core.package_identification:_identify(src) by extension 'colcon_meta'
[0.723s] Level 1:colcon.colcon_core.package_identification:_identify(src) by extensions ['ros']
[0.723s] Level 1:colcon.colcon_core.package_identification:_identify(src) by extension 'ros'
[0.723s] Level 1:colcon.colcon_core.package_identification:_identify(src) by extensions ['cmake', 'python']
[0.723s] Level 1:colcon.colcon_core.package_identification:_identify(src) by extension 'cmake'
[0.723s] Level 1:colcon.colcon_core.package_identification:_identify(src) by extension 'python'
[0.723s] Level 1:colcon.colcon_core.package_identification:_identify(src) by extensions ['python_setup_py']
[0.724s] Level 1:colcon.colcon_core.package_identification:_identify(src) by extension 'python_setup_py'
[0.724s] Level 1:colcon.colcon_core.package_identification:_identify(src/turtlebot3_msgs) by extensions ['ignore', 'ignore_ament_install']
[0.724s] Level 1:colcon.colcon_core.package_identification:_identify(src/turtlebot3_msgs) by extension 'ignore'
[0.724s] Level 1:colcon.colcon_core.package_identification:_identify(src/turtlebot3_msgs) by extension 'ignore_ament_install'
[0.724s] Level 1:colcon.colcon_core.package_identification:_identify(src/turtlebot3_msgs) by extensions ['colcon_pkg']
[0.724s] Level 1:colcon.colcon_core.package_identification:_identify(src/turtlebot3_msgs) by extension 'colcon_pkg'
[0.724s] Level 1:colcon.colcon_core.package_identification:_identify(src/turtlebot3_msgs) by extensions ['colcon_meta']
[0.724s] Level 1:colcon.colcon_core.package_identification:_identify(src/turtlebot3_msgs) by extension 'colcon_meta'
[0.724s] Level 1:colcon.colcon_core.package_identification:_identify(src/turtlebot3_msgs) by extensions ['ros']
[0.724s] Level 1:colcon.colcon_core.package_identification:_identify(src/turtlebot3_msgs) by extension 'ros'
[0.728s] DEBUG:colcon.colcon_core.package_identification:Package 'src/turtlebot3_msgs' with type 'ros.ament_cmake' and name 'turtlebot3_msgs'
[0.728s] Level 1:colcon.colcon_core.package_identification:_identify(src/turtlebot3_simulations) by extensions ['ignore', 'ignore_ament_install']
[0.728s] Level 1:colcon.colcon_core.package_identification:_identify(src/turtlebot3_simulations) by extension 'ignore'
[0.728s] Level 1:colcon.colcon_core.package_identification:_identify(src/turtlebot3_simulations) by extension 'ignore_ament_install'
[0.728s] Level 1:colcon.colcon_core.package_identification:_identify(src/turtlebot3_simulations) by extensions ['colcon_pkg']
[0.728s] Level 1:colcon.colcon_core.package_identification:_identify(src/turtlebot3_simulations) by extension 'colcon_pkg'
[0.728s] Level 1:colcon.colcon_core.package_identification:_identify(src/turtlebot3_simulations) by extensions ['colcon_meta']
[0.728s] Level 1:colcon.colcon_core.package_identification:_identify(src/turtlebot3_simulations) by extension 'colcon_meta'
[0.728s] Level 1:colcon.colcon_core.package_identification:_identify(src/turtlebot3_simulations) by extensions ['ros']
[0.728s] Level 1:colcon.colcon_core.package_identification:_identify(src/turtlebot3_simulations) by extension 'ros'
[0.728s] Level 1:colcon.colcon_core.package_identification:_identify(src/turtlebot3_simulations) by extensions ['cmake', 'python']
[0.728s] Level 1:colcon.colcon_core.package_identification:_identify(src/turtlebot3_simulations) by extension 'cmake'
[0.728s] Level 1:colcon.colcon_core.package_identification:_identify(src/turtlebot3_simulations) by extension 'python'
[0.728s] Level 1:colcon.colcon_core.package_identification:_identify(src/turtlebot3_simulations) by extensions ['python_setup_py']
[0.728s] Level 1:colcon.colcon_core.package_identification:_identify(src/turtlebot3_simulations) by extension 'python_setup_py'
[0.728s] Level 1:colcon.colcon_core.package_identification:_identify(src/turtlebot3_simulations/turtlebot3_fake_node) by extensions ['ignore', 'ignore_ament_install']
[0.729s] Level 1:colcon.colcon_core.package_identification:_identify(src/turtlebot3_simulations/turtlebot3_fake_node) by extension 'ignore'
[0.729s] Level 1:colcon.colcon_core.package_identification:_identify(src/turtlebot3_simulations/turtlebot3_fake_node) by extension 'ignore_ament_install'
[0.729s] Level 1:colcon.colcon_core.package_identification:_identify(src/turtlebot3_simulations/turtlebot3_fake_node) by extensions ['colcon_pkg']
[0.729s] Level 1:colcon.colcon_core.package_identification:_identify(src/turtlebot3_simulations/turtlebot3_fake_node) by extension 'colcon_pkg'
[0.729s] Level 1:colcon.colcon_core.package_identification:_identify(src/turtlebot3_simulations/turtlebot3_fake_node) by extensions ['colcon_meta']
[0.729s] Level 1:colcon.colcon_core.package_identification:_identify(src/turtlebot3_simulations/turtlebot3_fake_node) by extension 'colcon_meta'
[0.729s] Level 1:colcon.colcon_core.package_identification:_identify(src/turtlebot3_simulations/turtlebot3_fake_node) by extensions ['ros']
[0.729s] Level 1:colcon.colcon_core.package_identification:_identify(src/turtlebot3_simulations/turtlebot3_fake_node) by extension 'ros'
[0.729s] DEBUG:colcon.colcon_core.package_identification:Package 'src/turtlebot3_simulations/turtlebot3_fake_node' with type 'ros.ament_cmake' and name 'turtlebot3_fake_node'
[0.730s] Level 1:colcon.colcon_core.package_identification:_identify(src/turtlebot3_simulations/turtlebot3_gazebo) by extensions ['ignore', 'ignore_ament_install']
[0.730s] Level 1:colcon.colcon_core.package_identification:_identify(src/turtlebot3_simulations/turtlebot3_gazebo) by extension 'ignore'
[0.730s] Level 1:colcon.colcon_core.package_identification:_identify(src/turtlebot3_simulations/turtlebot3_gazebo) by extension 'ignore_ament_install'
[0.730s] Level 1:colcon.colcon_core.package_identification:_identify(src/turtlebot3_simulations/turtlebot3_gazebo) by extensions ['colcon_pkg']
[0.730s] Level 1:colcon.colcon_core.package_identification:_identify(src/turtlebot3_simulations/turtlebot3_gazebo) by extension 'colcon_pkg'
[0.730s] Level 1:colcon.colcon_core.package_identification:_identify(src/turtlebot3_simulations/turtlebot3_gazebo) by extensions ['colcon_meta']
[0.730s] Level 1:colcon.colcon_core.package_identification:_identify(src/turtlebot3_simulations/turtlebot3_gazebo) by extension 'colcon_meta'
[0.730s] Level 1:colcon.colcon_core.package_identification:_identify(src/turtlebot3_simulations/turtlebot3_gazebo) by extensions ['ros']
[0.730s] Level 1:colcon.colcon_core.package_identification:_identify(src/turtlebot3_simulations/turtlebot3_gazebo) by extension 'ros'
[0.730s] DEBUG:colcon.colcon_core.package_identification:Package 'src/turtlebot3_simulations/turtlebot3_gazebo' with type 'ros.ament_cmake' and name 'turtlebot3_gazebo'
[0.731s] Level 1:colcon.colcon_core.package_identification:_identify(src/turtlebot3_simulations/turtlebot3_manipulation_gazebo) by extensions ['ignore', 'ignore_ament_install']
[0.731s] Level 1:colcon.colcon_core.package_identification:_identify(src/turtlebot3_simulations/turtlebot3_manipulation_gazebo) by extension 'ignore'
[0.731s] Level 1:colcon.colcon_core.package_identification:_identify(src/turtlebot3_simulations/turtlebot3_manipulation_gazebo) by extension 'ignore_ament_install'
[0.731s] Level 1:colcon.colcon_core.package_identification:_identify(src/turtlebot3_simulations/turtlebot3_manipulation_gazebo) by extensions ['colcon_pkg']
[0.731s] Level 1:colcon.colcon_core.package_identification:_identify(src/turtlebot3_simulations/turtlebot3_manipulation_gazebo) by extension 'colcon_pkg'
[0.731s] Level 1:colcon.colcon_core.package_identification:_identify(src/turtlebot3_simulations/turtlebot3_manipulation_gazebo) by extensions ['colcon_meta']
[0.731s] Level 1:colcon.colcon_core.package_identification:_identify(src/turtlebot3_simulations/turtlebot3_manipulation_gazebo) by extension 'colcon_meta'
[0.731s] Level 1:colcon.colcon_core.package_identification:_identify(src/turtlebot3_simulations/turtlebot3_manipulation_gazebo) by extensions ['ros']
[0.731s] Level 1:colcon.colcon_core.package_identification:_identify(src/turtlebot3_simulations/turtlebot3_manipulation_gazebo) by extension 'ros'
[0.738s] DEBUG:colcon.colcon_core.package_identification:Package 'src/turtlebot3_simulations/turtlebot3_manipulation_gazebo' with type 'ros.ament_cmake' and name 'turtlebot3_manipulation_gazebo'
[0.738s] Level 1:colcon.colcon_core.package_identification:_identify(src/turtlebot3_simulations/turtlebot3_simulations) by extensions ['ignore', 'ignore_ament_install']
[0.738s] Level 1:colcon.colcon_core.package_identification:_identify(src/turtlebot3_simulations/turtlebot3_simulations) by extension 'ignore'
[0.738s] Level 1:colcon.colcon_core.package_identification:_identify(src/turtlebot3_simulations/turtlebot3_simulations) by extension 'ignore_ament_install'
[0.738s] Level 1:colcon.colcon_core.package_identification:_identify(src/turtlebot3_simulations/turtlebot3_simulations) by extensions ['colcon_pkg']
[0.738s] Level 1:colcon.colcon_core.package_identification:_identify(src/turtlebot3_simulations/turtlebot3_simulations) by extension 'colcon_pkg'
[0.738s] Level 1:colcon.colcon_core.package_identification:_identify(src/turtlebot3_simulations/turtlebot3_simulations) by extensions ['colcon_meta']
[0.738s] Level 1:colcon.colcon_core.package_identification:_identify(src/turtlebot3_simulations/turtlebot3_simulations) by extension 'colcon_meta'
[0.738s] Level 1:colcon.colcon_core.package_identification:_identify(src/turtlebot3_simulations/turtlebot3_simulations) by extensions ['ros']
[0.739s] Level 1:colcon.colcon_core.package_identification:_identify(src/turtlebot3_simulations/turtlebot3_simulations) by extension 'ros'
[0.739s] DEBUG:colcon.colcon_core.package_identification:Package 'src/turtlebot3_simulations/turtlebot3_simulations' with type 'ros.ament_cmake' and name 'turtlebot3_simulations'
[0.739s] Level 1:colcon.colcon_core.package_discovery:discover_packages(recursive) using defaults
[0.739s] Level 1:colcon.colcon_core.package_discovery:discover_packages(ignore) discover
[0.739s] Level 1:colcon.colcon_core.package_discovery:discover_packages(ignore) using defaults
[0.739s] Level 1:colcon.colcon_core.package_discovery:discover_packages(path) discover
[0.739s] Level 1:colcon.colcon_core.package_discovery:discover_packages(path) using defaults
[0.766s] Level 1:colcon.colcon_core.package_discovery:discover_packages(prefix_path) check parameters
[0.766s] Level 1:colcon.colcon_core.package_discovery:discover_packages(prefix_path) discover
[0.771s] DEBUG:colcon.colcon_installed_package_information.package_discovery:Found 5 installed packages in /home/user/hand_gesture_robot/turtlebot_ws/install
[0.773s] DEBUG:colcon.colcon_installed_package_information.package_discovery:Found 317 installed packages in /opt/ros/humble
[0.774s] Level 1:colcon.colcon_core.package_discovery:discover_packages(prefix_path) using defaults
[0.865s] Level 5:colcon.colcon_core.verb:set package 'turtlebot3_gazebo' build argument 'cmake_args' from command line to 'None'
[0.865s] Level 5:colcon.colcon_core.verb:set package 'turtlebot3_gazebo' build argument 'cmake_target' from command line to 'None'
[0.865s] Level 5:colcon.colcon_core.verb:set package 'turtlebot3_gazebo' build argument 'cmake_target_skip_unavailable' from command line to 'False'
[0.865s] Level 5:colcon.colcon_core.verb:set package 'turtlebot3_gazebo' build argument 'cmake_clean_cache' from command line to 'False'
[0.865s] Level 5:colcon.colcon_core.verb:set package 'turtlebot3_gazebo' build argument 'cmake_clean_first' from command line to 'False'
[0.865s] Level 5:colcon.colcon_core.verb:set package 'turtlebot3_gazebo' build argument 'cmake_force_configure' from command line to 'False'
[0.865s] Level 5:colcon.colcon_core.verb:set package 'turtlebot3_gazebo' build argument 'ament_cmake_args' from command line to 'None'
[0.865s] Level 5:colcon.colcon_core.verb:set package 'turtlebot3_gazebo' build argument 'catkin_cmake_args' from command line to 'None'
[0.865s] Level 5:colcon.colcon_core.verb:set package 'turtlebot3_gazebo' build argument 'catkin_skip_building_tests' from command line to 'False'
[0.865s] DEBUG:colcon.colcon_core.verb:Building package 'turtlebot3_gazebo' with the following arguments: {'ament_cmake_args': None, 'build_base': '/home/user/hand_gesture_robot/turtlebot_ws/build/turtlebot3_gazebo', 'catkin_cmake_args': None, 'catkin_skip_building_tests': False, 'cmake_args': None, 'cmake_clean_cache': False, 'cmake_clean_first': False, 'cmake_force_configure': False, 'cmake_target': None, 'cmake_target_skip_unavailable': False, 'install_base': '/home/user/hand_gesture_robot/turtlebot_ws/install/turtlebot3_gazebo', 'merge_install': False, 'path': '/home/user/hand_gesture_robot/turtlebot_ws/src/turtlebot3_simulations/turtlebot3_gazebo', 'symlink_install': True, 'test_result_base': None}
[0.865s] Level 5:colcon.colcon_core.verb:set package 'turtlebot3_manipulation_gazebo' build argument 'cmake_args' from command line to 'None'
[0.865s] Level 5:colcon.colcon_core.verb:set package 'turtlebot3_manipulation_gazebo' build argument 'cmake_target' from command line to 'None'
[0.865s] Level 5:colcon.colcon_core.verb:set package 'turtlebot3_manipulation_gazebo' build argument 'cmake_target_skip_unavailable' from command line to 'False'
[0.866s] Level 5:colcon.colcon_core.verb:set package 'turtlebot3_manipulation_gazebo' build argument 'cmake_clean_cache' from command line to 'False'
[0.866s] Level 5:colcon.colcon_core.verb:set package 'turtlebot3_manipulation_gazebo' build argument 'cmake_clean_first' from command line to 'False'
[0.866s] Level 5:colcon.colcon_core.verb:set package 'turtlebot3_manipulation_gazebo' build argument 'cmake_force_configure' from command line to 'False'
[0.866s] Level 5:colcon.colcon_core.verb:set package 'turtlebot3_manipulation_gazebo' build argument 'ament_cmake_args' from command line to 'None'
[0.866s] Level 5:colcon.colcon_core.verb:set package 'turtlebot3_manipulation_gazebo' build argument 'catkin_cmake_args' from command line to 'None'
[0.866s] Level 5:colcon.colcon_core.verb:set package 'turtlebot3_manipulation_gazebo' build argument 'catkin_skip_building_tests' from command line to 'False'
[0.866s] DEBUG:colcon.colcon_core.verb:Building package 'turtlebot3_manipulation_gazebo' with the following arguments: {'ament_cmake_args': None, 'build_base': '/home/user/hand_gesture_robot/turtlebot_ws/build/turtlebot3_manipulation_gazebo', 'catkin_cmake_args': None, 'catkin_skip_building_tests': False, 'cmake_args': None, 'cmake_clean_cache': False, 'cmake_clean_first': False, 'cmake_force_configure': False, 'cmake_target': None, 'cmake_target_skip_unavailable': False, 'install_base': '/home/user/hand_gesture_robot/turtlebot_ws/install/turtlebot3_manipulation_gazebo', 'merge_install': False, 'path': '/home/user/hand_gesture_robot/turtlebot_ws/src/turtlebot3_simulations/turtlebot3_manipulation_gazebo', 'symlink_install': True, 'test_result_base': None}
[0.866s] Level 5:colcon.colcon_core.verb:set package 'turtlebot3_msgs' build argument 'cmake_args' from command line to 'None'
[0.866s] Level 5:colcon.colcon_core.verb:set package 'turtlebot3_msgs' build argument 'cmake_target' from command line to 'None'
[0.866s] Level 5:colcon.colcon_core.verb:set package 'turtlebot3_msgs' build argument 'cmake_target_skip_unavailable' from command line to 'False'
[0.866s] Level 5:colcon.colcon_core.verb:set package 'turtlebot3_msgs' build argument 'cmake_clean_cache' from command line to 'False'
[0.866s] Level 5:colcon.colcon_core.verb:set package 'turtlebot3_msgs' build argument 'cmake_clean_first' from command line to 'False'
[0.866s] Level 5:colcon.colcon_core.verb:set package 'turtlebot3_msgs' build argument 'cmake_force_configure' from command line to 'False'
[0.866s] Level 5:colcon.colcon_core.verb:set package 'turtlebot3_msgs' build argument 'ament_cmake_args' from command line to 'None'
[0.866s] Level 5:colcon.colcon_core.verb:set package 'turtlebot3_msgs' build argument 'catkin_cmake_args' from command line to 'None'
[0.866s] Level 5:colcon.colcon_core.verb:set package 'turtlebot3_msgs' build argument 'catkin_skip_building_tests' from command line to 'False'
[0.866s] DEBUG:colcon.colcon_core.verb:Building package 'turtlebot3_msgs' with the following arguments: {'ament_cmake_args': None, 'build_base': '/home/user/hand_gesture_robot/turtlebot_ws/build/turtlebot3_msgs', 'catkin_cmake_args': None, 'catkin_skip_building_tests': False, 'cmake_args': None, 'cmake_clean_cache': False, 'cmake_clean_first': False, 'cmake_force_configure': False, 'cmake_target': None, 'cmake_target_skip_unavailable': False, 'install_base': '/home/user/hand_gesture_robot/turtlebot_ws/install/turtlebot3_msgs', 'merge_install': False, 'path': '/home/user/hand_gesture_robot/turtlebot_ws/src/turtlebot3_msgs', 'symlink_install': True, 'test_result_base': None}
[0.866s] Level 5:colcon.colcon_core.verb:set package 'turtlebot3_fake_node' build argument 'cmake_args' from command line to 'None'
[0.866s] Level 5:colcon.colcon_core.verb:set package 'turtlebot3_fake_node' build argument 'cmake_target' from command line to 'None'
[0.866s] Level 5:colcon.colcon_core.verb:set package 'turtlebot3_fake_node' build argument 'cmake_target_skip_unavailable' from command line to 'False'
[0.866s] Level 5:colcon.colcon_core.verb:set package 'turtlebot3_fake_node' build argument 'cmake_clean_cache' from command line to 'False'
[0.866s] Level 5:colcon.colcon_core.verb:set package 'turtlebot3_fake_node' build argument 'cmake_clean_first' from command line to 'False'
[0.866s] Level 5:colcon.colcon_core.verb:set package 'turtlebot3_fake_node' build argument 'cmake_force_configure' from command line to 'False'
[0.866s] Level 5:colcon.colcon_core.verb:set package 'turtlebot3_fake_node' build argument 'ament_cmake_args' from command line to 'None'
[0.866s] Level 5:colcon.colcon_core.verb:set package 'turtlebot3_fake_node' build argument 'catkin_cmake_args' from command line to 'None'
[0.866s] Level 5:colcon.colcon_core.verb:set package 'turtlebot3_fake_node' build argument 'catkin_skip_building_tests' from command line to 'False'
[0.867s] DEBUG:colcon.colcon_core.verb:Building package 'turtlebot3_fake_node' with the following arguments: {'ament_cmake_args': None, 'build_base': '/home/user/hand_gesture_robot/turtlebot_ws/build/turtlebot3_fake_node', 'catkin_cmake_args': None, 'catkin_skip_building_tests': False, 'cmake_args': None, 'cmake_clean_cache': False, 'cmake_clean_first': False, 'cmake_force_configure': False, 'cmake_target': None, 'cmake_target_skip_unavailable': False, 'install_base': '/home/user/hand_gesture_robot/turtlebot_ws/install/turtlebot3_fake_node', 'merge_install': False, 'path': '/home/user/hand_gesture_robot/turtlebot_ws/src/turtlebot3_simulations/turtlebot3_fake_node', 'symlink_install': True, 'test_result_base': None}
[0.867s] Level 5:colcon.colcon_core.verb:set package 'turtlebot3_simulations' build argument 'cmake_args' from command line to 'None'
[0.867s] Level 5:colcon.colcon_core.verb:set package 'turtlebot3_simulations' build argument 'cmake_target' from command line to 'None'
[0.867s] Level 5:colcon.colcon_core.verb:set package 'turtlebot3_simulations' build argument 'cmake_target_skip_unavailable' from command line to 'False'
[0.867s] Level 5:colcon.colcon_core.verb:set package 'turtlebot3_simulations' build argument 'cmake_clean_cache' from command line to 'False'
[0.867s] Level 5:colcon.colcon_core.verb:set package 'turtlebot3_simulations' build argument 'cmake_clean_first' from command line to 'False'
[0.867s] Level 5:colcon.colcon_core.verb:set package 'turtlebot3_simulations' build argument 'cmake_force_configure' from command line to 'False'
[0.867s] Level 5:colcon.colcon_core.verb:set package 'turtlebot3_simulations' build argument 'ament_cmake_args' from command line to 'None'
[0.867s] Level 5:colcon.colcon_core.verb:set package 'turtlebot3_simulations' build argument 'catkin_cmake_args' from command line to 'None'
[0.867s] Level 5:colcon.colcon_core.verb:set package 'turtlebot3_simulations' build argument 'catkin_skip_building_tests' from command line to 'False'
[0.867s] DEBUG:colcon.colcon_core.verb:Building package 'turtlebot3_simulations' with the following arguments: {'ament_cmake_args': None, 'build_base': '/home/user/hand_gesture_robot/turtlebot_ws/build/turtlebot3_simulations', 'catkin_cmake_args': None, 'catkin_skip_building_tests': False, 'cmake_args': None, 'cmake_clean_cache': False, 'cmake_clean_first': False, 'cmake_force_configure': False, 'cmake_target': None, 'cmake_target_skip_unavailable': False, 'install_base': '/home/user/hand_gesture_robot/turtlebot_ws/install/turtlebot3_simulations', 'merge_install': False, 'path': '/home/user/hand_gesture_robot/turtlebot_ws/src/turtlebot3_simulations/turtlebot3_simulations', 'symlink_install': True, 'test_result_base': None}
[0.867s] INFO:colcon.colcon_core.executor:Executing jobs using 'parallel' executor
[0.869s] DEBUG:colcon.colcon_parallel_executor.executor.parallel:run_until_complete
[0.869s] INFO:colcon.colcon_ros.task.ament_cmake.build:Building ROS package in '/home/user/hand_gesture_robot/turtlebot_ws/src/turtlebot3_msgs' with build type 'ament_cmake'
[0.869s] INFO:colcon.colcon_cmake.task.cmake.build:Building CMake package in '/home/user/hand_gesture_robot/turtlebot_ws/src/turtlebot3_msgs'
[0.874s] INFO:colcon.colcon_core.plugin_system:Skipping extension 'colcon_core.shell.bat': Not used on non-Windows systems
[0.875s] INFO:colcon.colcon_core.shell:Skip shell extension 'powershell' for command environment: Not usable outside of PowerShell
[0.875s] DEBUG:colcon.colcon_core.shell:Skip shell extension 'dsv' for command environment
[0.878s] INFO:colcon.colcon_ros.task.ament_cmake.build:Building ROS package in '/home/user/hand_gesture_robot/turtlebot_ws/src/turtlebot3_simulations/turtlebot3_gazebo' with build type 'ament_cmake'
[0.879s] INFO:colcon.colcon_cmake.task.cmake.build:Building CMake package in '/home/user/hand_gesture_robot/turtlebot_ws/src/turtlebot3_simulations/turtlebot3_gazebo'
[0.879s] INFO:colcon.colcon_core.shell:Skip shell extension 'powershell' for command environment: Not usable outside of PowerShell
[0.879s] DEBUG:colcon.colcon_core.shell:Skip shell extension 'dsv' for command environment
[0.883s] INFO:colcon.colcon_ros.task.ament_cmake.build:Building ROS package in '/home/user/hand_gesture_robot/turtlebot_ws/src/turtlebot3_simulations/turtlebot3_manipulation_gazebo' with build type 'ament_cmake'
[0.884s] INFO:colcon.colcon_cmake.task.cmake.build:Building CMake package in '/home/user/hand_gesture_robot/turtlebot_ws/src/turtlebot3_simulations/turtlebot3_manipulation_gazebo'
[0.884s] INFO:colcon.colcon_core.shell:Skip shell extension 'powershell' for command environment: Not usable outside of PowerShell
[0.884s] DEBUG:colcon.colcon_core.shell:Skip shell extension 'dsv' for command environment
[0.892s] DEBUG:colcon.colcon_core.event_handler.log_command:Invoking command in '/home/user/hand_gesture_robot/turtlebot_ws/build/turtlebot3_msgs': CMAKE_PREFIX_PATH=${CMAKE_PREFIX_PATH}:/opt/ros/humble /usr/bin/cmake --build /home/user/hand_gesture_robot/turtlebot_ws/build/turtlebot3_msgs -- -j16 -l16
[0.901s] DEBUG:colcon.colcon_core.event_handler.log_command:Invoking command in '/home/user/hand_gesture_robot/turtlebot_ws/build/turtlebot3_gazebo': CMAKE_PREFIX_PATH=${CMAKE_PREFIX_PATH}:/opt/ros/humble /usr/bin/cmake --build /home/user/hand_gesture_robot/turtlebot_ws/build/turtlebot3_gazebo -- -j16 -l16
[0.905s] DEBUG:colcon.colcon_core.event_handler.log_command:Invoking command in '/home/user/hand_gesture_robot/turtlebot_ws/build/turtlebot3_manipulation_gazebo': CMAKE_PREFIX_PATH=${CMAKE_PREFIX_PATH}:/opt/ros/humble /usr/bin/cmake --build /home/user/hand_gesture_robot/turtlebot_ws/build/turtlebot3_manipulation_gazebo -- -j16 -l16
[0.966s] DEBUG:colcon.colcon_core.event_handler.log_command:Invoked command in '/home/user/hand_gesture_robot/turtlebot_ws/build/turtlebot3_manipulation_gazebo' returned '0': CMAKE_PREFIX_PATH=${CMAKE_PREFIX_PATH}:/opt/ros/humble /usr/bin/cmake --build /home/user/hand_gesture_robot/turtlebot_ws/build/turtlebot3_manipulation_gazebo -- -j16 -l16
[0.977s] DEBUG:colcon.colcon_core.event_handler.log_command:Invoking command in '/home/user/hand_gesture_robot/turtlebot_ws/build/turtlebot3_manipulation_gazebo': CMAKE_PREFIX_PATH=${CMAKE_PREFIX_PATH}:/opt/ros/humble /usr/bin/cmake --install /home/user/hand_gesture_robot/turtlebot_ws/build/turtlebot3_manipulation_gazebo
[1.034s] DEBUG:colcon.colcon_core.event_handler.log_command:Invoked command in '/home/user/hand_gesture_robot/turtlebot_ws/build/turtlebot3_gazebo' returned '0': CMAKE_PREFIX_PATH=${CMAKE_PREFIX_PATH}:/opt/ros/humble /usr/bin/cmake --build /home/user/hand_gesture_robot/turtlebot_ws/build/turtlebot3_gazebo -- -j16 -l16
[1.037s] DEBUG:colcon.colcon_core.event_handler.log_command:Invoking command in '/home/user/hand_gesture_robot/turtlebot_ws/build/turtlebot3_gazebo': CMAKE_PREFIX_PATH=${CMAKE_PREFIX_PATH}:/opt/ros/humble /usr/bin/cmake --install /home/user/hand_gesture_robot/turtlebot_ws/build/turtlebot3_gazebo
[1.046s] Level 1:colcon.colcon_core.environment:create_environment_scripts_only(turtlebot3_manipulation_gazebo)
[1.047s] DEBUG:colcon.colcon_core.event_handler.log_command:Invoked command in '/home/user/hand_gesture_robot/turtlebot_ws/build/turtlebot3_manipulation_gazebo' returned '0': CMAKE_PREFIX_PATH=${CMAKE_PREFIX_PATH}:/opt/ros/humble /usr/bin/cmake --install /home/user/hand_gesture_robot/turtlebot_ws/build/turtlebot3_manipulation_gazebo
[1.059s] Level 1:colcon.colcon_core.environment:checking '/home/user/hand_gesture_robot/turtlebot_ws/install/turtlebot3_manipulation_gazebo' for CMake module files
[1.065s] Level 1:colcon.colcon_core.environment:checking '/home/user/hand_gesture_robot/turtlebot_ws/install/turtlebot3_manipulation_gazebo' for CMake config files
[1.088s] Level 1:colcon.colcon_core.shell:create_environment_hook('turtlebot3_manipulation_gazebo', 'cmake_prefix_path')
[1.088s] INFO:colcon.colcon_core.shell:Creating environment hook '/home/user/hand_gesture_robot/turtlebot_ws/install/turtlebot3_manipulation_gazebo/share/turtlebot3_manipulation_gazebo/hook/cmake_prefix_path.ps1'
[1.090s] INFO:colcon.colcon_core.shell:Creating environment descriptor '/home/user/hand_gesture_robot/turtlebot_ws/install/turtlebot3_manipulation_gazebo/share/turtlebot3_manipulation_gazebo/hook/cmake_prefix_path.dsv'
[1.093s] INFO:colcon.colcon_core.shell:Creating environment hook '/home/user/hand_gesture_robot/turtlebot_ws/install/turtlebot3_manipulation_gazebo/share/turtlebot3_manipulation_gazebo/hook/cmake_prefix_path.sh'
[1.095s] Level 1:colcon.colcon_core.environment:checking '/home/user/hand_gesture_robot/turtlebot_ws/install/turtlebot3_manipulation_gazebo/bin'
[1.096s] Level 1:colcon.colcon_core.environment:checking '/home/user/hand_gesture_robot/turtlebot_ws/install/turtlebot3_manipulation_gazebo/lib/pkgconfig/turtlebot3_manipulation_gazebo.pc'
[1.096s] Level 1:colcon.colcon_core.environment:checking '/home/user/hand_gesture_robot/turtlebot_ws/install/turtlebot3_manipulation_gazebo/lib/python3.10/site-packages'
[1.096s] Level 1:colcon.colcon_core.environment:checking '/home/user/hand_gesture_robot/turtlebot_ws/install/turtlebot3_manipulation_gazebo/bin'
[1.097s] INFO:colcon.colcon_core.shell:Creating package script '/home/user/hand_gesture_robot/turtlebot_ws/install/turtlebot3_manipulation_gazebo/share/turtlebot3_manipulation_gazebo/package.ps1'
[1.101s] INFO:colcon.colcon_core.shell:Creating package descriptor '/home/user/hand_gesture_robot/turtlebot_ws/install/turtlebot3_manipulation_gazebo/share/turtlebot3_manipulation_gazebo/package.dsv'
[1.103s] INFO:colcon.colcon_core.shell:Creating package script '/home/user/hand_gesture_robot/turtlebot_ws/install/turtlebot3_manipulation_gazebo/share/turtlebot3_manipulation_gazebo/package.sh'
[1.106s] INFO:colcon.colcon_core.shell:Creating package script '/home/user/hand_gesture_robot/turtlebot_ws/install/turtlebot3_manipulation_gazebo/share/turtlebot3_manipulation_gazebo/package.bash'
[1.107s] INFO:colcon.colcon_core.shell:Creating package script '/home/user/hand_gesture_robot/turtlebot_ws/install/turtlebot3_manipulation_gazebo/share/turtlebot3_manipulation_gazebo/package.zsh'
[1.107s] Level 1:colcon.colcon_core.environment:create_file_with_runtime_dependencies(/home/user/hand_gesture_robot/turtlebot_ws/install/turtlebot3_manipulation_gazebo/share/colcon-core/packages/turtlebot3_manipulation_gazebo)
[1.108s] Level 1:colcon.colcon_core.environment:create_environment_scripts_only(turtlebot3_manipulation_gazebo)
[1.108s] Level 1:colcon.colcon_core.environment:checking '/home/user/hand_gesture_robot/turtlebot_ws/install/turtlebot3_manipulation_gazebo' for CMake module files
[1.109s] Level 1:colcon.colcon_core.environment:checking '/home/user/hand_gesture_robot/turtlebot_ws/install/turtlebot3_manipulation_gazebo' for CMake config files
[1.110s] Level 1:colcon.colcon_core.shell:create_environment_hook('turtlebot3_manipulation_gazebo', 'cmake_prefix_path')
[1.111s] INFO:colcon.colcon_core.shell:Creating environment hook '/home/user/hand_gesture_robot/turtlebot_ws/install/turtlebot3_manipulation_gazebo/share/turtlebot3_manipulation_gazebo/hook/cmake_prefix_path.ps1'
[1.112s] INFO:colcon.colcon_core.shell:Creating environment descriptor '/home/user/hand_gesture_robot/turtlebot_ws/install/turtlebot3_manipulation_gazebo/share/turtlebot3_manipulation_gazebo/hook/cmake_prefix_path.dsv'
[1.113s] INFO:colcon.colcon_core.shell:Creating environment hook '/home/user/hand_gesture_robot/turtlebot_ws/install/turtlebot3_manipulation_gazebo/share/turtlebot3_manipulation_gazebo/hook/cmake_prefix_path.sh'
[1.115s] Level 1:colcon.colcon_core.environment:checking '/home/user/hand_gesture_robot/turtlebot_ws/install/turtlebot3_manipulation_gazebo/bin'
[1.115s] Level 1:colcon.colcon_core.environment:checking '/home/user/hand_gesture_robot/turtlebot_ws/install/turtlebot3_manipulation_gazebo/lib/pkgconfig/turtlebot3_manipulation_gazebo.pc'
[1.115s] Level 1:colcon.colcon_core.environment:checking '/home/user/hand_gesture_robot/turtlebot_ws/install/turtlebot3_manipulation_gazebo/lib/python3.10/site-packages'
[1.115s] Level 1:colcon.colcon_core.environment:checking '/home/user/hand_gesture_robot/turtlebot_ws/install/turtlebot3_manipulation_gazebo/bin'
[1.116s] INFO:colcon.colcon_core.shell:Creating package script '/home/user/hand_gesture_robot/turtlebot_ws/install/turtlebot3_manipulation_gazebo/share/turtlebot3_manipulation_gazebo/package.ps1'
[1.116s] INFO:colcon.colcon_core.shell:Creating package descriptor '/home/user/hand_gesture_robot/turtlebot_ws/install/turtlebot3_manipulation_gazebo/share/turtlebot3_manipulation_gazebo/package.dsv'
[1.117s] INFO:colcon.colcon_core.shell:Creating package script '/home/user/hand_gesture_robot/turtlebot_ws/install/turtlebot3_manipulation_gazebo/share/turtlebot3_manipulation_gazebo/package.sh'
[1.118s] INFO:colcon.colcon_core.shell:Creating package script '/home/user/hand_gesture_robot/turtlebot_ws/install/turtlebot3_manipulation_gazebo/share/turtlebot3_manipulation_gazebo/package.bash'
[1.118s] INFO:colcon.colcon_core.shell:Creating package script '/home/user/hand_gesture_robot/turtlebot_ws/install/turtlebot3_manipulation_gazebo/share/turtlebot3_manipulation_gazebo/package.zsh'
[1.119s] Level 1:colcon.colcon_core.environment:create_file_with_runtime_dependencies(/home/user/hand_gesture_robot/turtlebot_ws/install/turtlebot3_manipulation_gazebo/share/colcon-core/packages/turtlebot3_manipulation_gazebo)
[1.121s] Level 1:colcon.colcon_core.environment:create_environment_scripts_only(turtlebot3_gazebo)
[1.121s] Level 1:colcon.colcon_core.environment:checking '/home/user/hand_gesture_robot/turtlebot_ws/install/turtlebot3_gazebo' for CMake module files
[1.122s] DEBUG:colcon.colcon_core.event_handler.log_command:Invoked command in '/home/user/hand_gesture_robot/turtlebot_ws/build/turtlebot3_gazebo' returned '0': CMAKE_PREFIX_PATH=${CMAKE_PREFIX_PATH}:/opt/ros/humble /usr/bin/cmake --install /home/user/hand_gesture_robot/turtlebot_ws/build/turtlebot3_gazebo
[1.122s] Level 1:colcon.colcon_core.environment:checking '/home/user/hand_gesture_robot/turtlebot_ws/install/turtlebot3_gazebo' for CMake config files
[1.142s] Level 1:colcon.colcon_core.shell:create_environment_hook('turtlebot3_gazebo', 'cmake_prefix_path')
[1.142s] INFO:colcon.colcon_core.shell:Creating environment hook '/home/user/hand_gesture_robot/turtlebot_ws/install/turtlebot3_gazebo/share/turtlebot3_gazebo/hook/cmake_prefix_path.ps1'
[1.143s] INFO:colcon.colcon_core.shell:Creating environment descriptor '/home/user/hand_gesture_robot/turtlebot_ws/install/turtlebot3_gazebo/share/turtlebot3_gazebo/hook/cmake_prefix_path.dsv'
[1.143s] INFO:colcon.colcon_core.shell:Creating environment hook '/home/user/hand_gesture_robot/turtlebot_ws/install/turtlebot3_gazebo/share/turtlebot3_gazebo/hook/cmake_prefix_path.sh'
[1.144s] Level 1:colcon.colcon_core.environment:checking '/home/user/hand_gesture_robot/turtlebot_ws/install/turtlebot3_gazebo/lib'
[1.144s] Level 1:colcon.colcon_core.environment:checking '/home/user/hand_gesture_robot/turtlebot_ws/install/turtlebot3_gazebo/bin'
[1.144s] Level 1:colcon.colcon_core.environment:checking '/home/user/hand_gesture_robot/turtlebot_ws/install/turtlebot3_gazebo/lib/pkgconfig/turtlebot3_gazebo.pc'
[1.144s] Level 1:colcon.colcon_core.environment:checking '/home/user/hand_gesture_robot/turtlebot_ws/install/turtlebot3_gazebo/lib/python3.10/site-packages'
[1.144s] Level 1:colcon.colcon_core.environment:checking '/home/user/hand_gesture_robot/turtlebot_ws/install/turtlebot3_gazebo/bin'
[1.145s] INFO:colcon.colcon_core.shell:Creating package script '/home/user/hand_gesture_robot/turtlebot_ws/install/turtlebot3_gazebo/share/turtlebot3_gazebo/package.ps1'
[1.145s] INFO:colcon.colcon_core.shell:Creating package descriptor '/home/user/hand_gesture_robot/turtlebot_ws/install/turtlebot3_gazebo/share/turtlebot3_gazebo/package.dsv'
[1.145s] INFO:colcon.colcon_core.shell:Creating package script '/home/user/hand_gesture_robot/turtlebot_ws/install/turtlebot3_gazebo/share/turtlebot3_gazebo/package.sh'
[1.146s] INFO:colcon.colcon_core.shell:Creating package script '/home/user/hand_gesture_robot/turtlebot_ws/install/turtlebot3_gazebo/share/turtlebot3_gazebo/package.bash'
[1.146s] INFO:colcon.colcon_core.shell:Creating package script '/home/user/hand_gesture_robot/turtlebot_ws/install/turtlebot3_gazebo/share/turtlebot3_gazebo/package.zsh'
[1.146s] Level 1:colcon.colcon_core.environment:create_file_with_runtime_dependencies(/home/user/hand_gesture_robot/turtlebot_ws/install/turtlebot3_gazebo/share/colcon-core/packages/turtlebot3_gazebo)
[1.147s] Level 1:colcon.colcon_core.environment:create_environment_scripts_only(turtlebot3_gazebo)
[1.147s] Level 1:colcon.colcon_core.environment:checking '/home/user/hand_gesture_robot/turtlebot_ws/install/turtlebot3_gazebo' for CMake module files
[1.147s] Level 1:colcon.colcon_core.environment:checking '/home/user/hand_gesture_robot/turtlebot_ws/install/turtlebot3_gazebo' for CMake config files
[1.149s] Level 1:colcon.colcon_core.shell:create_environment_hook('turtlebot3_gazebo', 'cmake_prefix_path')
[1.149s] INFO:colcon.colcon_core.shell:Creating environment hook '/home/user/hand_gesture_robot/turtlebot_ws/install/turtlebot3_gazebo/share/turtlebot3_gazebo/hook/cmake_prefix_path.ps1'
[1.149s] INFO:colcon.colcon_core.shell:Creating environment descriptor '/home/user/hand_gesture_robot/turtlebot_ws/install/turtlebot3_gazebo/share/turtlebot3_gazebo/hook/cmake_prefix_path.dsv'
[1.150s] INFO:colcon.colcon_core.shell:Creating environment hook '/home/user/hand_gesture_robot/turtlebot_ws/install/turtlebot3_gazebo/share/turtlebot3_gazebo/hook/cmake_prefix_path.sh'
[1.150s] Level 1:colcon.colcon_core.environment:checking '/home/user/hand_gesture_robot/turtlebot_ws/install/turtlebot3_gazebo/lib'
[1.150s] Level 1:colcon.colcon_core.environment:checking '/home/user/hand_gesture_robot/turtlebot_ws/install/turtlebot3_gazebo/bin'
[1.150s] Level 1:colcon.colcon_core.environment:checking '/home/user/hand_gesture_robot/turtlebot_ws/install/turtlebot3_gazebo/lib/pkgconfig/turtlebot3_gazebo.pc'
[1.150s] Level 1:colcon.colcon_core.environment:checking '/home/user/hand_gesture_robot/turtlebot_ws/install/turtlebot3_gazebo/lib/python3.10/site-packages'
[1.150s] Level 1:colcon.colcon_core.environment:checking '/home/user/hand_gesture_robot/turtlebot_ws/install/turtlebot3_gazebo/bin'
[1.151s] INFO:colcon.colcon_core.shell:Creating package script '/home/user/hand_gesture_robot/turtlebot_ws/install/turtlebot3_gazebo/share/turtlebot3_gazebo/package.ps1'
[1.151s] INFO:colcon.colcon_core.shell:Creating package descriptor '/home/user/hand_gesture_robot/turtlebot_ws/install/turtlebot3_gazebo/share/turtlebot3_gazebo/package.dsv'
[1.151s] INFO:colcon.colcon_core.shell:Creating package script '/home/user/hand_gesture_robot/turtlebot_ws/install/turtlebot3_gazebo/share/turtlebot3_gazebo/package.sh'
[1.152s] INFO:colcon.colcon_core.shell:Creating package script '/home/user/hand_gesture_robot/turtlebot_ws/install/turtlebot3_gazebo/share/turtlebot3_gazebo/package.bash'
[1.152s] INFO:colcon.colcon_core.shell:Creating package script '/home/user/hand_gesture_robot/turtlebot_ws/install/turtlebot3_gazebo/share/turtlebot3_gazebo/package.zsh'
[1.152s] Level 1:colcon.colcon_core.environment:create_file_with_runtime_dependencies(/home/user/hand_gesture_robot/turtlebot_ws/install/turtlebot3_gazebo/share/colcon-core/packages/turtlebot3_gazebo)
[1.248s] DEBUG:colcon.colcon_core.event_handler.log_command:Invoked command in '/home/user/hand_gesture_robot/turtlebot_ws/build/turtlebot3_msgs' returned '0': CMAKE_PREFIX_PATH=${CMAKE_PREFIX_PATH}:/opt/ros/humble /usr/bin/cmake --build /home/user/hand_gesture_robot/turtlebot_ws/build/turtlebot3_msgs -- -j16 -l16
[1.251s] DEBUG:colcon.colcon_core.event_handler.log_command:Invoking command in '/home/user/hand_gesture_robot/turtlebot_ws/build/turtlebot3_msgs': CMAKE_PREFIX_PATH=${CMAKE_PREFIX_PATH}:/opt/ros/humble /usr/bin/cmake --install /home/user/hand_gesture_robot/turtlebot_ws/build/turtlebot3_msgs
[1.397s] Level 1:colcon.colcon_core.environment:create_environment_scripts_only(turtlebot3_msgs)
[1.398s] Level 1:colcon.colcon_core.environment:checking '/home/user/hand_gesture_robot/turtlebot_ws/install/turtlebot3_msgs' for CMake module files
[1.398s] DEBUG:colcon.colcon_core.event_handler.log_command:Invoked command in '/home/user/hand_gesture_robot/turtlebot_ws/build/turtlebot3_msgs' returned '0': CMAKE_PREFIX_PATH=${CMAKE_PREFIX_PATH}:/opt/ros/humble /usr/bin/cmake --install /home/user/hand_gesture_robot/turtlebot_ws/build/turtlebot3_msgs
[1.399s] Level 1:colcon.colcon_core.environment:checking '/home/user/hand_gesture_robot/turtlebot_ws/install/turtlebot3_msgs' for CMake config files
[1.408s] Level 1:colcon.colcon_core.shell:create_environment_hook('turtlebot3_msgs', 'cmake_prefix_path')
[1.408s] INFO:colcon.colcon_core.shell:Creating environment hook '/home/user/hand_gesture_robot/turtlebot_ws/install/turtlebot3_msgs/share/turtlebot3_msgs/hook/cmake_prefix_path.ps1'
[1.408s] INFO:colcon.colcon_core.shell:Creating environment descriptor '/home/user/hand_gesture_robot/turtlebot_ws/install/turtlebot3_msgs/share/turtlebot3_msgs/hook/cmake_prefix_path.dsv'
[1.409s] INFO:colcon.colcon_core.shell:Creating environment hook '/home/user/hand_gesture_robot/turtlebot_ws/install/turtlebot3_msgs/share/turtlebot3_msgs/hook/cmake_prefix_path.sh'
[1.409s] Level 1:colcon.colcon_core.environment:checking '/home/user/hand_gesture_robot/turtlebot_ws/install/turtlebot3_msgs/lib'
[1.409s] Level 1:colcon.colcon_core.shell:create_environment_hook('turtlebot3_msgs', 'ld_library_path_lib')
[1.410s] INFO:colcon.colcon_core.shell:Creating environment hook '/home/user/hand_gesture_robot/turtlebot_ws/install/turtlebot3_msgs/share/turtlebot3_msgs/hook/ld_library_path_lib.ps1'
[1.410s] INFO:colcon.colcon_core.shell:Creating environment descriptor '/home/user/hand_gesture_robot/turtlebot_ws/install/turtlebot3_msgs/share/turtlebot3_msgs/hook/ld_library_path_lib.dsv'
[1.410s] INFO:colcon.colcon_core.shell:Creating environment hook '/home/user/hand_gesture_robot/turtlebot_ws/install/turtlebot3_msgs/share/turtlebot3_msgs/hook/ld_library_path_lib.sh'
[1.411s] Level 1:colcon.colcon_core.environment:checking '/home/user/hand_gesture_robot/turtlebot_ws/install/turtlebot3_msgs/bin'
[1.411s] Level 1:colcon.colcon_core.environment:checking '/home/user/hand_gesture_robot/turtlebot_ws/install/turtlebot3_msgs/lib/pkgconfig/turtlebot3_msgs.pc'
[1.411s] Level 1:colcon.colcon_core.environment:checking '/home/user/hand_gesture_robot/turtlebot_ws/install/turtlebot3_msgs/lib/python3.10/site-packages'
[1.411s] Level 1:colcon.colcon_core.environment:checking '/home/user/hand_gesture_robot/turtlebot_ws/install/turtlebot3_msgs/bin'
[1.411s] INFO:colcon.colcon_core.shell:Creating package script '/home/user/hand_gesture_robot/turtlebot_ws/install/turtlebot3_msgs/share/turtlebot3_msgs/package.ps1'
[1.411s] INFO:colcon.colcon_core.shell:Creating package descriptor '/home/user/hand_gesture_robot/turtlebot_ws/install/turtlebot3_msgs/share/turtlebot3_msgs/package.dsv'
[1.412s] INFO:colcon.colcon_core.shell:Creating package script '/home/user/hand_gesture_robot/turtlebot_ws/install/turtlebot3_msgs/share/turtlebot3_msgs/package.sh'
[1.412s] INFO:colcon.colcon_core.shell:Creating package script '/home/user/hand_gesture_robot/turtlebot_ws/install/turtlebot3_msgs/share/turtlebot3_msgs/package.bash'
[1.412s] INFO:colcon.colcon_core.shell:Creating package script '/home/user/hand_gesture_robot/turtlebot_ws/install/turtlebot3_msgs/share/turtlebot3_msgs/package.zsh'
[1.413s] Level 1:colcon.colcon_core.environment:create_file_with_runtime_dependencies(/home/user/hand_gesture_robot/turtlebot_ws/install/turtlebot3_msgs/share/colcon-core/packages/turtlebot3_msgs)
[1.413s] Level 1:colcon.colcon_core.environment:create_environment_scripts_only(turtlebot3_msgs)
[1.413s] Level 1:colcon.colcon_core.environment:checking '/home/user/hand_gesture_robot/turtlebot_ws/install/turtlebot3_msgs' for CMake module files
[1.414s] Level 1:colcon.colcon_core.environment:checking '/home/user/hand_gesture_robot/turtlebot_ws/install/turtlebot3_msgs' for CMake config files
[1.415s] Level 1:colcon.colcon_core.shell:create_environment_hook('turtlebot3_msgs', 'cmake_prefix_path')
[1.415s] INFO:colcon.colcon_core.shell:Creating environment hook '/home/user/hand_gesture_robot/turtlebot_ws/install/turtlebot3_msgs/share/turtlebot3_msgs/hook/cmake_prefix_path.ps1'
[1.416s] INFO:colcon.colcon_core.shell:Creating environment descriptor '/home/user/hand_gesture_robot/turtlebot_ws/install/turtlebot3_msgs/share/turtlebot3_msgs/hook/cmake_prefix_path.dsv'
[1.416s] INFO:colcon.colcon_core.shell:Creating environment hook '/home/user/hand_gesture_robot/turtlebot_ws/install/turtlebot3_msgs/share/turtlebot3_msgs/hook/cmake_prefix_path.sh'
[1.416s] Level 1:colcon.colcon_core.environment:checking '/home/user/hand_gesture_robot/turtlebot_ws/install/turtlebot3_msgs/lib'
[1.416s] Level 1:colcon.colcon_core.shell:create_environment_hook('turtlebot3_msgs', 'ld_library_path_lib')
[1.416s] INFO:colcon.colcon_core.shell:Creating environment hook '/home/user/hand_gesture_robot/turtlebot_ws/install/turtlebot3_msgs/share/turtlebot3_msgs/hook/ld_library_path_lib.ps1'
[1.417s] INFO:colcon.colcon_core.shell:Creating environment descriptor '/home/user/hand_gesture_robot/turtlebot_ws/install/turtlebot3_msgs/share/turtlebot3_msgs/hook/ld_library_path_lib.dsv'
[1.417s] INFO:colcon.colcon_core.shell:Creating environment hook '/home/user/hand_gesture_robot/turtlebot_ws/install/turtlebot3_msgs/share/turtlebot3_msgs/hook/ld_library_path_lib.sh'
[1.417s] Level 1:colcon.colcon_core.environment:checking '/home/user/hand_gesture_robot/turtlebot_ws/install/turtlebot3_msgs/bin'
[1.417s] Level 1:colcon.colcon_core.environment:checking '/home/user/hand_gesture_robot/turtlebot_ws/install/turtlebot3_msgs/lib/pkgconfig/turtlebot3_msgs.pc'
[1.417s] Level 1:colcon.colcon_core.environment:checking '/home/user/hand_gesture_robot/turtlebot_ws/install/turtlebot3_msgs/lib/python3.10/site-packages'
[1.418s] Level 1:colcon.colcon_core.environment:checking '/home/user/hand_gesture_robot/turtlebot_ws/install/turtlebot3_msgs/bin'
[1.418s] INFO:colcon.colcon_core.shell:Creating package script '/home/user/hand_gesture_robot/turtlebot_ws/install/turtlebot3_msgs/share/turtlebot3_msgs/package.ps1'
[1.418s] INFO:colcon.colcon_core.shell:Creating package descriptor '/home/user/hand_gesture_robot/turtlebot_ws/install/turtlebot3_msgs/share/turtlebot3_msgs/package.dsv'
[1.418s] INFO:colcon.colcon_core.shell:Creating package script '/home/user/hand_gesture_robot/turtlebot_ws/install/turtlebot3_msgs/share/turtlebot3_msgs/package.sh'
[1.419s] INFO:colcon.colcon_core.shell:Creating package script '/home/user/hand_gesture_robot/turtlebot_ws/install/turtlebot3_msgs/share/turtlebot3_msgs/package.bash'
[1.419s] INFO:colcon.colcon_core.shell:Creating package script '/home/user/hand_gesture_robot/turtlebot_ws/install/turtlebot3_msgs/share/turtlebot3_msgs/package.zsh'
[1.419s] Level 1:colcon.colcon_core.environment:create_file_with_runtime_dependencies(/home/user/hand_gesture_robot/turtlebot_ws/install/turtlebot3_msgs/share/colcon-core/packages/turtlebot3_msgs)
[1.420s] INFO:colcon.colcon_ros.task.ament_cmake.build:Building ROS package in '/home/user/hand_gesture_robot/turtlebot_ws/src/turtlebot3_simulations/turtlebot3_fake_node' with build type 'ament_cmake'
[1.420s] INFO:colcon.colcon_cmake.task.cmake.build:Building CMake package in '/home/user/hand_gesture_robot/turtlebot_ws/src/turtlebot3_simulations/turtlebot3_fake_node'
[1.420s] INFO:colcon.colcon_core.shell:Skip shell extension 'powershell' for command environment: Not usable outside of PowerShell
[1.420s] DEBUG:colcon.colcon_core.shell:Skip shell extension 'dsv' for command environment
[1.630s] DEBUG:colcon.colcon_core.event_handler.log_command:Invoking command in '/home/user/hand_gesture_robot/turtlebot_ws/build/turtlebot3_fake_node': CMAKE_PREFIX_PATH=/home/user/hand_gesture_robot/turtlebot_ws/install/turtlebot3_msgs:/home/user/hand_gesture_robot/turtlebot_ws/install/turtlebot3_simulations:/home/user/hand_gesture_robot/turtlebot_ws/install/turtlebot3_fake_node:/home/user/hand_gesture_robot/turtlebot_ws/install/turtlebot3_manipulation_gazebo:/home/user/hand_gesture_robot/turtlebot_ws/install/turtlebot3_gazebo:/opt/ros/humble /usr/bin/cmake --build /home/user/hand_gesture_robot/turtlebot_ws/build/turtlebot3_fake_node -- -j16 -l16
[1.687s] DEBUG:colcon.colcon_core.event_handler.log_command:Invoked command in '/home/user/hand_gesture_robot/turtlebot_ws/build/turtlebot3_fake_node' returned '0': CMAKE_PREFIX_PATH=/home/user/hand_gesture_robot/turtlebot_ws/install/turtlebot3_msgs:/home/user/hand_gesture_robot/turtlebot_ws/install/turtlebot3_simulations:/home/user/hand_gesture_robot/turtlebot_ws/install/turtlebot3_fake_node:/home/user/hand_gesture_robot/turtlebot_ws/install/turtlebot3_manipulation_gazebo:/home/user/hand_gesture_robot/turtlebot_ws/install/turtlebot3_gazebo:/opt/ros/humble /usr/bin/cmake --build /home/user/hand_gesture_robot/turtlebot_ws/build/turtlebot3_fake_node -- -j16 -l16
[1.690s] DEBUG:colcon.colcon_core.event_handler.log_command:Invoking command in '/home/user/hand_gesture_robot/turtlebot_ws/build/turtlebot3_fake_node': CMAKE_PREFIX_PATH=/home/user/hand_gesture_robot/turtlebot_ws/install/turtlebot3_msgs:/home/user/hand_gesture_robot/turtlebot_ws/install/turtlebot3_simulations:/home/user/hand_gesture_robot/turtlebot_ws/install/turtlebot3_fake_node:/home/user/hand_gesture_robot/turtlebot_ws/install/turtlebot3_manipulation_gazebo:/home/user/hand_gesture_robot/turtlebot_ws/install/turtlebot3_gazebo:/opt/ros/humble /usr/bin/cmake --install /home/user/hand_gesture_robot/turtlebot_ws/build/turtlebot3_fake_node
[1.714s] Level 1:colcon.colcon_core.environment:create_environment_scripts_only(turtlebot3_fake_node)
[1.714s] Level 1:colcon.colcon_core.environment:checking '/home/user/hand_gesture_robot/turtlebot_ws/install/turtlebot3_fake_node' for CMake module files
[1.715s] DEBUG:colcon.colcon_core.event_handler.log_command:Invoked command in '/home/user/hand_gesture_robot/turtlebot_ws/build/turtlebot3_fake_node' returned '0': CMAKE_PREFIX_PATH=/home/user/hand_gesture_robot/turtlebot_ws/install/turtlebot3_msgs:/home/user/hand_gesture_robot/turtlebot_ws/install/turtlebot3_simulations:/home/user/hand_gesture_robot/turtlebot_ws/install/turtlebot3_fake_node:/home/user/hand_gesture_robot/turtlebot_ws/install/turtlebot3_manipulation_gazebo:/home/user/hand_gesture_robot/turtlebot_ws/install/turtlebot3_gazebo:/opt/ros/humble /usr/bin/cmake --install /home/user/hand_gesture_robot/turtlebot_ws/build/turtlebot3_fake_node
[1.716s] Level 1:colcon.colcon_core.environment:checking '/home/user/hand_gesture_robot/turtlebot_ws/install/turtlebot3_fake_node' for CMake config files
[1.718s] Level 1:colcon.colcon_core.shell:create_environment_hook('turtlebot3_fake_node', 'cmake_prefix_path')
[1.718s] INFO:colcon.colcon_core.shell:Creating environment hook '/home/user/hand_gesture_robot/turtlebot_ws/install/turtlebot3_fake_node/share/turtlebot3_fake_node/hook/cmake_prefix_path.ps1'
[1.719s] INFO:colcon.colcon_core.shell:Creating environment descriptor '/home/user/hand_gesture_robot/turtlebot_ws/install/turtlebot3_fake_node/share/turtlebot3_fake_node/hook/cmake_prefix_path.dsv'
[1.719s] INFO:colcon.colcon_core.shell:Creating environment hook '/home/user/hand_gesture_robot/turtlebot_ws/install/turtlebot3_fake_node/share/turtlebot3_fake_node/hook/cmake_prefix_path.sh'
[1.719s] Level 1:colcon.colcon_core.environment:checking '/home/user/hand_gesture_robot/turtlebot_ws/install/turtlebot3_fake_node/lib'
[1.720s] Level 1:colcon.colcon_core.environment:checking '/home/user/hand_gesture_robot/turtlebot_ws/install/turtlebot3_fake_node/bin'
[1.720s] Level 1:colcon.colcon_core.environment:checking '/home/user/hand_gesture_robot/turtlebot_ws/install/turtlebot3_fake_node/lib/pkgconfig/turtlebot3_fake_node.pc'
[1.720s] Level 1:colcon.colcon_core.environment:checking '/home/user/hand_gesture_robot/turtlebot_ws/install/turtlebot3_fake_node/lib/python3.10/site-packages'
[1.720s] Level 1:colcon.colcon_core.environment:checking '/home/user/hand_gesture_robot/turtlebot_ws/install/turtlebot3_fake_node/bin'
[1.721s] INFO:colcon.colcon_core.shell:Creating package script '/home/user/hand_gesture_robot/turtlebot_ws/install/turtlebot3_fake_node/share/turtlebot3_fake_node/package.ps1'
[1.721s] INFO:colcon.colcon_core.shell:Creating package descriptor '/home/user/hand_gesture_robot/turtlebot_ws/install/turtlebot3_fake_node/share/turtlebot3_fake_node/package.dsv'
[1.721s] INFO:colcon.colcon_core.shell:Creating package script '/home/user/hand_gesture_robot/turtlebot_ws/install/turtlebot3_fake_node/share/turtlebot3_fake_node/package.sh'
[1.721s] INFO:colcon.colcon_core.shell:Creating package script '/home/user/hand_gesture_robot/turtlebot_ws/install/turtlebot3_fake_node/share/turtlebot3_fake_node/package.bash'
[1.722s] INFO:colcon.colcon_core.shell:Creating package script '/home/user/hand_gesture_robot/turtlebot_ws/install/turtlebot3_fake_node/share/turtlebot3_fake_node/package.zsh'
[1.723s] Level 1:colcon.colcon_core.environment:create_file_with_runtime_dependencies(/home/user/hand_gesture_robot/turtlebot_ws/install/turtlebot3_fake_node/share/colcon-core/packages/turtlebot3_fake_node)
[1.723s] Level 1:colcon.colcon_core.environment:create_environment_scripts_only(turtlebot3_fake_node)
[1.723s] Level 1:colcon.colcon_core.environment:checking '/home/user/hand_gesture_robot/turtlebot_ws/install/turtlebot3_fake_node' for CMake module files
[1.724s] Level 1:colcon.colcon_core.environment:checking '/home/user/hand_gesture_robot/turtlebot_ws/install/turtlebot3_fake_node' for CMake config files
[1.724s] Level 1:colcon.colcon_core.shell:create_environment_hook('turtlebot3_fake_node', 'cmake_prefix_path')
[1.724s] INFO:colcon.colcon_core.shell:Creating environment hook '/home/user/hand_gesture_robot/turtlebot_ws/install/turtlebot3_fake_node/share/turtlebot3_fake_node/hook/cmake_prefix_path.ps1'
[1.724s] INFO:colcon.colcon_core.shell:Creating environment descriptor '/home/user/hand_gesture_robot/turtlebot_ws/install/turtlebot3_fake_node/share/turtlebot3_fake_node/hook/cmake_prefix_path.dsv'
[1.725s] INFO:colcon.colcon_core.shell:Creating environment hook '/home/user/hand_gesture_robot/turtlebot_ws/install/turtlebot3_fake_node/share/turtlebot3_fake_node/hook/cmake_prefix_path.sh'
[1.725s] Level 1:colcon.colcon_core.environment:checking '/home/user/hand_gesture_robot/turtlebot_ws/install/turtlebot3_fake_node/lib'
[1.725s] Level 1:colcon.colcon_core.environment:checking '/home/user/hand_gesture_robot/turtlebot_ws/install/turtlebot3_fake_node/bin'
[1.725s] Level 1:colcon.colcon_core.environment:checking '/home/user/hand_gesture_robot/turtlebot_ws/install/turtlebot3_fake_node/lib/pkgconfig/turtlebot3_fake_node.pc'
[1.725s] Level 1:colcon.colcon_core.environment:checking '/home/user/hand_gesture_robot/turtlebot_ws/install/turtlebot3_fake_node/lib/python3.10/site-packages'
[1.725s] Level 1:colcon.colcon_core.environment:checking '/home/user/hand_gesture_robot/turtlebot_ws/install/turtlebot3_fake_node/bin'
[1.726s] INFO:colcon.colcon_core.shell:Creating package script '/home/user/hand_gesture_robot/turtlebot_ws/install/turtlebot3_fake_node/share/turtlebot3_fake_node/package.ps1'
[1.726s] INFO:colcon.colcon_core.shell:Creating package descriptor '/home/user/hand_gesture_robot/turtlebot_ws/install/turtlebot3_fake_node/share/turtlebot3_fake_node/package.dsv'
[1.727s] INFO:colcon.colcon_core.shell:Creating package script '/home/user/hand_gesture_robot/turtlebot_ws/install/turtlebot3_fake_node/share/turtlebot3_fake_node/package.sh'
[1.727s] INFO:colcon.colcon_core.shell:Creating package script '/home/user/hand_gesture_robot/turtlebot_ws/install/turtlebot3_fake_node/share/turtlebot3_fake_node/package.bash'
[1.728s] INFO:colcon.colcon_core.shell:Creating package script '/home/user/hand_gesture_robot/turtlebot_ws/install/turtlebot3_fake_node/share/turtlebot3_fake_node/package.zsh'
[1.728s] Level 1:colcon.colcon_core.environment:create_file_with_runtime_dependencies(/home/user/hand_gesture_robot/turtlebot_ws/install/turtlebot3_fake_node/share/colcon-core/packages/turtlebot3_fake_node)
[1.728s] INFO:colcon.colcon_ros.task.ament_cmake.build:Building ROS package in '/home/user/hand_gesture_robot/turtlebot_ws/src/turtlebot3_simulations/turtlebot3_simulations' with build type 'ament_cmake'
[1.728s] INFO:colcon.colcon_cmake.task.cmake.build:Building CMake package in '/home/user/hand_gesture_robot/turtlebot_ws/src/turtlebot3_simulations/turtlebot3_simulations'
[1.729s] INFO:colcon.colcon_core.shell:Skip shell extension 'powershell' for command environment: Not usable outside of PowerShell
[1.729s] DEBUG:colcon.colcon_core.shell:Skip shell extension 'dsv' for command environment
[2.229s] DEBUG:colcon.colcon_core.event_handler.log_command:Invoking command in '/home/user/hand_gesture_robot/turtlebot_ws/build/turtlebot3_simulations': CMAKE_PREFIX_PATH=/home/user/hand_gesture_robot/turtlebot_ws/install/turtlebot3_fake_node:/home/user/hand_gesture_robot/turtlebot_ws/install/turtlebot3_msgs:/home/user/hand_gesture_robot/turtlebot_ws/install/turtlebot3_manipulation_gazebo:/home/user/hand_gesture_robot/turtlebot_ws/install/turtlebot3_gazebo:/home/user/hand_gesture_robot/turtlebot_ws/install/turtlebot3_simulations:/opt/ros/humble /usr/bin/cmake --build /home/user/hand_gesture_robot/turtlebot_ws/build/turtlebot3_simulations -- -j16 -l16
[2.256s] DEBUG:colcon.colcon_core.event_handler.log_command:Invoked command in '/home/user/hand_gesture_robot/turtlebot_ws/build/turtlebot3_simulations' returned '0': CMAKE_PREFIX_PATH=/home/user/hand_gesture_robot/turtlebot_ws/install/turtlebot3_fake_node:/home/user/hand_gesture_robot/turtlebot_ws/install/turtlebot3_msgs:/home/user/hand_gesture_robot/turtlebot_ws/install/turtlebot3_manipulation_gazebo:/home/user/hand_gesture_robot/turtlebot_ws/install/turtlebot3_gazebo:/home/user/hand_gesture_robot/turtlebot_ws/install/turtlebot3_simulations:/opt/ros/humble /usr/bin/cmake --build /home/user/hand_gesture_robot/turtlebot_ws/build/turtlebot3_simulations -- -j16 -l16
[2.259s] DEBUG:colcon.colcon_core.event_handler.log_command:Invoking command in '/home/user/hand_gesture_robot/turtlebot_ws/build/turtlebot3_simulations': CMAKE_PREFIX_PATH=/home/user/hand_gesture_robot/turtlebot_ws/install/turtlebot3_fake_node:/home/user/hand_gesture_robot/turtlebot_ws/install/turtlebot3_msgs:/home/user/hand_gesture_robot/turtlebot_ws/install/turtlebot3_manipulation_gazebo:/home/user/hand_gesture_robot/turtlebot_ws/install/turtlebot3_gazebo:/home/user/hand_gesture_robot/turtlebot_ws/install/turtlebot3_simulations:/opt/ros/humble /usr/bin/cmake --install /home/user/hand_gesture_robot/turtlebot_ws/build/turtlebot3_simulations
[2.278s] Level 1:colcon.colcon_core.environment:create_environment_scripts_only(turtlebot3_simulations)
[2.279s] DEBUG:colcon.colcon_core.event_handler.log_command:Invoked command in '/home/user/hand_gesture_robot/turtlebot_ws/build/turtlebot3_simulations' returned '0': CMAKE_PREFIX_PATH=/home/user/hand_gesture_robot/turtlebot_ws/install/turtlebot3_fake_node:/home/user/hand_gesture_robot/turtlebot_ws/install/turtlebot3_msgs:/home/user/hand_gesture_robot/turtlebot_ws/install/turtlebot3_manipulation_gazebo:/home/user/hand_gesture_robot/turtlebot_ws/install/turtlebot3_gazebo:/home/user/hand_gesture_robot/turtlebot_ws/install/turtlebot3_simulations:/opt/ros/humble /usr/bin/cmake --install /home/user/hand_gesture_robot/turtlebot_ws/build/turtlebot3_simulations
[2.279s] Level 1:colcon.colcon_core.environment:checking '/home/user/hand_gesture_robot/turtlebot_ws/install/turtlebot3_simulations' for CMake module files
[2.280s] Level 1:colcon.colcon_core.environment:checking '/home/user/hand_gesture_robot/turtlebot_ws/install/turtlebot3_simulations' for CMake config files
[2.281s] Level 1:colcon.colcon_core.shell:create_environment_hook('turtlebot3_simulations', 'cmake_prefix_path')
[2.281s] INFO:colcon.colcon_core.shell:Creating environment hook '/home/user/hand_gesture_robot/turtlebot_ws/install/turtlebot3_simulations/share/turtlebot3_simulations/hook/cmake_prefix_path.ps1'
[2.281s] INFO:colcon.colcon_core.shell:Creating environment descriptor '/home/user/hand_gesture_robot/turtlebot_ws/install/turtlebot3_simulations/share/turtlebot3_simulations/hook/cmake_prefix_path.dsv'
[2.282s] INFO:colcon.colcon_core.shell:Creating environment hook '/home/user/hand_gesture_robot/turtlebot_ws/install/turtlebot3_simulations/share/turtlebot3_simulations/hook/cmake_prefix_path.sh'
[2.282s] Level 1:colcon.colcon_core.environment:checking '/home/user/hand_gesture_robot/turtlebot_ws/install/turtlebot3_simulations/bin'
[2.282s] Level 1:colcon.colcon_core.environment:checking '/home/user/hand_gesture_robot/turtlebot_ws/install/turtlebot3_simulations/lib/pkgconfig/turtlebot3_simulations.pc'
[2.282s] Level 1:colcon.colcon_core.environment:checking '/home/user/hand_gesture_robot/turtlebot_ws/install/turtlebot3_simulations/lib/python3.10/site-packages'
[2.282s] Level 1:colcon.colcon_core.environment:checking '/home/user/hand_gesture_robot/turtlebot_ws/install/turtlebot3_simulations/bin'
[2.283s] INFO:colcon.colcon_core.shell:Creating package script '/home/user/hand_gesture_robot/turtlebot_ws/install/turtlebot3_simulations/share/turtlebot3_simulations/package.ps1'
[2.283s] INFO:colcon.colcon_core.shell:Creating package descriptor '/home/user/hand_gesture_robot/turtlebot_ws/install/turtlebot3_simulations/share/turtlebot3_simulations/package.dsv'
[2.283s] INFO:colcon.colcon_core.shell:Creating package script '/home/user/hand_gesture_robot/turtlebot_ws/install/turtlebot3_simulations/share/turtlebot3_simulations/package.sh'
[2.284s] INFO:colcon.colcon_core.shell:Creating package script '/home/user/hand_gesture_robot/turtlebot_ws/install/turtlebot3_simulations/share/turtlebot3_simulations/package.bash'
[2.284s] INFO:colcon.colcon_core.shell:Creating package script '/home/user/hand_gesture_robot/turtlebot_ws/install/turtlebot3_simulations/share/turtlebot3_simulations/package.zsh'
[2.284s] Level 1:colcon.colcon_core.environment:create_file_with_runtime_dependencies(/home/user/hand_gesture_robot/turtlebot_ws/install/turtlebot3_simulations/share/colcon-core/packages/turtlebot3_simulations)
[2.285s] Level 1:colcon.colcon_core.environment:create_environment_scripts_only(turtlebot3_simulations)
[2.285s] Level 1:colcon.colcon_core.environment:checking '/home/user/hand_gesture_robot/turtlebot_ws/install/turtlebot3_simulations' for CMake module files
[2.285s] Level 1:colcon.colcon_core.environment:checking '/home/user/hand_gesture_robot/turtlebot_ws/install/turtlebot3_simulations' for CMake config files
[2.285s] Level 1:colcon.colcon_core.shell:create_environment_hook('turtlebot3_simulations', 'cmake_prefix_path')
[2.285s] INFO:colcon.colcon_core.shell:Creating environment hook '/home/user/hand_gesture_robot/turtlebot_ws/install/turtlebot3_simulations/share/turtlebot3_simulations/hook/cmake_prefix_path.ps1'
[2.286s] INFO:colcon.colcon_core.shell:Creating environment descriptor '/home/user/hand_gesture_robot/turtlebot_ws/install/turtlebot3_simulations/share/turtlebot3_simulations/hook/cmake_prefix_path.dsv'
[2.286s] INFO:colcon.colcon_core.shell:Creating environment hook '/home/user/hand_gesture_robot/turtlebot_ws/install/turtlebot3_simulations/share/turtlebot3_simulations/hook/cmake_prefix_path.sh'
[2.286s] Level 1:colcon.colcon_core.environment:checking '/home/user/hand_gesture_robot/turtlebot_ws/install/turtlebot3_simulations/bin'
[2.286s] Level 1:colcon.colcon_core.environment:checking '/home/user/hand_gesture_robot/turtlebot_ws/install/turtlebot3_simulations/lib/pkgconfig/turtlebot3_simulations.pc'
[2.287s] Level 1:colcon.colcon_core.environment:checking '/home/user/hand_gesture_robot/turtlebot_ws/install/turtlebot3_simulations/lib/python3.10/site-packages'
[2.287s] Level 1:colcon.colcon_core.environment:checking '/home/user/hand_gesture_robot/turtlebot_ws/install/turtlebot3_simulations/bin'
[2.287s] INFO:colcon.colcon_core.shell:Creating package script '/home/user/hand_gesture_robot/turtlebot_ws/install/turtlebot3_simulations/share/turtlebot3_simulations/package.ps1'
[2.287s] INFO:colcon.colcon_core.shell:Creating package descriptor '/home/user/hand_gesture_robot/turtlebot_ws/install/turtlebot3_simulations/share/turtlebot3_simulations/package.dsv'
[2.287s] INFO:colcon.colcon_core.shell:Creating package script '/home/user/hand_gesture_robot/turtlebot_ws/install/turtlebot3_simulations/share/turtlebot3_simulations/package.sh'
[2.288s] INFO:colcon.colcon_core.shell:Creating package script '/home/user/hand_gesture_robot/turtlebot_ws/install/turtlebot3_simulations/share/turtlebot3_simulations/package.bash'
[2.288s] INFO:colcon.colcon_core.shell:Creating package script '/home/user/hand_gesture_robot/turtlebot_ws/install/turtlebot3_simulations/share/turtlebot3_simulations/package.zsh'
[2.288s] Level 1:colcon.colcon_core.environment:create_file_with_runtime_dependencies(/home/user/hand_gesture_robot/turtlebot_ws/install/turtlebot3_simulations/share/colcon-core/packages/turtlebot3_simulations)
[2.289s] DEBUG:colcon.colcon_parallel_executor.executor.parallel:closing loop
[2.289s] DEBUG:colcon.colcon_parallel_executor.executor.parallel:loop closed
[2.290s] DEBUG:colcon.colcon_parallel_executor.executor.parallel:run_until_complete finished with '0'
[2.290s] DEBUG:colcon.colcon_core.event_reactor:joining thread
[2.380s] INFO:colcon.colcon_core.plugin_system:Skipping extension 'colcon_notification.desktop_notification.notify_send': Could not find 'notify-send'
[2.380s] INFO:colcon.colcon_core.plugin_system:Skipping extension 'colcon_notification.desktop_notification.terminal_notifier': Not used on non-Darwin systems
[2.380s] INFO:colcon.colcon_core.plugin_system:Skipping extension 'colcon_notification.desktop_notification.win32': Not used on non-Windows systems
[2.380s] INFO:colcon.colcon_notification.desktop_notification:Sending desktop notification using 'notify2'
[2.380s] DEBUG:colcon.colcon_notification.desktop_notification.notify2:Failed to initialize notify2: org.freedesktop.DBus.Error.FileNotFound: Failed to connect to socket /run/user/1000/bus: No such file or directory
[2.380s] DEBUG:colcon.colcon_core.event_reactor:joined thread
[2.381s] INFO:colcon.colcon_core.shell:Creating prefix script '/home/user/hand_gesture_robot/turtlebot_ws/install/local_setup.ps1'
[2.382s] INFO:colcon.colcon_core.shell:Creating prefix util module '/home/user/hand_gesture_robot/turtlebot_ws/install/_local_setup_util_ps1.py'
[2.384s] INFO:colcon.colcon_core.shell:Creating prefix chain script '/home/user/hand_gesture_robot/turtlebot_ws/install/setup.ps1'
[2.385s] INFO:colcon.colcon_core.shell:Creating prefix script '/home/user/hand_gesture_robot/turtlebot_ws/install/local_setup.sh'
[2.385s] INFO:colcon.colcon_core.shell:Creating prefix util module '/home/user/hand_gesture_robot/turtlebot_ws/install/_local_setup_util_sh.py'
[2.386s] INFO:colcon.colcon_core.shell:Creating prefix chain script '/home/user/hand_gesture_robot/turtlebot_ws/install/setup.sh'
[2.387s] INFO:colcon.colcon_core.shell:Creating prefix script '/home/user/hand_gesture_robot/turtlebot_ws/install/local_setup.bash'
[2.388s] INFO:colcon.colcon_core.shell:Creating prefix chain script '/home/user/hand_gesture_robot/turtlebot_ws/install/setup.bash'
[2.389s] INFO:colcon.colcon_core.shell:Creating prefix script '/home/user/hand_gesture_robot/turtlebot_ws/install/local_setup.zsh'
[2.389s] INFO:colcon.colcon_core.shell:Creating prefix chain script '/home/user/hand_gesture_robot/turtlebot_ws/install/setup.zsh'
