[0.019s] Invoking command in '/home/user/hand_gesture_robot/turtlebot_ws/build/turtlebot3_gazebo': CMAKE_PREFIX_PATH=/opt/ros/humble /usr/bin/cmake --build /home/user/hand_gesture_robot/turtlebot_ws/build/turtlebot3_gazebo -- -j16 -l16
[0.074s] [ 16%] [32mBuilding CXX object CMakeFiles/obstacle1.dir/src/obstacle1.cpp.o[0m
[0.075s] [ 25%] [32mBuilding CXX object CMakeFiles/traffic_light_plugin.dir/src/traffic_light_plugin.cpp.o[0m
[0.075s] [ 25%] [32mBuilding CXX object CMakeFiles/turtlebot3_drive.dir/src/turtlebot3_drive.cpp.o[0m
[0.076s] [ 41%] [32mBuilding CXX object CMakeFiles/traffic_bar_plugin.dir/src/traffic_bar_plugin.cpp.o[0m
[0.077s] [ 41%] [32mBuilding CXX object CMakeFiles/obstacles.dir/src/obstacles.cpp.o[0m
[0.078s] [ 50%] [32mBuilding CXX object CMakeFiles/obstacle2.dir/src/obstacle2.cpp.o[0m
[14.318s] [ 58%] [32m[1mLinking CXX executable turtlebot3_drive[0m
[15.423s] [ 58%] Built target turtlebot3_drive
[15.828s] [ 66%] [32m[1mLinking CXX shared library libobstacles.so[0m
[15.843s] [ 75%] [32m[1mLinking CXX shared library libtraffic_bar_plugin.so[0m
[15.930s] [ 83%] [32m[1mLinking CXX shared library libobstacle2.so[0m
[16.048s] [ 91%] [32m[1mLinking CXX shared library libtraffic_light_plugin.so[0m
[16.154s] [100%] [32m[1mLinking CXX shared library libobstacle1.so[0m
[16.468s] [100%] Built target traffic_bar_plugin
[16.468s] [100%] Built target obstacle2
[16.481s] [100%] Built target obstacles
[16.594s] [100%] Built target traffic_light_plugin
[16.658s] [100%] Built target obstacle1
[16.667s] Invoked command in '/home/user/hand_gesture_robot/turtlebot_ws/build/turtlebot3_gazebo' returned '0': CMAKE_PREFIX_PATH=/opt/ros/humble /usr/bin/cmake --build /home/user/hand_gesture_robot/turtlebot_ws/build/turtlebot3_gazebo -- -j16 -l16
[16.669s] Invoking command in '/home/user/hand_gesture_robot/turtlebot_ws/build/turtlebot3_gazebo': CMAKE_PREFIX_PATH=/opt/ros/humble /usr/bin/cmake --install /home/user/hand_gesture_robot/turtlebot_ws/build/turtlebot3_gazebo
[16.675s] -- Install configuration: ""
[16.676s] -- Execute custom install script
[16.677s] -- Symlinking: /home/user/hand_gesture_robot/turtlebot_ws/install/turtlebot3_gazebo/lib/turtlebot3_gazebo/turtlebot3_drive
[16.685s] -- Symlinking: /home/user/hand_gesture_robot/turtlebot_ws/install/turtlebot3_gazebo/share/turtlebot3_gazebo//launch/empty_world.launch.py
[16.691s] -- Symlinking: /home/user/hand_gesture_robot/turtlebot_ws/install/turtlebot3_gazebo/share/turtlebot3_gazebo//launch/multi_robot.launch.py
[16.697s] -- Symlinking: /home/user/hand_gesture_robot/turtlebot_ws/install/turtlebot3_gazebo/share/turtlebot3_gazebo//launch/multi_spawn_turtlebot3.launch.py
[16.704s] -- Symlinking: /home/user/hand_gesture_robot/turtlebot_ws/install/turtlebot3_gazebo/share/turtlebot3_gazebo//launch/robot_state_publisher.launch.py
[16.710s] -- Symlinking: /home/user/hand_gesture_robot/turtlebot_ws/install/turtlebot3_gazebo/share/turtlebot3_gazebo//launch/spawn_turtlebot3.launch.py
[16.717s] -- Symlinking: /home/user/hand_gesture_robot/turtlebot_ws/install/turtlebot3_gazebo/share/turtlebot3_gazebo//launch/turtlebot3_autorace_2020.launch.py
[16.724s] -- Symlinking: /home/user/hand_gesture_robot/turtlebot_ws/install/turtlebot3_gazebo/share/turtlebot3_gazebo//launch/turtlebot3_dqn_stage1.launch.py
[16.730s] -- Symlinking: /home/user/hand_gesture_robot/turtlebot_ws/install/turtlebot3_gazebo/share/turtlebot3_gazebo//launch/turtlebot3_dqn_stage2.launch.py
[16.736s] -- Symlinking: /home/user/hand_gesture_robot/turtlebot_ws/install/turtlebot3_gazebo/share/turtlebot3_gazebo//launch/turtlebot3_dqn_stage3.launch.py
[16.743s] -- Symlinking: /home/user/hand_gesture_robot/turtlebot_ws/install/turtlebot3_gazebo/share/turtlebot3_gazebo//launch/turtlebot3_dqn_stage4.launch.py
[16.750s] -- Symlinking: /home/user/hand_gesture_robot/turtlebot_ws/install/turtlebot3_gazebo/share/turtlebot3_gazebo//launch/turtlebot3_house.launch.py
[16.757s] -- Symlinking: /home/user/hand_gesture_robot/turtlebot_ws/install/turtlebot3_gazebo/share/turtlebot3_gazebo//launch/turtlebot3_world.launch.py
[16.785s] -- Symlinking: /home/user/hand_gesture_robot/turtlebot_ws/install/turtlebot3_gazebo/share/turtlebot3_gazebo//models/turtlebot3_autorace_2020/checker/materials/checker.png
[16.794s] -- Symlinking: /home/user/hand_gesture_robot/turtlebot_ws/install/turtlebot3_gazebo/share/turtlebot3_gazebo//models/turtlebot3_autorace_2020/checker/materials/scripts/checker.material
[16.804s] -- Symlinking: /home/user/hand_gesture_robot/turtlebot_ws/install/turtlebot3_gazebo/share/turtlebot3_gazebo//models/turtlebot3_autorace_2020/checker/materials/textures/checker.png
[16.813s] -- Symlinking: /home/user/hand_gesture_robot/turtlebot_ws/install/turtlebot3_gazebo/share/turtlebot3_gazebo//models/turtlebot3_autorace_2020/checker/model.config
[16.822s] -- Symlinking: /home/user/hand_gesture_robot/turtlebot_ws/install/turtlebot3_gazebo/share/turtlebot3_gazebo//models/turtlebot3_autorace_2020/checker/model.sdf
[16.831s] -- Symlinking: /home/user/hand_gesture_robot/turtlebot_ws/install/turtlebot3_gazebo/share/turtlebot3_gazebo//models/turtlebot3_autorace_2020/course/materials/scripts/course.material
[16.839s] -- Symlinking: /home/user/hand_gesture_robot/turtlebot_ws/install/turtlebot3_gazebo/share/turtlebot3_gazebo//models/turtlebot3_autorace_2020/course/materials/textures/course.png
[16.847s] -- Symlinking: /home/user/hand_gesture_robot/turtlebot_ws/install/turtlebot3_gazebo/share/turtlebot3_gazebo//models/turtlebot3_autorace_2020/course/model.config
[16.856s] -- Symlinking: /home/user/hand_gesture_robot/turtlebot_ws/install/turtlebot3_gazebo/share/turtlebot3_gazebo//models/turtlebot3_autorace_2020/course/model.sdf
[16.865s] -- Symlinking: /home/user/hand_gesture_robot/turtlebot_ws/install/turtlebot3_gazebo/share/turtlebot3_gazebo//models/turtlebot3_autorace_2020/traffic_bar/materials/scripts/traffic_bar.material
[16.873s] -- Symlinking: /home/user/hand_gesture_robot/turtlebot_ws/install/turtlebot3_gazebo/share/turtlebot3_gazebo//models/turtlebot3_autorace_2020/traffic_bar/materials/textures/traffic_bar.png
[16.883s] -- Symlinking: /home/user/hand_gesture_robot/turtlebot_ws/install/turtlebot3_gazebo/share/turtlebot3_gazebo//models/turtlebot3_autorace_2020/traffic_bar/model.config
[16.889s] -- Symlinking: /home/user/hand_gesture_robot/turtlebot_ws/install/turtlebot3_gazebo/share/turtlebot3_gazebo//models/turtlebot3_autorace_2020/traffic_bar/model.sdf
[16.896s] -- Symlinking: /home/user/hand_gesture_robot/turtlebot_ws/install/turtlebot3_gazebo/share/turtlebot3_gazebo//models/turtlebot3_autorace_2020/traffic_construction/materials/scripts/traffic_construction.material
[16.904s] -- Symlinking: /home/user/hand_gesture_robot/turtlebot_ws/install/turtlebot3_gazebo/share/turtlebot3_gazebo//models/turtlebot3_autorace_2020/traffic_construction/materials/textures/traffic_construction.png
[16.911s] -- Symlinking: /home/user/hand_gesture_robot/turtlebot_ws/install/turtlebot3_gazebo/share/turtlebot3_gazebo//models/turtlebot3_autorace_2020/traffic_construction/model.config
[16.919s] -- Symlinking: /home/user/hand_gesture_robot/turtlebot_ws/install/turtlebot3_gazebo/share/turtlebot3_gazebo//models/turtlebot3_autorace_2020/traffic_construction/model.sdf
[16.927s] -- Symlinking: /home/user/hand_gesture_robot/turtlebot_ws/install/turtlebot3_gazebo/share/turtlebot3_gazebo//models/turtlebot3_autorace_2020/traffic_intersection/materials/scripts/traffic_intersection.material
[16.934s] -- Symlinking: /home/user/hand_gesture_robot/turtlebot_ws/install/turtlebot3_gazebo/share/turtlebot3_gazebo//models/turtlebot3_autorace_2020/traffic_intersection/materials/textures/traffic_intersection.png
[16.942s] -- Symlinking: /home/user/hand_gesture_robot/turtlebot_ws/install/turtlebot3_gazebo/share/turtlebot3_gazebo//models/turtlebot3_autorace_2020/traffic_intersection/model.config
[16.948s] -- Symlinking: /home/user/hand_gesture_robot/turtlebot_ws/install/turtlebot3_gazebo/share/turtlebot3_gazebo//models/turtlebot3_autorace_2020/traffic_intersection/model.sdf
[16.955s] -- Symlinking: /home/user/hand_gesture_robot/turtlebot_ws/install/turtlebot3_gazebo/share/turtlebot3_gazebo//models/turtlebot3_autorace_2020/traffic_left/materials/scripts/traffic_is_left.material
[16.962s] -- Symlinking: /home/user/hand_gesture_robot/turtlebot_ws/install/turtlebot3_gazebo/share/turtlebot3_gazebo//models/turtlebot3_autorace_2020/traffic_left/materials/textures/traffic_left.png
[16.969s] -- Symlinking: /home/user/hand_gesture_robot/turtlebot_ws/install/turtlebot3_gazebo/share/turtlebot3_gazebo//models/turtlebot3_autorace_2020/traffic_left/model.config
[16.977s] -- Symlinking: /home/user/hand_gesture_robot/turtlebot_ws/install/turtlebot3_gazebo/share/turtlebot3_gazebo//models/turtlebot3_autorace_2020/traffic_left/model.sdf
[16.986s] -- Symlinking: /home/user/hand_gesture_robot/turtlebot_ws/install/turtlebot3_gazebo/share/turtlebot3_gazebo//models/turtlebot3_autorace_2020/traffic_light/materials/scripts/traffic_light.material
[16.993s] -- Symlinking: /home/user/hand_gesture_robot/turtlebot_ws/install/turtlebot3_gazebo/share/turtlebot3_gazebo//models/turtlebot3_autorace_2020/traffic_light/materials/textures/traffic_light.png
[17.000s] -- Symlinking: /home/user/hand_gesture_robot/turtlebot_ws/install/turtlebot3_gazebo/share/turtlebot3_gazebo//models/turtlebot3_autorace_2020/traffic_light/materials/textures/traffic_light_green.png
[17.007s] -- Symlinking: /home/user/hand_gesture_robot/turtlebot_ws/install/turtlebot3_gazebo/share/turtlebot3_gazebo//models/turtlebot3_autorace_2020/traffic_light/materials/textures/traffic_light_red.png
[17.014s] -- Symlinking: /home/user/hand_gesture_robot/turtlebot_ws/install/turtlebot3_gazebo/share/turtlebot3_gazebo//models/turtlebot3_autorace_2020/traffic_light/materials/textures/traffic_light_yellow.png
[17.023s] -- Symlinking: /home/user/hand_gesture_robot/turtlebot_ws/install/turtlebot3_gazebo/share/turtlebot3_gazebo//models/turtlebot3_autorace_2020/traffic_light/model.config
[17.031s] -- Symlinking: /home/user/hand_gesture_robot/turtlebot_ws/install/turtlebot3_gazebo/share/turtlebot3_gazebo//models/turtlebot3_autorace_2020/traffic_light/model.sdf
[17.040s] -- Symlinking: /home/user/hand_gesture_robot/turtlebot_ws/install/turtlebot3_gazebo/share/turtlebot3_gazebo//models/turtlebot3_autorace_2020/traffic_noentry/materials/scripts/traffic_noentry.material
[17.047s] -- Symlinking: /home/user/hand_gesture_robot/turtlebot_ws/install/turtlebot3_gazebo/share/turtlebot3_gazebo//models/turtlebot3_autorace_2020/traffic_noentry/materials/textures/traffic_noentry.png
[17.055s] -- Symlinking: /home/user/hand_gesture_robot/turtlebot_ws/install/turtlebot3_gazebo/share/turtlebot3_gazebo//models/turtlebot3_autorace_2020/traffic_noentry/model.config
[17.062s] -- Symlinking: /home/user/hand_gesture_robot/turtlebot_ws/install/turtlebot3_gazebo/share/turtlebot3_gazebo//models/turtlebot3_autorace_2020/traffic_noentry/model.sdf
[17.069s] -- Symlinking: /home/user/hand_gesture_robot/turtlebot_ws/install/turtlebot3_gazebo/share/turtlebot3_gazebo//models/turtlebot3_autorace_2020/traffic_parking/materials/scripts/traffic_parking.material
[17.076s] -- Symlinking: /home/user/hand_gesture_robot/turtlebot_ws/install/turtlebot3_gazebo/share/turtlebot3_gazebo//models/turtlebot3_autorace_2020/traffic_parking/materials/textures/traffic_parking.png
[17.082s] -- Symlinking: /home/user/hand_gesture_robot/turtlebot_ws/install/turtlebot3_gazebo/share/turtlebot3_gazebo//models/turtlebot3_autorace_2020/traffic_parking/model.config
[17.089s] -- Symlinking: /home/user/hand_gesture_robot/turtlebot_ws/install/turtlebot3_gazebo/share/turtlebot3_gazebo//models/turtlebot3_autorace_2020/traffic_parking/model.sdf
[17.097s] -- Symlinking: /home/user/hand_gesture_robot/turtlebot_ws/install/turtlebot3_gazebo/share/turtlebot3_gazebo//models/turtlebot3_autorace_2020/traffic_pl_left/materials/scripts/traffic_pl_left.material
[17.105s] -- Symlinking: /home/user/hand_gesture_robot/turtlebot_ws/install/turtlebot3_gazebo/share/turtlebot3_gazebo//models/turtlebot3_autorace_2020/traffic_pl_left/materials/textures/traffic_pl_left.png
[17.112s] -- Symlinking: /home/user/hand_gesture_robot/turtlebot_ws/install/turtlebot3_gazebo/share/turtlebot3_gazebo//models/turtlebot3_autorace_2020/traffic_pl_left/model.config
[17.119s] -- Symlinking: /home/user/hand_gesture_robot/turtlebot_ws/install/turtlebot3_gazebo/share/turtlebot3_gazebo//models/turtlebot3_autorace_2020/traffic_pl_left/model.sdf
[17.129s] -- Symlinking: /home/user/hand_gesture_robot/turtlebot_ws/install/turtlebot3_gazebo/share/turtlebot3_gazebo//models/turtlebot3_autorace_2020/traffic_right/materials/scripts/traffic_right.material
[17.137s] -- Symlinking: /home/user/hand_gesture_robot/turtlebot_ws/install/turtlebot3_gazebo/share/turtlebot3_gazebo//models/turtlebot3_autorace_2020/traffic_right/materials/textures/traffic_right.png
[17.144s] -- Symlinking: /home/user/hand_gesture_robot/turtlebot_ws/install/turtlebot3_gazebo/share/turtlebot3_gazebo//models/turtlebot3_autorace_2020/traffic_right/model.config
[17.154s] -- Symlinking: /home/user/hand_gesture_robot/turtlebot_ws/install/turtlebot3_gazebo/share/turtlebot3_gazebo//models/turtlebot3_autorace_2020/traffic_right/model.sdf
[17.162s] -- Symlinking: /home/user/hand_gesture_robot/turtlebot_ws/install/turtlebot3_gazebo/share/turtlebot3_gazebo//models/turtlebot3_autorace_2020/traffic_stop/materials/scripts/traffic_stop.material
[17.169s] -- Symlinking: /home/user/hand_gesture_robot/turtlebot_ws/install/turtlebot3_gazebo/share/turtlebot3_gazebo//models/turtlebot3_autorace_2020/traffic_stop/materials/textures/traffic_stop.png
[17.177s] -- Symlinking: /home/user/hand_gesture_robot/turtlebot_ws/install/turtlebot3_gazebo/share/turtlebot3_gazebo//models/turtlebot3_autorace_2020/traffic_stop/model.config
[17.185s] -- Symlinking: /home/user/hand_gesture_robot/turtlebot_ws/install/turtlebot3_gazebo/share/turtlebot3_gazebo//models/turtlebot3_autorace_2020/traffic_stop/model.sdf
[17.193s] -- Symlinking: /home/user/hand_gesture_robot/turtlebot_ws/install/turtlebot3_gazebo/share/turtlebot3_gazebo//models/turtlebot3_autorace_2020/traffic_tunnel/materials/scripts/tunnel.material
[17.200s] -- Symlinking: /home/user/hand_gesture_robot/turtlebot_ws/install/turtlebot3_gazebo/share/turtlebot3_gazebo//models/turtlebot3_autorace_2020/traffic_tunnel/materials/textures/tunnel.png
[17.208s] -- Symlinking: /home/user/hand_gesture_robot/turtlebot_ws/install/turtlebot3_gazebo/share/turtlebot3_gazebo//models/turtlebot3_autorace_2020/traffic_tunnel/model.config
[17.215s] -- Symlinking: /home/user/hand_gesture_robot/turtlebot_ws/install/turtlebot3_gazebo/share/turtlebot3_gazebo//models/turtlebot3_autorace_2020/traffic_tunnel/model.sdf
[17.221s] -- Symlinking: /home/user/hand_gesture_robot/turtlebot_ws/install/turtlebot3_gazebo/share/turtlebot3_gazebo//models/turtlebot3_burger/model-1_4.sdf
[17.229s] -- Symlinking: /home/user/hand_gesture_robot/turtlebot_ws/install/turtlebot3_gazebo/share/turtlebot3_gazebo//models/turtlebot3_burger/model.config
[17.237s] -- Symlinking: /home/user/hand_gesture_robot/turtlebot_ws/install/turtlebot3_gazebo/share/turtlebot3_gazebo//models/turtlebot3_burger/model.sdf
[17.244s] -- Symlinking: /home/user/hand_gesture_robot/turtlebot_ws/install/turtlebot3_gazebo/share/turtlebot3_gazebo//models/turtlebot3_burger_cam/model-1_4.sdf
[17.252s] -- Symlinking: /home/user/hand_gesture_robot/turtlebot_ws/install/turtlebot3_gazebo/share/turtlebot3_gazebo//models/turtlebot3_burger_cam/model.config
[17.259s] -- Symlinking: /home/user/hand_gesture_robot/turtlebot_ws/install/turtlebot3_gazebo/share/turtlebot3_gazebo//models/turtlebot3_burger_cam/model.sdf
[17.267s] -- Symlinking: /home/user/hand_gesture_robot/turtlebot_ws/install/turtlebot3_gazebo/share/turtlebot3_gazebo//models/turtlebot3_common/meshes/bases/burger_base.stl
[17.274s] -- Symlinking: /home/user/hand_gesture_robot/turtlebot_ws/install/turtlebot3_gazebo/share/turtlebot3_gazebo//models/turtlebot3_common/meshes/bases/waffle_base.stl
[17.283s] -- Symlinking: /home/user/hand_gesture_robot/turtlebot_ws/install/turtlebot3_gazebo/share/turtlebot3_gazebo//models/turtlebot3_common/meshes/bases/waffle_pi_base.stl
[17.291s] -- Symlinking: /home/user/hand_gesture_robot/turtlebot_ws/install/turtlebot3_gazebo/share/turtlebot3_gazebo//models/turtlebot3_common/meshes/burger_base.dae
[17.298s] -- Symlinking: /home/user/hand_gesture_robot/turtlebot_ws/install/turtlebot3_gazebo/share/turtlebot3_gazebo//models/turtlebot3_common/meshes/lds.dae
[17.305s] -- Symlinking: /home/user/hand_gesture_robot/turtlebot_ws/install/turtlebot3_gazebo/share/turtlebot3_gazebo//models/turtlebot3_common/meshes/r200.dae
[17.313s] -- Symlinking: /home/user/hand_gesture_robot/turtlebot_ws/install/turtlebot3_gazebo/share/turtlebot3_gazebo//models/turtlebot3_common/meshes/sensors/astra.dae
[17.320s] -- Symlinking: /home/user/hand_gesture_robot/turtlebot_ws/install/turtlebot3_gazebo/share/turtlebot3_gazebo//models/turtlebot3_common/meshes/sensors/astra.jpg
[17.328s] -- Symlinking: /home/user/hand_gesture_robot/turtlebot_ws/install/turtlebot3_gazebo/share/turtlebot3_gazebo//models/turtlebot3_common/meshes/sensors/lds.stl
[17.335s] -- Symlinking: /home/user/hand_gesture_robot/turtlebot_ws/install/turtlebot3_gazebo/share/turtlebot3_gazebo//models/turtlebot3_common/meshes/sensors/r200.dae
[17.342s] -- Symlinking: /home/user/hand_gesture_robot/turtlebot_ws/install/turtlebot3_gazebo/share/turtlebot3_gazebo//models/turtlebot3_common/meshes/sensors/r200.jpg
[17.350s] -- Symlinking: /home/user/hand_gesture_robot/turtlebot_ws/install/turtlebot3_gazebo/share/turtlebot3_gazebo//models/turtlebot3_common/meshes/tire.dae
[17.358s] -- Symlinking: /home/user/hand_gesture_robot/turtlebot_ws/install/turtlebot3_gazebo/share/turtlebot3_gazebo//models/turtlebot3_common/meshes/waffle_base.dae
[17.365s] -- Symlinking: /home/user/hand_gesture_robot/turtlebot_ws/install/turtlebot3_gazebo/share/turtlebot3_gazebo//models/turtlebot3_common/meshes/waffle_pi_base.dae
[17.372s] -- Symlinking: /home/user/hand_gesture_robot/turtlebot_ws/install/turtlebot3_gazebo/share/turtlebot3_gazebo//models/turtlebot3_common/meshes/wheels/left_tire.stl
[17.380s] -- Symlinking: /home/user/hand_gesture_robot/turtlebot_ws/install/turtlebot3_gazebo/share/turtlebot3_gazebo//models/turtlebot3_common/meshes/wheels/right_tire.stl
[17.390s] -- Symlinking: /home/user/hand_gesture_robot/turtlebot_ws/install/turtlebot3_gazebo/share/turtlebot3_gazebo//models/turtlebot3_common/model.config
[17.397s] -- Symlinking: /home/user/hand_gesture_robot/turtlebot_ws/install/turtlebot3_gazebo/share/turtlebot3_gazebo//models/turtlebot3_dqn_world/goal_box/model.config
[17.405s] -- Symlinking: /home/user/hand_gesture_robot/turtlebot_ws/install/turtlebot3_gazebo/share/turtlebot3_gazebo//models/turtlebot3_dqn_world/goal_box/model.sdf
[17.414s] -- Symlinking: /home/user/hand_gesture_robot/turtlebot_ws/install/turtlebot3_gazebo/share/turtlebot3_gazebo//models/turtlebot3_dqn_world/inner_walls/model.config
[17.421s] -- Symlinking: /home/user/hand_gesture_robot/turtlebot_ws/install/turtlebot3_gazebo/share/turtlebot3_gazebo//models/turtlebot3_dqn_world/inner_walls/model.sdf
[17.428s] -- Symlinking: /home/user/hand_gesture_robot/turtlebot_ws/install/turtlebot3_gazebo/share/turtlebot3_gazebo//models/turtlebot3_dqn_world/model.config
[17.435s] -- Symlinking: /home/user/hand_gesture_robot/turtlebot_ws/install/turtlebot3_gazebo/share/turtlebot3_gazebo//models/turtlebot3_dqn_world/model.sdf
[17.442s] -- Symlinking: /home/user/hand_gesture_robot/turtlebot_ws/install/turtlebot3_gazebo/share/turtlebot3_gazebo//models/turtlebot3_dqn_world/obstacle1/model.config
[17.449s] -- Symlinking: /home/user/hand_gesture_robot/turtlebot_ws/install/turtlebot3_gazebo/share/turtlebot3_gazebo//models/turtlebot3_dqn_world/obstacle1/model.sdf
[17.457s] -- Symlinking: /home/user/hand_gesture_robot/turtlebot_ws/install/turtlebot3_gazebo/share/turtlebot3_gazebo//models/turtlebot3_dqn_world/obstacle2/model.config
[17.464s] -- Symlinking: /home/user/hand_gesture_robot/turtlebot_ws/install/turtlebot3_gazebo/share/turtlebot3_gazebo//models/turtlebot3_dqn_world/obstacle2/model.sdf
[17.471s] -- Symlinking: /home/user/hand_gesture_robot/turtlebot_ws/install/turtlebot3_gazebo/share/turtlebot3_gazebo//models/turtlebot3_dqn_world/obstacles/model.config
[17.478s] -- Symlinking: /home/user/hand_gesture_robot/turtlebot_ws/install/turtlebot3_gazebo/share/turtlebot3_gazebo//models/turtlebot3_dqn_world/obstacles/model.sdf
[17.485s] -- Symlinking: /home/user/hand_gesture_robot/turtlebot_ws/install/turtlebot3_gazebo/share/turtlebot3_gazebo//models/turtlebot3_house/model.config
[17.493s] -- Symlinking: /home/user/hand_gesture_robot/turtlebot_ws/install/turtlebot3_gazebo/share/turtlebot3_gazebo//models/turtlebot3_house/model.sdf
[17.501s] -- Symlinking: /home/user/hand_gesture_robot/turtlebot_ws/install/turtlebot3_gazebo/share/turtlebot3_gazebo//models/turtlebot3_waffle/model-1_4.sdf
[17.510s] -- Symlinking: /home/user/hand_gesture_robot/turtlebot_ws/install/turtlebot3_gazebo/share/turtlebot3_gazebo//models/turtlebot3_waffle/model.config
[17.516s] -- Symlinking: /home/user/hand_gesture_robot/turtlebot_ws/install/turtlebot3_gazebo/share/turtlebot3_gazebo//models/turtlebot3_waffle/model.sdf
[17.526s] -- Symlinking: /home/user/hand_gesture_robot/turtlebot_ws/install/turtlebot3_gazebo/share/turtlebot3_gazebo//models/turtlebot3_waffle_pi/model-1_4_.sdf
[17.532s] -- Symlinking: /home/user/hand_gesture_robot/turtlebot_ws/install/turtlebot3_gazebo/share/turtlebot3_gazebo//models/turtlebot3_waffle_pi/model.config
[17.539s] -- Symlinking: /home/user/hand_gesture_robot/turtlebot_ws/install/turtlebot3_gazebo/share/turtlebot3_gazebo//models/turtlebot3_waffle_pi/model.sdf
[17.546s] -- Symlinking: /home/user/hand_gesture_robot/turtlebot_ws/install/turtlebot3_gazebo/share/turtlebot3_gazebo//models/turtlebot3_world/meshes/hexagon.dae
[17.553s] -- Symlinking: /home/user/hand_gesture_robot/turtlebot_ws/install/turtlebot3_gazebo/share/turtlebot3_gazebo//models/turtlebot3_world/meshes/wall.dae
[17.560s] -- Symlinking: /home/user/hand_gesture_robot/turtlebot_ws/install/turtlebot3_gazebo/share/turtlebot3_gazebo//models/turtlebot3_world/model-1_4.sdf
[17.567s] -- Symlinking: /home/user/hand_gesture_robot/turtlebot_ws/install/turtlebot3_gazebo/share/turtlebot3_gazebo//models/turtlebot3_world/model.config
[17.573s] -- Symlinking: /home/user/hand_gesture_robot/turtlebot_ws/install/turtlebot3_gazebo/share/turtlebot3_gazebo//models/turtlebot3_world/model.sdf
[17.581s] -- Symlinking: /home/user/hand_gesture_robot/turtlebot_ws/install/turtlebot3_gazebo/share/turtlebot3_gazebo//rviz/tb3_gazebo.rviz
[17.588s] -- Symlinking: /home/user/hand_gesture_robot/turtlebot_ws/install/turtlebot3_gazebo/share/turtlebot3_gazebo//urdf/common_properties.urdf
[17.595s] -- Symlinking: /home/user/hand_gesture_robot/turtlebot_ws/install/turtlebot3_gazebo/share/turtlebot3_gazebo//urdf/turtlebot3_burger.urdf
[17.601s] -- Symlinking: /home/user/hand_gesture_robot/turtlebot_ws/install/turtlebot3_gazebo/share/turtlebot3_gazebo//urdf/turtlebot3_burger_cam.urdf
[17.608s] -- Symlinking: /home/user/hand_gesture_robot/turtlebot_ws/install/turtlebot3_gazebo/share/turtlebot3_gazebo//urdf/turtlebot3_waffle.urdf
[17.616s] -- Symlinking: /home/user/hand_gesture_robot/turtlebot_ws/install/turtlebot3_gazebo/share/turtlebot3_gazebo//urdf/turtlebot3_waffle_pi.urdf
[17.623s] -- Symlinking: /home/user/hand_gesture_robot/turtlebot_ws/install/turtlebot3_gazebo/share/turtlebot3_gazebo//worlds/empty_world.world
[17.631s] -- Symlinking: /home/user/hand_gesture_robot/turtlebot_ws/install/turtlebot3_gazebo/share/turtlebot3_gazebo//worlds/turtlebot3_autorace_2020.world
[17.638s] -- Symlinking: /home/user/hand_gesture_robot/turtlebot_ws/install/turtlebot3_gazebo/share/turtlebot3_gazebo//worlds/turtlebot3_dqn_stage1.world
[17.647s] -- Symlinking: /home/user/hand_gesture_robot/turtlebot_ws/install/turtlebot3_gazebo/share/turtlebot3_gazebo//worlds/turtlebot3_dqn_stage2.world
[17.654s] -- Symlinking: /home/user/hand_gesture_robot/turtlebot_ws/install/turtlebot3_gazebo/share/turtlebot3_gazebo//worlds/turtlebot3_dqn_stage3.world
[17.661s] -- Symlinking: /home/user/hand_gesture_robot/turtlebot_ws/install/turtlebot3_gazebo/share/turtlebot3_gazebo//worlds/turtlebot3_dqn_stage4.world
[17.667s] -- Symlinking: /home/user/hand_gesture_robot/turtlebot_ws/install/turtlebot3_gazebo/share/turtlebot3_gazebo//worlds/turtlebot3_house.world
[17.676s] -- Symlinking: /home/user/hand_gesture_robot/turtlebot_ws/install/turtlebot3_gazebo/share/turtlebot3_gazebo//worlds/turtlebot3_world.world
[17.685s] -- Symlinking: /home/user/hand_gesture_robot/turtlebot_ws/install/turtlebot3_gazebo/include//turtlebot3_gazebo/obstacle1.hpp
[17.691s] -- Symlinking: /home/user/hand_gesture_robot/turtlebot_ws/install/turtlebot3_gazebo/include//turtlebot3_gazebo/obstacle2.hpp
[17.698s] -- Symlinking: /home/user/hand_gesture_robot/turtlebot_ws/install/turtlebot3_gazebo/include//turtlebot3_gazebo/obstacles.hpp
[17.705s] -- Symlinking: /home/user/hand_gesture_robot/turtlebot_ws/install/turtlebot3_gazebo/include//turtlebot3_gazebo/traffic_bar_plugin.hpp
[17.713s] -- Symlinking: /home/user/hand_gesture_robot/turtlebot_ws/install/turtlebot3_gazebo/include//turtlebot3_gazebo/traffic_light_plugin.hpp
[17.720s] -- Symlinking: /home/user/hand_gesture_robot/turtlebot_ws/install/turtlebot3_gazebo/include//turtlebot3_gazebo/turtlebot3_drive.hpp
[17.732s] -- Symlinking: /home/user/hand_gesture_robot/turtlebot_ws/install/turtlebot3_gazebo/share/ament_index/resource_index/package_run_dependencies/turtlebot3_gazebo
[17.739s] -- Symlinking: /home/user/hand_gesture_robot/turtlebot_ws/install/turtlebot3_gazebo/share/ament_index/resource_index/parent_prefix_path/turtlebot3_gazebo
[17.747s] -- Symlinking: /home/user/hand_gesture_robot/turtlebot_ws/install/turtlebot3_gazebo/share/turtlebot3_gazebo/environment/ament_prefix_path.sh
[17.756s] -- Symlinking: /home/user/hand_gesture_robot/turtlebot_ws/install/turtlebot3_gazebo/share/turtlebot3_gazebo/environment/ament_prefix_path.dsv
[17.762s] -- Symlinking: /home/user/hand_gesture_robot/turtlebot_ws/install/turtlebot3_gazebo/share/turtlebot3_gazebo/environment/path.sh
[17.771s] -- Symlinking: /home/user/hand_gesture_robot/turtlebot_ws/install/turtlebot3_gazebo/share/turtlebot3_gazebo/environment/path.dsv
[17.778s] -- Symlinking: /home/user/hand_gesture_robot/turtlebot_ws/install/turtlebot3_gazebo/share/turtlebot3_gazebo/local_setup.bash
[17.785s] -- Symlinking: /home/user/hand_gesture_robot/turtlebot_ws/install/turtlebot3_gazebo/share/turtlebot3_gazebo/local_setup.sh
[17.792s] -- Symlinking: /home/user/hand_gesture_robot/turtlebot_ws/install/turtlebot3_gazebo/share/turtlebot3_gazebo/local_setup.zsh
[17.799s] -- Symlinking: /home/user/hand_gesture_robot/turtlebot_ws/install/turtlebot3_gazebo/share/turtlebot3_gazebo/local_setup.dsv
[17.806s] -- Symlinking: /home/user/hand_gesture_robot/turtlebot_ws/install/turtlebot3_gazebo/share/turtlebot3_gazebo/package.dsv
[17.815s] -- Symlinking: /home/user/hand_gesture_robot/turtlebot_ws/install/turtlebot3_gazebo/share/ament_index/resource_index/packages/turtlebot3_gazebo
[17.824s] -- Symlinking: /home/user/hand_gesture_robot/turtlebot_ws/install/turtlebot3_gazebo/share/turtlebot3_gazebo/cmake/ament_cmake_export_include_directories-extras.cmake
[17.831s] -- Symlinking: /home/user/hand_gesture_robot/turtlebot_ws/install/turtlebot3_gazebo/share/turtlebot3_gazebo/cmake/ament_cmake_export_dependencies-extras.cmake
[17.838s] -- Symlinking: /home/user/hand_gesture_robot/turtlebot_ws/install/turtlebot3_gazebo/share/turtlebot3_gazebo/cmake/turtlebot3_gazeboConfig.cmake
[17.844s] -- Symlinking: /home/user/hand_gesture_robot/turtlebot_ws/install/turtlebot3_gazebo/share/turtlebot3_gazebo/cmake/turtlebot3_gazeboConfig-version.cmake
[17.852s] -- Symlinking: /home/user/hand_gesture_robot/turtlebot_ws/install/turtlebot3_gazebo/share/turtlebot3_gazebo/package.xml
[17.863s] Invoked command in '/home/user/hand_gesture_robot/turtlebot_ws/build/turtlebot3_gazebo' returned '0': CMAKE_PREFIX_PATH=/opt/ros/humble /usr/bin/cmake --install /home/user/hand_gesture_robot/turtlebot_ws/build/turtlebot3_gazebo
