[0.605s] Invoking command in '/home/user/hand_gesture_robot/turtlebot_ws/build/turtlebot3_simulations': AMENT_PREFIX_PATH=/home/user/hand_gesture_robot/turtlebot_ws/install/turtlebot3_fake_node:/home/user/hand_gesture_robot/turtlebot_ws/install/turtlebot3_msgs:/home/user/hand_gesture_robot/turtlebot_ws/install/turtlebot3_manipulation_gazebo:/home/user/hand_gesture_robot/turtlebot_ws/install/turtlebot3_gazebo:${AMENT_PREFIX_PATH} CMAKE_PREFIX_PATH=/home/user/hand_gesture_robot/turtlebot_ws/install/turtlebot3_fake_node:/home/user/hand_gesture_robot/turtlebot_ws/install/turtlebot3_msgs:/home/user/hand_gesture_robot/turtlebot_ws/install/turtlebot3_manipulation_gazebo:/home/user/hand_gesture_robot/turtlebot_ws/install/turtlebot3_gazebo:/opt/ros/humble LD_LIBRARY_PATH=/home/user/hand_gesture_robot/turtlebot_ws/install/turtlebot3_msgs/lib:${LD_LIBRARY_PATH} PYTHONPATH=/home/user/hand_gesture_robot/turtlebot_ws/install/turtlebot3_msgs/local/lib/python3.10/dist-packages:${PYTHONPATH} /usr/bin/cmake /home/user/hand_gesture_robot/turtlebot_ws/src/turtlebot3_simulations/turtlebot3_simulations -DAMENT_CMAKE_SYMLINK_INSTALL=1 -DCMAKE_INSTALL_PREFIX=/home/user/hand_gesture_robot/turtlebot_ws/install/turtlebot3_simulations
[0.896s] -- The C compiler identification is GNU 11.4.0
[2.026s] -- The CXX compiler identification is GNU 11.4.0
[2.871s] -- Detecting C compiler ABI info
[3.168s] -- Detecting C compiler ABI info - done
[3.174s] -- Check for working C compiler: /usr/bin/cc - skipped
[3.174s] -- Detecting C compile features
[3.174s] -- Detecting C compile features - done
[3.176s] -- Detecting CXX compiler ABI info
[3.479s] -- Detecting CXX compiler ABI info - done
[3.485s] -- Check for working CXX compiler: /usr/bin/c++ - skipped
[3.485s] -- Detecting CXX compile features
[3.485s] -- Detecting CXX compile features - done
[3.488s] -- Found ament_cmake: 1.3.11 (/opt/ros/humble/share/ament_cmake/cmake)
[3.609s] -- Found Python3: /usr/bin/python3 (found version "3.10.12") found components: Interpreter 
[3.660s] -- Override CMake install command with custom implementation using symlinks instead of copying resources
[3.735s] -- Configuring done
[3.739s] -- Generating done
[3.740s] -- Build files have been written to: /home/user/hand_gesture_robot/turtlebot_ws/build/turtlebot3_simulations
[3.745s] Invoked command in '/home/user/hand_gesture_robot/turtlebot_ws/build/turtlebot3_simulations' returned '0': AMENT_PREFIX_PATH=/home/user/hand_gesture_robot/turtlebot_ws/install/turtlebot3_fake_node:/home/user/hand_gesture_robot/turtlebot_ws/install/turtlebot3_msgs:/home/user/hand_gesture_robot/turtlebot_ws/install/turtlebot3_manipulation_gazebo:/home/user/hand_gesture_robot/turtlebot_ws/install/turtlebot3_gazebo:${AMENT_PREFIX_PATH} CMAKE_PREFIX_PATH=/home/user/hand_gesture_robot/turtlebot_ws/install/turtlebot3_fake_node:/home/user/hand_gesture_robot/turtlebot_ws/install/turtlebot3_msgs:/home/user/hand_gesture_robot/turtlebot_ws/install/turtlebot3_manipulation_gazebo:/home/user/hand_gesture_robot/turtlebot_ws/install/turtlebot3_gazebo:/opt/ros/humble LD_LIBRARY_PATH=/home/user/hand_gesture_robot/turtlebot_ws/install/turtlebot3_msgs/lib:${LD_LIBRARY_PATH} PYTHONPATH=/home/user/hand_gesture_robot/turtlebot_ws/install/turtlebot3_msgs/local/lib/python3.10/dist-packages:${PYTHONPATH} /usr/bin/cmake /home/user/hand_gesture_robot/turtlebot_ws/src/turtlebot3_simulations/turtlebot3_simulations -DAMENT_CMAKE_SYMLINK_INSTALL=1 -DCMAKE_INSTALL_PREFIX=/home/user/hand_gesture_robot/turtlebot_ws/install/turtlebot3_simulations
[3.746s] Invoking command in '/home/user/hand_gesture_robot/turtlebot_ws/build/turtlebot3_simulations': AMENT_PREFIX_PATH=/home/user/hand_gesture_robot/turtlebot_ws/install/turtlebot3_fake_node:/home/user/hand_gesture_robot/turtlebot_ws/install/turtlebot3_msgs:/home/user/hand_gesture_robot/turtlebot_ws/install/turtlebot3_manipulation_gazebo:/home/user/hand_gesture_robot/turtlebot_ws/install/turtlebot3_gazebo:${AMENT_PREFIX_PATH} CMAKE_PREFIX_PATH=/home/user/hand_gesture_robot/turtlebot_ws/install/turtlebot3_fake_node:/home/user/hand_gesture_robot/turtlebot_ws/install/turtlebot3_msgs:/home/user/hand_gesture_robot/turtlebot_ws/install/turtlebot3_manipulation_gazebo:/home/user/hand_gesture_robot/turtlebot_ws/install/turtlebot3_gazebo:/opt/ros/humble LD_LIBRARY_PATH=/home/user/hand_gesture_robot/turtlebot_ws/install/turtlebot3_msgs/lib:${LD_LIBRARY_PATH} PYTHONPATH=/home/user/hand_gesture_robot/turtlebot_ws/install/turtlebot3_msgs/local/lib/python3.10/dist-packages:${PYTHONPATH} /usr/bin/cmake --build /home/user/hand_gesture_robot/turtlebot_ws/build/turtlebot3_simulations -- -j16 -l16
[3.775s] Invoked command in '/home/user/hand_gesture_robot/turtlebot_ws/build/turtlebot3_simulations' returned '0': AMENT_PREFIX_PATH=/home/user/hand_gesture_robot/turtlebot_ws/install/turtlebot3_fake_node:/home/user/hand_gesture_robot/turtlebot_ws/install/turtlebot3_msgs:/home/user/hand_gesture_robot/turtlebot_ws/install/turtlebot3_manipulation_gazebo:/home/user/hand_gesture_robot/turtlebot_ws/install/turtlebot3_gazebo:${AMENT_PREFIX_PATH} CMAKE_PREFIX_PATH=/home/user/hand_gesture_robot/turtlebot_ws/install/turtlebot3_fake_node:/home/user/hand_gesture_robot/turtlebot_ws/install/turtlebot3_msgs:/home/user/hand_gesture_robot/turtlebot_ws/install/turtlebot3_manipulation_gazebo:/home/user/hand_gesture_robot/turtlebot_ws/install/turtlebot3_gazebo:/opt/ros/humble LD_LIBRARY_PATH=/home/user/hand_gesture_robot/turtlebot_ws/install/turtlebot3_msgs/lib:${LD_LIBRARY_PATH} PYTHONPATH=/home/user/hand_gesture_robot/turtlebot_ws/install/turtlebot3_msgs/local/lib/python3.10/dist-packages:${PYTHONPATH} /usr/bin/cmake --build /home/user/hand_gesture_robot/turtlebot_ws/build/turtlebot3_simulations -- -j16 -l16
[3.777s] Invoking command in '/home/user/hand_gesture_robot/turtlebot_ws/build/turtlebot3_simulations': AMENT_PREFIX_PATH=/home/user/hand_gesture_robot/turtlebot_ws/install/turtlebot3_fake_node:/home/user/hand_gesture_robot/turtlebot_ws/install/turtlebot3_msgs:/home/user/hand_gesture_robot/turtlebot_ws/install/turtlebot3_manipulation_gazebo:/home/user/hand_gesture_robot/turtlebot_ws/install/turtlebot3_gazebo:${AMENT_PREFIX_PATH} CMAKE_PREFIX_PATH=/home/user/hand_gesture_robot/turtlebot_ws/install/turtlebot3_fake_node:/home/user/hand_gesture_robot/turtlebot_ws/install/turtlebot3_msgs:/home/user/hand_gesture_robot/turtlebot_ws/install/turtlebot3_manipulation_gazebo:/home/user/hand_gesture_robot/turtlebot_ws/install/turtlebot3_gazebo:/opt/ros/humble LD_LIBRARY_PATH=/home/user/hand_gesture_robot/turtlebot_ws/install/turtlebot3_msgs/lib:${LD_LIBRARY_PATH} PYTHONPATH=/home/user/hand_gesture_robot/turtlebot_ws/install/turtlebot3_msgs/local/lib/python3.10/dist-packages:${PYTHONPATH} /usr/bin/cmake --install /home/user/hand_gesture_robot/turtlebot_ws/build/turtlebot3_simulations
[3.782s] -- Install configuration: ""
[3.782s] -- Execute custom install script
[3.783s] -- Symlinking: /home/user/hand_gesture_robot/turtlebot_ws/install/turtlebot3_simulations/share/ament_index/resource_index/package_run_dependencies/turtlebot3_simulations
[3.790s] -- Symlinking: /home/user/hand_gesture_robot/turtlebot_ws/install/turtlebot3_simulations/share/ament_index/resource_index/parent_prefix_path/turtlebot3_simulations
[3.797s] -- Symlinking: /home/user/hand_gesture_robot/turtlebot_ws/install/turtlebot3_simulations/share/turtlebot3_simulations/environment/ament_prefix_path.sh
[3.803s] -- Symlinking: /home/user/hand_gesture_robot/turtlebot_ws/install/turtlebot3_simulations/share/turtlebot3_simulations/environment/ament_prefix_path.dsv
[3.809s] -- Symlinking: /home/user/hand_gesture_robot/turtlebot_ws/install/turtlebot3_simulations/share/turtlebot3_simulations/environment/path.sh
[3.816s] -- Symlinking: /home/user/hand_gesture_robot/turtlebot_ws/install/turtlebot3_simulations/share/turtlebot3_simulations/environment/path.dsv
[3.825s] -- Symlinking: /home/user/hand_gesture_robot/turtlebot_ws/install/turtlebot3_simulations/share/turtlebot3_simulations/local_setup.bash
[3.831s] -- Symlinking: /home/user/hand_gesture_robot/turtlebot_ws/install/turtlebot3_simulations/share/turtlebot3_simulations/local_setup.sh
[3.837s] -- Symlinking: /home/user/hand_gesture_robot/turtlebot_ws/install/turtlebot3_simulations/share/turtlebot3_simulations/local_setup.zsh
[3.843s] -- Symlinking: /home/user/hand_gesture_robot/turtlebot_ws/install/turtlebot3_simulations/share/turtlebot3_simulations/local_setup.dsv
[3.850s] -- Symlinking: /home/user/hand_gesture_robot/turtlebot_ws/install/turtlebot3_simulations/share/turtlebot3_simulations/package.dsv
[3.857s] -- Symlinking: /home/user/hand_gesture_robot/turtlebot_ws/install/turtlebot3_simulations/share/ament_index/resource_index/packages/turtlebot3_simulations
[3.864s] -- Symlinking: /home/user/hand_gesture_robot/turtlebot_ws/install/turtlebot3_simulations/share/turtlebot3_simulations/cmake/turtlebot3_simulationsConfig.cmake
[3.871s] -- Symlinking: /home/user/hand_gesture_robot/turtlebot_ws/install/turtlebot3_simulations/share/turtlebot3_simulations/cmake/turtlebot3_simulationsConfig-version.cmake
[3.878s] -- Symlinking: /home/user/hand_gesture_robot/turtlebot_ws/install/turtlebot3_simulations/share/turtlebot3_simulations/package.xml
[3.887s] Invoked command in '/home/user/hand_gesture_robot/turtlebot_ws/build/turtlebot3_simulations' returned '0': AMENT_PREFIX_PATH=/home/user/hand_gesture_robot/turtlebot_ws/install/turtlebot3_fake_node:/home/user/hand_gesture_robot/turtlebot_ws/install/turtlebot3_msgs:/home/user/hand_gesture_robot/turtlebot_ws/install/turtlebot3_manipulation_gazebo:/home/user/hand_gesture_robot/turtlebot_ws/install/turtlebot3_gazebo:${AMENT_PREFIX_PATH} CMAKE_PREFIX_PATH=/home/user/hand_gesture_robot/turtlebot_ws/install/turtlebot3_fake_node:/home/user/hand_gesture_robot/turtlebot_ws/install/turtlebot3_msgs:/home/user/hand_gesture_robot/turtlebot_ws/install/turtlebot3_manipulation_gazebo:/home/user/hand_gesture_robot/turtlebot_ws/install/turtlebot3_gazebo:/opt/ros/humble LD_LIBRARY_PATH=/home/user/hand_gesture_robot/turtlebot_ws/install/turtlebot3_msgs/lib:${LD_LIBRARY_PATH} PYTHONPATH=/home/user/hand_gesture_robot/turtlebot_ws/install/turtlebot3_msgs/local/lib/python3.10/dist-packages:${PYTHONPATH} /usr/bin/cmake --install /home/user/hand_gesture_robot/turtlebot_ws/build/turtlebot3_simulations
