[0.019s] Invoking command in '/home/user/hand_gesture_robot/turtlebot_ws/build/turtlebot3_fake_node': CMAKE_PREFIX_PATH=/opt/ros/humble /usr/bin/cmake /home/user/hand_gesture_robot/turtlebot_ws/src/turtlebot3_simulations/turtlebot3_fake_node -DAMENT_CMAKE_SYMLINK_INSTALL=1 -DCMAKE_INSTALL_PREFIX=/home/user/hand_gesture_robot/turtlebot_ws/install/turtlebot3_fake_node
[0.372s] -- The C compiler identification is GNU 11.4.0
[1.570s] -- The CXX compiler identification is GNU 11.4.0
[2.447s] -- Detecting C compiler ABI info
[2.758s] -- Detecting C compiler ABI info - done
[2.764s] -- Check for working C compiler: /usr/bin/cc - skipped
[2.764s] -- Detecting C compile features
[2.764s] -- Detecting C compile features - done
[2.767s] -- Detecting CXX compiler ABI info
[3.061s] -- Detecting CXX compiler ABI info - done
[3.067s] -- Check for working CXX compiler: /usr/bin/c++ - skipped
[3.067s] -- Detecting CXX compile features
[3.068s] -- Detecting CXX compile features - done
[3.070s] -- Found ament_cmake: 1.3.11 (/opt/ros/humble/share/ament_cmake/cmake)
[3.192s] -- Found Python3: /usr/bin/python3 (found version "3.10.12") found components: Interpreter 
[3.245s] -- Override CMake install command with custom implementation using symlinks instead of copying resources
[3.266s] -- Found geometry_msgs: 4.9.0 (/opt/ros/humble/share/geometry_msgs/cmake)
[3.572s] -- Found rosidl_generator_c: 3.1.6 (/opt/ros/humble/share/rosidl_generator_c/cmake)
[3.577s] -- Found rosidl_adapter: 3.1.6 (/opt/ros/humble/share/rosidl_adapter/cmake)
[3.583s] -- Found rosidl_generator_cpp: 3.1.6 (/opt/ros/humble/share/rosidl_generator_cpp/cmake)
[3.593s] -- Using all available rosidl_typesupport_c: rosidl_typesupport_fastrtps_c;rosidl_typesupport_introspection_c
[3.606s] -- Using all available rosidl_typesupport_cpp: rosidl_typesupport_fastrtps_cpp;rosidl_typesupport_introspection_cpp
[3.637s] -- Found nav_msgs: 4.9.0 (/opt/ros/humble/share/nav_msgs/cmake)
[3.652s] -- Found rclcpp: 16.0.12 (/opt/ros/humble/share/rclcpp/cmake)
[3.681s] -- Found rmw_implementation_cmake: 6.1.2 (/opt/ros/humble/share/rmw_implementation_cmake/cmake)
[3.684s] -- Found rmw_fastrtps_cpp: 6.2.7 (/opt/ros/humble/share/rmw_fastrtps_cpp/cmake)
[6.376s] -- Found OpenSSL: /usr/lib/x86_64-linux-gnu/libcrypto.so (found version "3.0.2")  
[9.334s] -- Found FastRTPS: /opt/ros/humble/include  
[14.715s] -- Using RMW implementation 'rmw_fastrtps_cpp' as default
[14.724s] -- Looking for pthread.h
[15.015s] -- Looking for pthread.h - found
[15.016s] -- Performing Test CMAKE_HAVE_LIBC_PTHREAD
[15.305s] -- Performing Test CMAKE_HAVE_LIBC_PTHREAD - Success
[15.306s] -- Found Threads: TRUE  
[15.351s] -- Found sensor_msgs: 4.9.0 (/opt/ros/humble/share/sensor_msgs/cmake)
[15.372s] -- Found tf2: 0.25.13 (/opt/ros/humble/share/tf2/cmake)
[15.383s] -- Found tf2_msgs: 0.25.13 (/opt/ros/humble/share/tf2_msgs/cmake)
[17.966s] [31mCMake Error at CMakeLists.txt:25 (find_package):
[17.966s]   By not providing "Findturtlebot3_msgs.cmake" in CMAKE_MODULE_PATH this
[17.966s]   project has asked CMake to find a package configuration file provided by
[17.966s]   "turtlebot3_msgs", but CMake did not find one.
[17.966s] 
[17.966s]   Could not find a package configuration file provided by "turtlebot3_msgs"
[17.966s]   with any of the following names:
[17.966s] 
[17.966s]     turtlebot3_msgsConfig.cmake
[17.966s]     turtlebot3_msgs-config.cmake
[17.966s] 
[17.966s]   Add the installation prefix of "turtlebot3_msgs" to CMAKE_PREFIX_PATH or
[17.967s]   set "turtlebot3_msgs_DIR" to a directory containing one of the above files.
[17.967s]   If "turtlebot3_msgs" provides a separate development package or SDK, be
[17.967s]   sure it has been installed.
[17.967s] 
[17.967s] [0m
[17.967s] -- Configuring incomplete, errors occurred!
[17.967s] See also "/home/user/hand_gesture_robot/turtlebot_ws/build/turtlebot3_fake_node/CMakeFiles/CMakeOutput.log".
[17.975s] Invoked command in '/home/user/hand_gesture_robot/turtlebot_ws/build/turtlebot3_fake_node' returned '1': CMAKE_PREFIX_PATH=/opt/ros/humble /usr/bin/cmake /home/user/hand_gesture_robot/turtlebot_ws/src/turtlebot3_simulations/turtlebot3_fake_node -DAMENT_CMAKE_SYMLINK_INSTALL=1 -DCMAKE_INSTALL_PREFIX=/home/user/hand_gesture_robot/turtlebot_ws/install/turtlebot3_fake_node
