[0.226s] Invoking command in '/home/user/hand_gesture_robot/turtlebot_ws/build/turtlebot3_fake_node': AMENT_PREFIX_PATH=/home/user/hand_gesture_robot/turtlebot_ws/install/turtlebot3_msgs:${AMENT_PREFIX_PATH} CMAKE_PREFIX_PATH=/home/user/hand_gesture_robot/turtlebot_ws/install/turtlebot3_msgs:/opt/ros/humble LD_LIBRARY_PATH=/home/user/hand_gesture_robot/turtlebot_ws/install/turtlebot3_msgs/lib:/opt/ros/humble/opt/rviz_ogre_vendor/lib:/opt/ros/humble/lib/x86_64-linux-gnu:/opt/ros/humble/lib:/usr/lib/x86_64-linux-gnu/gazebo-11/plugins:/usr/lib/x86_64-linux-gnu/gazebo-11/plugins:/usr/lib/x86_64-linux-gnu/gazebo-11/plugins PYTHONPATH=/home/user/hand_gesture_robot/turtlebot_ws/install/turtlebot3_msgs/local/lib/python3.10/dist-packages:${PYTHONPATH} /usr/bin/cmake /home/user/hand_gesture_robot/turtlebot_ws/src/turtlebot3_simulations/turtlebot3_fake_node -DCMAKE_INSTALL_PREFIX=/home/user/hand_gesture_robot/turtlebot_ws/install/turtlebot3_fake_node
[0.235s] -- Found ament_cmake: 1.3.11 (/opt/ros/humble/share/ament_cmake/cmake)
[0.346s] -- Override CMake install command with custom implementation using symlinks instead of copying resources
[0.353s] -- Found geometry_msgs: 4.9.0 (/opt/ros/humble/share/geometry_msgs/cmake)
[0.540s] -- Found rosidl_generator_c: 3.1.6 (/opt/ros/humble/share/rosidl_generator_c/cmake)
[0.543s] -- Found rosidl_adapter: 3.1.6 (/opt/ros/humble/share/rosidl_adapter/cmake)
[0.550s] -- Found rosidl_generator_cpp: 3.1.6 (/opt/ros/humble/share/rosidl_generator_cpp/cmake)
[0.561s] -- Using all available rosidl_typesupport_c: rosidl_typesupport_fastrtps_c;rosidl_typesupport_introspection_c
[0.575s] -- Using all available rosidl_typesupport_cpp: rosidl_typesupport_fastrtps_cpp;rosidl_typesupport_introspection_cpp
[0.616s] -- Found nav_msgs: 4.9.0 (/opt/ros/humble/share/nav_msgs/cmake)
[0.640s] -- Found rclcpp: 16.0.12 (/opt/ros/humble/share/rclcpp/cmake)
[0.686s] -- Found rmw_implementation_cmake: 6.1.2 (/opt/ros/humble/share/rmw_implementation_cmake/cmake)
[0.689s] -- Found rmw_fastrtps_cpp: 6.2.7 (/opt/ros/humble/share/rmw_fastrtps_cpp/cmake)
[10.347s] -- Using RMW implementation 'rmw_fastrtps_cpp' as default
[10.402s] -- Found sensor_msgs: 4.9.0 (/opt/ros/humble/share/sensor_msgs/cmake)
[10.422s] -- Found tf2: 0.25.13 (/opt/ros/humble/share/tf2/cmake)
[10.430s] -- Found tf2_msgs: 0.25.13 (/opt/ros/humble/share/tf2_msgs/cmake)
[10.467s] -- Found turtlebot3_msgs: 2.4.0 (/home/user/hand_gesture_robot/turtlebot_ws/install/turtlebot3_msgs/share/turtlebot3_msgs/cmake)
[10.558s] -- Configuring done
[10.576s] -- Generating done
[10.581s] -- Build files have been written to: /home/user/hand_gesture_robot/turtlebot_ws/build/turtlebot3_fake_node
[10.590s] Invoked command in '/home/user/hand_gesture_robot/turtlebot_ws/build/turtlebot3_fake_node' returned '0': AMENT_PREFIX_PATH=/home/user/hand_gesture_robot/turtlebot_ws/install/turtlebot3_msgs:${AMENT_PREFIX_PATH} CMAKE_PREFIX_PATH=/home/user/hand_gesture_robot/turtlebot_ws/install/turtlebot3_msgs:/opt/ros/humble LD_LIBRARY_PATH=/home/user/hand_gesture_robot/turtlebot_ws/install/turtlebot3_msgs/lib:/opt/ros/humble/opt/rviz_ogre_vendor/lib:/opt/ros/humble/lib/x86_64-linux-gnu:/opt/ros/humble/lib:/usr/lib/x86_64-linux-gnu/gazebo-11/plugins:/usr/lib/x86_64-linux-gnu/gazebo-11/plugins:/usr/lib/x86_64-linux-gnu/gazebo-11/plugins PYTHONPATH=/home/user/hand_gesture_robot/turtlebot_ws/install/turtlebot3_msgs/local/lib/python3.10/dist-packages:${PYTHONPATH} /usr/bin/cmake /home/user/hand_gesture_robot/turtlebot_ws/src/turtlebot3_simulations/turtlebot3_fake_node -DCMAKE_INSTALL_PREFIX=/home/user/hand_gesture_robot/turtlebot_ws/install/turtlebot3_fake_node
[10.592s] Invoking command in '/home/user/hand_gesture_robot/turtlebot_ws/build/turtlebot3_fake_node': AMENT_PREFIX_PATH=/home/user/hand_gesture_robot/turtlebot_ws/install/turtlebot3_msgs:${AMENT_PREFIX_PATH} CMAKE_PREFIX_PATH=/home/user/hand_gesture_robot/turtlebot_ws/install/turtlebot3_msgs:/opt/ros/humble LD_LIBRARY_PATH=/home/user/hand_gesture_robot/turtlebot_ws/install/turtlebot3_msgs/lib:/opt/ros/humble/opt/rviz_ogre_vendor/lib:/opt/ros/humble/lib/x86_64-linux-gnu:/opt/ros/humble/lib:/usr/lib/x86_64-linux-gnu/gazebo-11/plugins:/usr/lib/x86_64-linux-gnu/gazebo-11/plugins:/usr/lib/x86_64-linux-gnu/gazebo-11/plugins PYTHONPATH=/home/user/hand_gesture_robot/turtlebot_ws/install/turtlebot3_msgs/local/lib/python3.10/dist-packages:${PYTHONPATH} /usr/bin/cmake --build /home/user/hand_gesture_robot/turtlebot_ws/build/turtlebot3_fake_node -- -j16 -l16
[10.623s] [35m[1mConsolidate compiler generated dependencies of target turtlebot3_fake_node[0m
[10.640s] [100%] Built target turtlebot3_fake_node
[10.649s] Invoked command in '/home/user/hand_gesture_robot/turtlebot_ws/build/turtlebot3_fake_node' returned '0': AMENT_PREFIX_PATH=/home/user/hand_gesture_robot/turtlebot_ws/install/turtlebot3_msgs:${AMENT_PREFIX_PATH} CMAKE_PREFIX_PATH=/home/user/hand_gesture_robot/turtlebot_ws/install/turtlebot3_msgs:/opt/ros/humble LD_LIBRARY_PATH=/home/user/hand_gesture_robot/turtlebot_ws/install/turtlebot3_msgs/lib:/opt/ros/humble/opt/rviz_ogre_vendor/lib:/opt/ros/humble/lib/x86_64-linux-gnu:/opt/ros/humble/lib:/usr/lib/x86_64-linux-gnu/gazebo-11/plugins:/usr/lib/x86_64-linux-gnu/gazebo-11/plugins:/usr/lib/x86_64-linux-gnu/gazebo-11/plugins PYTHONPATH=/home/user/hand_gesture_robot/turtlebot_ws/install/turtlebot3_msgs/local/lib/python3.10/dist-packages:${PYTHONPATH} /usr/bin/cmake --build /home/user/hand_gesture_robot/turtlebot_ws/build/turtlebot3_fake_node -- -j16 -l16
[10.651s] Invoking command in '/home/user/hand_gesture_robot/turtlebot_ws/build/turtlebot3_fake_node': AMENT_PREFIX_PATH=/home/user/hand_gesture_robot/turtlebot_ws/install/turtlebot3_msgs:${AMENT_PREFIX_PATH} CMAKE_PREFIX_PATH=/home/user/hand_gesture_robot/turtlebot_ws/install/turtlebot3_msgs:/opt/ros/humble LD_LIBRARY_PATH=/home/user/hand_gesture_robot/turtlebot_ws/install/turtlebot3_msgs/lib:/opt/ros/humble/opt/rviz_ogre_vendor/lib:/opt/ros/humble/lib/x86_64-linux-gnu:/opt/ros/humble/lib:/usr/lib/x86_64-linux-gnu/gazebo-11/plugins:/usr/lib/x86_64-linux-gnu/gazebo-11/plugins:/usr/lib/x86_64-linux-gnu/gazebo-11/plugins PYTHONPATH=/home/user/hand_gesture_robot/turtlebot_ws/install/turtlebot3_msgs/local/lib/python3.10/dist-packages:${PYTHONPATH} /usr/bin/cmake --install /home/user/hand_gesture_robot/turtlebot_ws/build/turtlebot3_fake_node
[10.656s] -- Install configuration: ""
[10.656s] -- Execute custom install script
[10.657s] -- Up-to-date symlink: /home/user/hand_gesture_robot/turtlebot_ws/install/turtlebot3_fake_node/lib/turtlebot3_fake_node/turtlebot3_fake_node
[10.658s] -- Up-to-date symlink: /home/user/hand_gesture_robot/turtlebot_ws/install/turtlebot3_fake_node/share/turtlebot3_fake_node/launch/rviz2.launch.py
[10.658s] -- Up-to-date symlink: /home/user/hand_gesture_robot/turtlebot_ws/install/turtlebot3_fake_node/share/turtlebot3_fake_node/launch/turtlebot3_fake_node.launch.py
[10.659s] -- Up-to-date symlink: /home/user/hand_gesture_robot/turtlebot_ws/install/turtlebot3_fake_node/share/turtlebot3_fake_node/param/burger.yaml
[10.659s] -- Up-to-date symlink: /home/user/hand_gesture_robot/turtlebot_ws/install/turtlebot3_fake_node/share/turtlebot3_fake_node/param/waffle.yaml
[10.660s] -- Up-to-date symlink: /home/user/hand_gesture_robot/turtlebot_ws/install/turtlebot3_fake_node/share/turtlebot3_fake_node/param/waffle_pi.yaml
[10.661s] -- Up-to-date symlink: /home/user/hand_gesture_robot/turtlebot_ws/install/turtlebot3_fake_node/include//turtlebot3_fake_node/turtlebot3_fake_node.hpp
[10.661s] -- Up-to-date symlink: /home/user/hand_gesture_robot/turtlebot_ws/install/turtlebot3_fake_node/share/ament_index/resource_index/package_run_dependencies/turtlebot3_fake_node
[10.661s] -- Up-to-date symlink: /home/user/hand_gesture_robot/turtlebot_ws/install/turtlebot3_fake_node/share/ament_index/resource_index/parent_prefix_path/turtlebot3_fake_node
[10.662s] -- Up-to-date symlink: /home/user/hand_gesture_robot/turtlebot_ws/install/turtlebot3_fake_node/share/turtlebot3_fake_node/environment/ament_prefix_path.sh
[10.662s] -- Up-to-date symlink: /home/user/hand_gesture_robot/turtlebot_ws/install/turtlebot3_fake_node/share/turtlebot3_fake_node/environment/ament_prefix_path.dsv
[10.663s] -- Up-to-date symlink: /home/user/hand_gesture_robot/turtlebot_ws/install/turtlebot3_fake_node/share/turtlebot3_fake_node/environment/path.sh
[10.663s] -- Up-to-date symlink: /home/user/hand_gesture_robot/turtlebot_ws/install/turtlebot3_fake_node/share/turtlebot3_fake_node/environment/path.dsv
[10.664s] -- Up-to-date symlink: /home/user/hand_gesture_robot/turtlebot_ws/install/turtlebot3_fake_node/share/turtlebot3_fake_node/local_setup.bash
[10.664s] -- Up-to-date symlink: /home/user/hand_gesture_robot/turtlebot_ws/install/turtlebot3_fake_node/share/turtlebot3_fake_node/local_setup.sh
[10.665s] -- Up-to-date symlink: /home/user/hand_gesture_robot/turtlebot_ws/install/turtlebot3_fake_node/share/turtlebot3_fake_node/local_setup.zsh
[10.665s] -- Up-to-date symlink: /home/user/hand_gesture_robot/turtlebot_ws/install/turtlebot3_fake_node/share/turtlebot3_fake_node/local_setup.dsv
[10.665s] -- Symlinking: /home/user/hand_gesture_robot/turtlebot_ws/install/turtlebot3_fake_node/share/turtlebot3_fake_node/package.dsv
[10.673s] -- Up-to-date symlink: /home/user/hand_gesture_robot/turtlebot_ws/install/turtlebot3_fake_node/share/ament_index/resource_index/packages/turtlebot3_fake_node
[10.673s] -- Up-to-date symlink: /home/user/hand_gesture_robot/turtlebot_ws/install/turtlebot3_fake_node/share/turtlebot3_fake_node/cmake/ament_cmake_export_include_directories-extras.cmake
[10.673s] -- Up-to-date symlink: /home/user/hand_gesture_robot/turtlebot_ws/install/turtlebot3_fake_node/share/turtlebot3_fake_node/cmake/ament_cmake_export_dependencies-extras.cmake
[10.674s] -- Up-to-date symlink: /home/user/hand_gesture_robot/turtlebot_ws/install/turtlebot3_fake_node/share/turtlebot3_fake_node/cmake/turtlebot3_fake_nodeConfig.cmake
[10.674s] -- Up-to-date symlink: /home/user/hand_gesture_robot/turtlebot_ws/install/turtlebot3_fake_node/share/turtlebot3_fake_node/cmake/turtlebot3_fake_nodeConfig-version.cmake
[10.674s] -- Up-to-date symlink: /home/user/hand_gesture_robot/turtlebot_ws/install/turtlebot3_fake_node/share/turtlebot3_fake_node/package.xml
[10.676s] Invoked command in '/home/user/hand_gesture_robot/turtlebot_ws/build/turtlebot3_fake_node' returned '0': AMENT_PREFIX_PATH=/home/user/hand_gesture_robot/turtlebot_ws/install/turtlebot3_msgs:${AMENT_PREFIX_PATH} CMAKE_PREFIX_PATH=/home/user/hand_gesture_robot/turtlebot_ws/install/turtlebot3_msgs:/opt/ros/humble LD_LIBRARY_PATH=/home/user/hand_gesture_robot/turtlebot_ws/install/turtlebot3_msgs/lib:/opt/ros/humble/opt/rviz_ogre_vendor/lib:/opt/ros/humble/lib/x86_64-linux-gnu:/opt/ros/humble/lib:/usr/lib/x86_64-linux-gnu/gazebo-11/plugins:/usr/lib/x86_64-linux-gnu/gazebo-11/plugins:/usr/lib/x86_64-linux-gnu/gazebo-11/plugins PYTHONPATH=/home/user/hand_gesture_robot/turtlebot_ws/install/turtlebot3_msgs/local/lib/python3.10/dist-packages:${PYTHONPATH} /usr/bin/cmake --install /home/user/hand_gesture_robot/turtlebot_ws/build/turtlebot3_fake_node
