running egg_info
creating ../../build/turtlebot3_mover/turtlebot3_mover.egg-info
writing ../../build/turtlebot3_mover/turtlebot3_mover.egg-info/PKG-INFO
writing dependency_links to ../../build/turtlebot3_mover/turtlebot3_mover.egg-info/dependency_links.txt
writing entry points to ../../build/turtlebot3_mover/turtlebot3_mover.egg-info/entry_points.txt
writing requirements to ../../build/turtlebot3_mover/turtlebot3_mover.egg-info/requires.txt
writing top-level names to ../../build/turtlebot3_mover/turtlebot3_mover.egg-info/top_level.txt
writing manifest file '../../build/turtlebot3_mover/turtlebot3_mover.egg-info/SOURCES.txt'
reading manifest file '../../build/turtlebot3_mover/turtlebot3_mover.egg-info/SOURCES.txt'
writing manifest file '../../build/turtlebot3_mover/turtlebot3_mover.egg-info/SOURCES.txt'
running build
running build_py
creating /home/user/hand_gesture_robot/turtlebot_ws/build/turtlebot3_mover/build
creating /home/user/hand_gesture_robot/turtlebot_ws/build/turtlebot3_mover/build/lib
creating /home/user/hand_gesture_robot/turtlebot_ws/build/turtlebot3_mover/build/lib/turtlebot3_mover
copying turtlebot3_mover/__init__.py -> /home/user/hand_gesture_robot/turtlebot_ws/build/turtlebot3_mover/build/lib/turtlebot3_mover
copying turtlebot3_mover/move_bot.py -> /home/user/hand_gesture_robot/turtlebot_ws/build/turtlebot3_mover/build/lib/turtlebot3_mover
running install
running install_lib
creating /home/user/hand_gesture_robot/turtlebot_ws/install/turtlebot3_mover/lib/python3.10/site-packages/turtlebot3_mover
copying /home/user/hand_gesture_robot/turtlebot_ws/build/turtlebot3_mover/build/lib/turtlebot3_mover/__init__.py -> /home/user/hand_gesture_robot/turtlebot_ws/install/turtlebot3_mover/lib/python3.10/site-packages/turtlebot3_mover
copying /home/user/hand_gesture_robot/turtlebot_ws/build/turtlebot3_mover/build/lib/turtlebot3_mover/move_bot.py -> /home/user/hand_gesture_robot/turtlebot_ws/install/turtlebot3_mover/lib/python3.10/site-packages/turtlebot3_mover
byte-compiling /home/user/hand_gesture_robot/turtlebot_ws/install/turtlebot3_mover/lib/python3.10/site-packages/turtlebot3_mover/__init__.py to __init__.cpython-310.pyc
byte-compiling /home/user/hand_gesture_robot/turtlebot_ws/install/turtlebot3_mover/lib/python3.10/site-packages/turtlebot3_mover/move_bot.py to move_bot.cpython-310.pyc
running install_data
creating /home/user/hand_gesture_robot/turtlebot_ws/install/turtlebot3_mover/share/ament_index
creating /home/user/hand_gesture_robot/turtlebot_ws/install/turtlebot3_mover/share/ament_index/resource_index
creating /home/user/hand_gesture_robot/turtlebot_ws/install/turtlebot3_mover/share/ament_index/resource_index/packages
copying resource/turtlebot3_mover -> /home/user/hand_gesture_robot/turtlebot_ws/install/turtlebot3_mover/share/ament_index/resource_index/packages
copying package.xml -> /home/user/hand_gesture_robot/turtlebot_ws/install/turtlebot3_mover/share/turtlebot3_mover
running install_egg_info
Copying ../../build/turtlebot3_mover/turtlebot3_mover.egg-info to /home/user/hand_gesture_robot/turtlebot_ws/install/turtlebot3_mover/lib/python3.10/site-packages/turtlebot3_mover-0.0.0-py3.10.egg-info
running install_scripts
Installing move_bot script to /home/user/hand_gesture_robot/turtlebot_ws/install/turtlebot3_mover/lib/turtlebot3_mover
writing list of installed files to '/home/user/hand_gesture_robot/turtlebot_ws/build/turtlebot3_mover/install.log'
