[0.499s] Invoking command in '/home/user/hand_gesture_robot/turtlebot_ws/build/turtlebot3_simulations': CMAKE_PREFIX_PATH=/home/user/hand_gesture_robot/turtlebot_ws/install/turtlebot3_fake_node:/home/user/hand_gesture_robot/turtlebot_ws/install/turtlebot3_msgs:/home/user/hand_gesture_robot/turtlebot_ws/install/turtlebot3_manipulation_gazebo:/home/user/hand_gesture_robot/turtlebot_ws/install/turtlebot3_gazebo:/home/user/hand_gesture_robot/turtlebot_ws/install/turtlebot3_simulations:/opt/ros/humble /usr/bin/cmake --build /home/user/hand_gesture_robot/turtlebot_ws/build/turtlebot3_simulations -- -j16 -l16
[0.526s] Invoked command in '/home/user/hand_gesture_robot/turtlebot_ws/build/turtlebot3_simulations' returned '0': CMAKE_PREFIX_PATH=/home/user/hand_gesture_robot/turtlebot_ws/install/turtlebot3_fake_node:/home/user/hand_gesture_robot/turtlebot_ws/install/turtlebot3_msgs:/home/user/hand_gesture_robot/turtlebot_ws/install/turtlebot3_manipulation_gazebo:/home/user/hand_gesture_robot/turtlebot_ws/install/turtlebot3_gazebo:/home/user/hand_gesture_robot/turtlebot_ws/install/turtlebot3_simulations:/opt/ros/humble /usr/bin/cmake --build /home/user/hand_gesture_robot/turtlebot_ws/build/turtlebot3_simulations -- -j16 -l16
[0.529s] Invoking command in '/home/user/hand_gesture_robot/turtlebot_ws/build/turtlebot3_simulations': CMAKE_PREFIX_PATH=/home/user/hand_gesture_robot/turtlebot_ws/install/turtlebot3_fake_node:/home/user/hand_gesture_robot/turtlebot_ws/install/turtlebot3_msgs:/home/user/hand_gesture_robot/turtlebot_ws/install/turtlebot3_manipulation_gazebo:/home/user/hand_gesture_robot/turtlebot_ws/install/turtlebot3_gazebo:/home/user/hand_gesture_robot/turtlebot_ws/install/turtlebot3_simulations:/opt/ros/humble /usr/bin/cmake --install /home/user/hand_gesture_robot/turtlebot_ws/build/turtlebot3_simulations
[0.534s] -- Install configuration: ""
[0.534s] -- Execute custom install script
[0.535s] -- Up-to-date symlink: /home/user/hand_gesture_robot/turtlebot_ws/install/turtlebot3_simulations/share/ament_index/resource_index/package_run_dependencies/turtlebot3_simulations
[0.535s] -- Up-to-date symlink: /home/user/hand_gesture_robot/turtlebot_ws/install/turtlebot3_simulations/share/ament_index/resource_index/parent_prefix_path/turtlebot3_simulations
[0.535s] -- Up-to-date symlink: /home/user/hand_gesture_robot/turtlebot_ws/install/turtlebot3_simulations/share/turtlebot3_simulations/environment/ament_prefix_path.sh
[0.536s] -- Up-to-date symlink: /home/user/hand_gesture_robot/turtlebot_ws/install/turtlebot3_simulations/share/turtlebot3_simulations/environment/ament_prefix_path.dsv
[0.536s] -- Up-to-date symlink: /home/user/hand_gesture_robot/turtlebot_ws/install/turtlebot3_simulations/share/turtlebot3_simulations/environment/path.sh
[0.537s] -- Up-to-date symlink: /home/user/hand_gesture_robot/turtlebot_ws/install/turtlebot3_simulations/share/turtlebot3_simulations/environment/path.dsv
[0.537s] -- Up-to-date symlink: /home/user/hand_gesture_robot/turtlebot_ws/install/turtlebot3_simulations/share/turtlebot3_simulations/local_setup.bash
[0.537s] -- Up-to-date symlink: /home/user/hand_gesture_robot/turtlebot_ws/install/turtlebot3_simulations/share/turtlebot3_simulations/local_setup.sh
[0.538s] -- Up-to-date symlink: /home/user/hand_gesture_robot/turtlebot_ws/install/turtlebot3_simulations/share/turtlebot3_simulations/local_setup.zsh
[0.538s] -- Up-to-date symlink: /home/user/hand_gesture_robot/turtlebot_ws/install/turtlebot3_simulations/share/turtlebot3_simulations/local_setup.dsv
[0.538s] -- Symlinking: /home/user/hand_gesture_robot/turtlebot_ws/install/turtlebot3_simulations/share/turtlebot3_simulations/package.dsv
[0.546s] -- Up-to-date symlink: /home/user/hand_gesture_robot/turtlebot_ws/install/turtlebot3_simulations/share/ament_index/resource_index/packages/turtlebot3_simulations
[0.546s] -- Up-to-date symlink: /home/user/hand_gesture_robot/turtlebot_ws/install/turtlebot3_simulations/share/turtlebot3_simulations/cmake/turtlebot3_simulationsConfig.cmake
[0.546s] -- Up-to-date symlink: /home/user/hand_gesture_robot/turtlebot_ws/install/turtlebot3_simulations/share/turtlebot3_simulations/cmake/turtlebot3_simulationsConfig-version.cmake
[0.547s] -- Up-to-date symlink: /home/user/hand_gesture_robot/turtlebot_ws/install/turtlebot3_simulations/share/turtlebot3_simulations/package.xml
[0.549s] Invoked command in '/home/user/hand_gesture_robot/turtlebot_ws/build/turtlebot3_simulations' returned '0': CMAKE_PREFIX_PATH=/home/user/hand_gesture_robot/turtlebot_ws/install/turtlebot3_fake_node:/home/user/hand_gesture_robot/turtlebot_ws/install/turtlebot3_msgs:/home/user/hand_gesture_robot/turtlebot_ws/install/turtlebot3_manipulation_gazebo:/home/user/hand_gesture_robot/turtlebot_ws/install/turtlebot3_gazebo:/home/user/hand_gesture_robot/turtlebot_ws/install/turtlebot3_simulations:/opt/ros/humble /usr/bin/cmake --install /home/user/hand_gesture_robot/turtlebot_ws/build/turtlebot3_simulations
