[0.028s] Invoking command in '/home/user/hand_gesture_robot/turtlebot_ws/build/turtlebot3_msgs': CMAKE_PREFIX_PATH=/opt/ros/humble /usr/bin/cmake /home/user/hand_gesture_robot/turtlebot_ws/src/turtlebot3_msgs -DCMAKE_INSTALL_PREFIX=/home/user/hand_gesture_robot/turtlebot_ws/install/turtlebot3_msgs
[0.075s] -- Found action_msgs: 1.2.1 (/opt/ros/humble/share/action_msgs/cmake)
[0.186s] -- Override CMake install command with custom implementation using symlinks instead of copying resources
[0.500s] -- Found rosidl_generator_c: 3.1.6 (/opt/ros/humble/share/rosidl_generator_c/cmake)
[0.505s] -- Found rosidl_adapter: 3.1.6 (/opt/ros/humble/share/rosidl_adapter/cmake)
[0.517s] -- Found rosidl_generator_cpp: 3.1.6 (/opt/ros/humble/share/rosidl_generator_cpp/cmake)
[0.533s] -- Using all available rosidl_typesupport_c: rosidl_typesupport_fastrtps_c;rosidl_typesupport_introspection_c
[0.553s] -- Using all available rosidl_typesupport_cpp: rosidl_typesupport_fastrtps_cpp;rosidl_typesupport_introspection_cpp
[0.603s] -- Found rosidl_default_generators: 1.2.0 (/opt/ros/humble/share/rosidl_default_generators/cmake)
[0.613s] -- Found std_msgs: 4.9.0 (/opt/ros/humble/share/std_msgs/cmake)
[0.630s] -- Found geometry_msgs: 4.9.0 (/opt/ros/humble/share/geometry_msgs/cmake)
[0.958s] -- Found ament_cmake_cppcheck: 0.12.12 (/opt/ros/humble/share/ament_cmake_cppcheck/cmake)
[0.960s] -- Found ament_cmake_cpplint: 0.12.12 (/opt/ros/humble/share/ament_cmake_cpplint/cmake)
[0.961s] -- Found ament_cmake_uncrustify: 0.12.12 (/opt/ros/humble/share/ament_cmake_uncrustify/cmake)
[0.963s] -- Found ament_cmake_ros: 0.10.0 (/opt/ros/humble/share/ament_cmake_ros/cmake)
[1.358s] -- Using all available rosidl_typesupport_c: rosidl_typesupport_fastrtps_c;rosidl_typesupport_introspection_c
[1.497s] -- Using all available rosidl_typesupport_cpp: rosidl_typesupport_fastrtps_cpp;rosidl_typesupport_introspection_cpp
[1.518s] -- Found python_cmake_module: 0.10.0 (/opt/ros/humble/share/python_cmake_module/cmake)
[1.537s] -- Using PYTHON_EXECUTABLE: /usr/bin/python3
[1.537s] -- Using PYTHON_INCLUDE_DIRS: /usr/include/python3.10
[1.537s] -- Using PYTHON_LIBRARIES: /usr/lib/x86_64-linux-gnu/libpython3.10.so
[1.574s] -- Found ament_cmake_flake8: 0.12.12 (/opt/ros/humble/share/ament_cmake_flake8/cmake)
[1.576s] -- Found ament_cmake_pep257: 0.12.12 (/opt/ros/humble/share/ament_cmake_pep257/cmake)
[1.597s] -- Configuring done
[1.686s] -- Generating done
[1.698s] -- Build files have been written to: /home/user/hand_gesture_robot/turtlebot_ws/build/turtlebot3_msgs
[1.709s] Invoked command in '/home/user/hand_gesture_robot/turtlebot_ws/build/turtlebot3_msgs' returned '0': CMAKE_PREFIX_PATH=/opt/ros/humble /usr/bin/cmake /home/user/hand_gesture_robot/turtlebot_ws/src/turtlebot3_msgs -DCMAKE_INSTALL_PREFIX=/home/user/hand_gesture_robot/turtlebot_ws/install/turtlebot3_msgs
[1.711s] Invoking command in '/home/user/hand_gesture_robot/turtlebot_ws/build/turtlebot3_msgs': CMAKE_PREFIX_PATH=/opt/ros/humble /usr/bin/cmake --build /home/user/hand_gesture_robot/turtlebot_ws/build/turtlebot3_msgs -- -j16 -l16
[1.748s] [35m[1mConsolidate compiler generated dependencies of target turtlebot3_msgs__rosidl_generator_c[0m
[1.752s] [  1%] Built target turtlebot3_msgs__cpp
[1.760s] [  1%] Built target ament_cmake_python_symlink_turtlebot3_msgs
[1.761s] [ 12%] Built target turtlebot3_msgs__rosidl_generator_c
[1.763s] [35m[1mConsolidate compiler generated dependencies of target turtlebot3_msgs__rosidl_typesupport_cpp[0m
[1.764s] [35m[1mConsolidate compiler generated dependencies of target turtlebot3_msgs__rosidl_typesupport_fastrtps_cpp[0m
[1.765s] [35m[1mConsolidate compiler generated dependencies of target turtlebot3_msgs__rosidl_typesupport_introspection_cpp[0m
[1.772s] [35m[1mConsolidate compiler generated dependencies of target turtlebot3_msgs__rosidl_typesupport_c[0m
[1.773s] [35m[1mConsolidate compiler generated dependencies of target turtlebot3_msgs__rosidl_typesupport_fastrtps_c[0m
[1.774s] [35m[1mConsolidate compiler generated dependencies of target turtlebot3_msgs__rosidl_typesupport_introspection_c[0m
[1.781s] [ 24%] Built target turtlebot3_msgs__rosidl_typesupport_cpp
[1.785s] [ 55%] Built target turtlebot3_msgs__rosidl_typesupport_fastrtps_cpp
[1.785s] [ 55%] Built target turtlebot3_msgs__rosidl_typesupport_introspection_cpp
[1.785s] [ 58%] Built target turtlebot3_msgs__rosidl_typesupport_c
[1.786s] [ 69%] Built target turtlebot3_msgs__rosidl_typesupport_introspection_c
[1.795s] [ 81%] Built target turtlebot3_msgs__rosidl_typesupport_fastrtps_c
[1.815s] [ 81%] Built target turtlebot3_msgs
[1.835s] [ 82%] Built target turtlebot3_msgs__py
[1.847s] [35m[1mConsolidate compiler generated dependencies of target turtlebot3_msgs__rosidl_generator_py[0m
[1.867s] [ 92%] Built target turtlebot3_msgs__rosidl_generator_py
[1.876s] [35m[1mConsolidate compiler generated dependencies of target turtlebot3_msgs__rosidl_typesupport_introspection_c__pyext[0m
[1.877s] [35m[1mConsolidate compiler generated dependencies of target turtlebot3_msgs__rosidl_typesupport_fastrtps_c__pyext[0m
[1.877s] [35m[1mConsolidate compiler generated dependencies of target turtlebot3_msgs__rosidl_typesupport_c__pyext[0m
[1.888s] [ 97%] Built target turtlebot3_msgs__rosidl_typesupport_c__pyext
[1.889s] [ 97%] Built target turtlebot3_msgs__rosidl_typesupport_fastrtps_c__pyext
[1.890s] [100%] Built target turtlebot3_msgs__rosidl_typesupport_introspection_c__pyext
[2.006s] running egg_info
[2.006s] writing turtlebot3_msgs.egg-info/PKG-INFO
[2.006s] writing dependency_links to turtlebot3_msgs.egg-info/dependency_links.txt
[2.007s] writing top-level names to turtlebot3_msgs.egg-info/top_level.txt
[2.008s] reading manifest file 'turtlebot3_msgs.egg-info/SOURCES.txt'
[2.009s] writing manifest file 'turtlebot3_msgs.egg-info/SOURCES.txt'
[2.031s] [100%] Built target ament_cmake_python_build_turtlebot3_msgs_egg
[2.042s] Invoked command in '/home/user/hand_gesture_robot/turtlebot_ws/build/turtlebot3_msgs' returned '0': CMAKE_PREFIX_PATH=/opt/ros/humble /usr/bin/cmake --build /home/user/hand_gesture_robot/turtlebot_ws/build/turtlebot3_msgs -- -j16 -l16
[2.043s] Invoking command in '/home/user/hand_gesture_robot/turtlebot_ws/build/turtlebot3_msgs': CMAKE_PREFIX_PATH=/opt/ros/humble /usr/bin/cmake --install /home/user/hand_gesture_robot/turtlebot_ws/build/turtlebot3_msgs
[2.050s] -- Install configuration: ""
[2.050s] -- Execute custom install script
[2.051s] -- Up-to-date symlink: /home/user/hand_gesture_robot/turtlebot_ws/install/turtlebot3_msgs/share/ament_index/resource_index/rosidl_interfaces/turtlebot3_msgs
[2.053s] -- Up-to-date symlink: /home/user/hand_gesture_robot/turtlebot_ws/install/turtlebot3_msgs/include/turtlebot3_msgs/turtlebot3_msgs/action/detail/patrol__functions.h
[2.054s] -- Up-to-date symlink: /home/user/hand_gesture_robot/turtlebot_ws/install/turtlebot3_msgs/include/turtlebot3_msgs/turtlebot3_msgs/action/detail/patrol__struct.h
[2.054s] -- Up-to-date symlink: /home/user/hand_gesture_robot/turtlebot_ws/install/turtlebot3_msgs/include/turtlebot3_msgs/turtlebot3_msgs/action/detail/patrol__type_support.h
[2.054s] -- Up-to-date symlink: /home/user/hand_gesture_robot/turtlebot_ws/install/turtlebot3_msgs/include/turtlebot3_msgs/turtlebot3_msgs/action/patrol.h
[2.055s] -- Up-to-date symlink: /home/user/hand_gesture_robot/turtlebot_ws/install/turtlebot3_msgs/include/turtlebot3_msgs/turtlebot3_msgs/msg/detail/sensor_state__functions.h
[2.055s] -- Up-to-date symlink: /home/user/hand_gesture_robot/turtlebot_ws/install/turtlebot3_msgs/include/turtlebot3_msgs/turtlebot3_msgs/msg/detail/sensor_state__struct.h
[2.056s] -- Up-to-date symlink: /home/user/hand_gesture_robot/turtlebot_ws/install/turtlebot3_msgs/include/turtlebot3_msgs/turtlebot3_msgs/msg/detail/sensor_state__type_support.h
[2.056s] -- Up-to-date symlink: /home/user/hand_gesture_robot/turtlebot_ws/install/turtlebot3_msgs/include/turtlebot3_msgs/turtlebot3_msgs/msg/detail/sound__functions.h
[2.056s] -- Up-to-date symlink: /home/user/hand_gesture_robot/turtlebot_ws/install/turtlebot3_msgs/include/turtlebot3_msgs/turtlebot3_msgs/msg/detail/sound__struct.h
[2.057s] -- Up-to-date symlink: /home/user/hand_gesture_robot/turtlebot_ws/install/turtlebot3_msgs/include/turtlebot3_msgs/turtlebot3_msgs/msg/detail/sound__type_support.h
[2.057s] -- Up-to-date symlink: /home/user/hand_gesture_robot/turtlebot_ws/install/turtlebot3_msgs/include/turtlebot3_msgs/turtlebot3_msgs/msg/detail/version_info__functions.h
[2.057s] -- Up-to-date symlink: /home/user/hand_gesture_robot/turtlebot_ws/install/turtlebot3_msgs/include/turtlebot3_msgs/turtlebot3_msgs/msg/detail/version_info__struct.h
[2.058s] -- Up-to-date symlink: /home/user/hand_gesture_robot/turtlebot_ws/install/turtlebot3_msgs/include/turtlebot3_msgs/turtlebot3_msgs/msg/detail/version_info__type_support.h
[2.058s] -- Up-to-date symlink: /home/user/hand_gesture_robot/turtlebot_ws/install/turtlebot3_msgs/include/turtlebot3_msgs/turtlebot3_msgs/msg/rosidl_generator_c__visibility_control.h
[2.059s] -- Up-to-date symlink: /home/user/hand_gesture_robot/turtlebot_ws/install/turtlebot3_msgs/include/turtlebot3_msgs/turtlebot3_msgs/msg/sensor_state.h
[2.059s] -- Up-to-date symlink: /home/user/hand_gesture_robot/turtlebot_ws/install/turtlebot3_msgs/include/turtlebot3_msgs/turtlebot3_msgs/msg/sound.h
[2.059s] -- Up-to-date symlink: /home/user/hand_gesture_robot/turtlebot_ws/install/turtlebot3_msgs/include/turtlebot3_msgs/turtlebot3_msgs/msg/version_info.h
[2.060s] -- Up-to-date symlink: /home/user/hand_gesture_robot/turtlebot_ws/install/turtlebot3_msgs/include/turtlebot3_msgs/turtlebot3_msgs/srv/detail/dqn__functions.h
[2.060s] -- Up-to-date symlink: /home/user/hand_gesture_robot/turtlebot_ws/install/turtlebot3_msgs/include/turtlebot3_msgs/turtlebot3_msgs/srv/detail/dqn__struct.h
[2.060s] -- Up-to-date symlink: /home/user/hand_gesture_robot/turtlebot_ws/install/turtlebot3_msgs/include/turtlebot3_msgs/turtlebot3_msgs/srv/detail/dqn__type_support.h
[2.061s] -- Up-to-date symlink: /home/user/hand_gesture_robot/turtlebot_ws/install/turtlebot3_msgs/include/turtlebot3_msgs/turtlebot3_msgs/srv/detail/goal__functions.h
[2.061s] -- Up-to-date symlink: /home/user/hand_gesture_robot/turtlebot_ws/install/turtlebot3_msgs/include/turtlebot3_msgs/turtlebot3_msgs/srv/detail/goal__struct.h
[2.062s] -- Up-to-date symlink: /home/user/hand_gesture_robot/turtlebot_ws/install/turtlebot3_msgs/include/turtlebot3_msgs/turtlebot3_msgs/srv/detail/goal__type_support.h
[2.062s] -- Up-to-date symlink: /home/user/hand_gesture_robot/turtlebot_ws/install/turtlebot3_msgs/include/turtlebot3_msgs/turtlebot3_msgs/srv/detail/sound__functions.h
[2.062s] -- Up-to-date symlink: /home/user/hand_gesture_robot/turtlebot_ws/install/turtlebot3_msgs/include/turtlebot3_msgs/turtlebot3_msgs/srv/detail/sound__struct.h
[2.063s] -- Up-to-date symlink: /home/user/hand_gesture_robot/turtlebot_ws/install/turtlebot3_msgs/include/turtlebot3_msgs/turtlebot3_msgs/srv/detail/sound__type_support.h
[2.063s] -- Up-to-date symlink: /home/user/hand_gesture_robot/turtlebot_ws/install/turtlebot3_msgs/include/turtlebot3_msgs/turtlebot3_msgs/srv/dqn.h
[2.064s] -- Up-to-date symlink: /home/user/hand_gesture_robot/turtlebot_ws/install/turtlebot3_msgs/include/turtlebot3_msgs/turtlebot3_msgs/srv/goal.h
[2.064s] -- Up-to-date symlink: /home/user/hand_gesture_robot/turtlebot_ws/install/turtlebot3_msgs/include/turtlebot3_msgs/turtlebot3_msgs/srv/sound.h
[2.064s] -- Up-to-date symlink: /home/user/hand_gesture_robot/turtlebot_ws/install/turtlebot3_msgs/share/turtlebot3_msgs/environment/library_path.sh
[2.065s] -- Up-to-date symlink: /home/user/hand_gesture_robot/turtlebot_ws/install/turtlebot3_msgs/share/turtlebot3_msgs/environment/library_path.dsv
[2.067s] -- Up-to-date symlink: /home/user/hand_gesture_robot/turtlebot_ws/install/turtlebot3_msgs/include/turtlebot3_msgs/turtlebot3_msgs/action/detail/patrol__rosidl_typesupport_fastrtps_c.h
[2.067s] -- Up-to-date symlink: /home/user/hand_gesture_robot/turtlebot_ws/install/turtlebot3_msgs/include/turtlebot3_msgs/turtlebot3_msgs/msg/detail/sensor_state__rosidl_typesupport_fastrtps_c.h
[2.067s] -- Up-to-date symlink: /home/user/hand_gesture_robot/turtlebot_ws/install/turtlebot3_msgs/include/turtlebot3_msgs/turtlebot3_msgs/msg/detail/sound__rosidl_typesupport_fastrtps_c.h
[2.068s] -- Up-to-date symlink: /home/user/hand_gesture_robot/turtlebot_ws/install/turtlebot3_msgs/include/turtlebot3_msgs/turtlebot3_msgs/msg/detail/version_info__rosidl_typesupport_fastrtps_c.h
[2.068s] -- Up-to-date symlink: /home/user/hand_gesture_robot/turtlebot_ws/install/turtlebot3_msgs/include/turtlebot3_msgs/turtlebot3_msgs/msg/rosidl_typesupport_fastrtps_c__visibility_control.h
[2.069s] -- Up-to-date symlink: /home/user/hand_gesture_robot/turtlebot_ws/install/turtlebot3_msgs/include/turtlebot3_msgs/turtlebot3_msgs/srv/detail/dqn__rosidl_typesupport_fastrtps_c.h
[2.069s] -- Up-to-date symlink: /home/user/hand_gesture_robot/turtlebot_ws/install/turtlebot3_msgs/include/turtlebot3_msgs/turtlebot3_msgs/srv/detail/goal__rosidl_typesupport_fastrtps_c.h
[2.069s] -- Up-to-date symlink: /home/user/hand_gesture_robot/turtlebot_ws/install/turtlebot3_msgs/include/turtlebot3_msgs/turtlebot3_msgs/srv/detail/sound__rosidl_typesupport_fastrtps_c.h
[2.072s] -- Up-to-date symlink: /home/user/hand_gesture_robot/turtlebot_ws/install/turtlebot3_msgs/include/turtlebot3_msgs/turtlebot3_msgs/action/detail/patrol__builder.hpp
[2.072s] -- Up-to-date symlink: /home/user/hand_gesture_robot/turtlebot_ws/install/turtlebot3_msgs/include/turtlebot3_msgs/turtlebot3_msgs/action/detail/patrol__struct.hpp
[2.073s] -- Up-to-date symlink: /home/user/hand_gesture_robot/turtlebot_ws/install/turtlebot3_msgs/include/turtlebot3_msgs/turtlebot3_msgs/action/detail/patrol__traits.hpp
[2.073s] -- Up-to-date symlink: /home/user/hand_gesture_robot/turtlebot_ws/install/turtlebot3_msgs/include/turtlebot3_msgs/turtlebot3_msgs/action/detail/patrol__type_support.hpp
[2.073s] -- Up-to-date symlink: /home/user/hand_gesture_robot/turtlebot_ws/install/turtlebot3_msgs/include/turtlebot3_msgs/turtlebot3_msgs/action/patrol.hpp
[2.074s] -- Up-to-date symlink: /home/user/hand_gesture_robot/turtlebot_ws/install/turtlebot3_msgs/include/turtlebot3_msgs/turtlebot3_msgs/msg/detail/sensor_state__builder.hpp
[2.074s] -- Up-to-date symlink: /home/user/hand_gesture_robot/turtlebot_ws/install/turtlebot3_msgs/include/turtlebot3_msgs/turtlebot3_msgs/msg/detail/sensor_state__struct.hpp
[2.074s] -- Up-to-date symlink: /home/user/hand_gesture_robot/turtlebot_ws/install/turtlebot3_msgs/include/turtlebot3_msgs/turtlebot3_msgs/msg/detail/sensor_state__traits.hpp
[2.075s] -- Up-to-date symlink: /home/user/hand_gesture_robot/turtlebot_ws/install/turtlebot3_msgs/include/turtlebot3_msgs/turtlebot3_msgs/msg/detail/sensor_state__type_support.hpp
[2.075s] -- Up-to-date symlink: /home/user/hand_gesture_robot/turtlebot_ws/install/turtlebot3_msgs/include/turtlebot3_msgs/turtlebot3_msgs/msg/detail/sound__builder.hpp
[2.075s] -- Up-to-date symlink: /home/user/hand_gesture_robot/turtlebot_ws/install/turtlebot3_msgs/include/turtlebot3_msgs/turtlebot3_msgs/msg/detail/sound__struct.hpp
[2.076s] -- Up-to-date symlink: /home/user/hand_gesture_robot/turtlebot_ws/install/turtlebot3_msgs/include/turtlebot3_msgs/turtlebot3_msgs/msg/detail/sound__traits.hpp
[2.076s] -- Up-to-date symlink: /home/user/hand_gesture_robot/turtlebot_ws/install/turtlebot3_msgs/include/turtlebot3_msgs/turtlebot3_msgs/msg/detail/sound__type_support.hpp
[2.076s] -- Up-to-date symlink: /home/user/hand_gesture_robot/turtlebot_ws/install/turtlebot3_msgs/include/turtlebot3_msgs/turtlebot3_msgs/msg/detail/version_info__builder.hpp
[2.077s] -- Up-to-date symlink: /home/user/hand_gesture_robot/turtlebot_ws/install/turtlebot3_msgs/include/turtlebot3_msgs/turtlebot3_msgs/msg/detail/version_info__struct.hpp
[2.077s] -- Up-to-date symlink: /home/user/hand_gesture_robot/turtlebot_ws/install/turtlebot3_msgs/include/turtlebot3_msgs/turtlebot3_msgs/msg/detail/version_info__traits.hpp
[2.077s] -- Up-to-date symlink: /home/user/hand_gesture_robot/turtlebot_ws/install/turtlebot3_msgs/include/turtlebot3_msgs/turtlebot3_msgs/msg/detail/version_info__type_support.hpp
[2.078s] -- Up-to-date symlink: /home/user/hand_gesture_robot/turtlebot_ws/install/turtlebot3_msgs/include/turtlebot3_msgs/turtlebot3_msgs/msg/rosidl_generator_cpp__visibility_control.hpp
[2.078s] -- Up-to-date symlink: /home/user/hand_gesture_robot/turtlebot_ws/install/turtlebot3_msgs/include/turtlebot3_msgs/turtlebot3_msgs/msg/sensor_state.hpp
[2.079s] -- Up-to-date symlink: /home/user/hand_gesture_robot/turtlebot_ws/install/turtlebot3_msgs/include/turtlebot3_msgs/turtlebot3_msgs/msg/sound.hpp
[2.079s] -- Up-to-date symlink: /home/user/hand_gesture_robot/turtlebot_ws/install/turtlebot3_msgs/include/turtlebot3_msgs/turtlebot3_msgs/msg/version_info.hpp
[2.079s] -- Up-to-date symlink: /home/user/hand_gesture_robot/turtlebot_ws/install/turtlebot3_msgs/include/turtlebot3_msgs/turtlebot3_msgs/srv/detail/dqn__builder.hpp
[2.080s] -- Up-to-date symlink: /home/user/hand_gesture_robot/turtlebot_ws/install/turtlebot3_msgs/include/turtlebot3_msgs/turtlebot3_msgs/srv/detail/dqn__struct.hpp
[2.080s] -- Up-to-date symlink: /home/user/hand_gesture_robot/turtlebot_ws/install/turtlebot3_msgs/include/turtlebot3_msgs/turtlebot3_msgs/srv/detail/dqn__traits.hpp
[2.080s] -- Up-to-date symlink: /home/user/hand_gesture_robot/turtlebot_ws/install/turtlebot3_msgs/include/turtlebot3_msgs/turtlebot3_msgs/srv/detail/dqn__type_support.hpp
[2.081s] -- Up-to-date symlink: /home/user/hand_gesture_robot/turtlebot_ws/install/turtlebot3_msgs/include/turtlebot3_msgs/turtlebot3_msgs/srv/detail/goal__builder.hpp
[2.081s] -- Up-to-date symlink: /home/user/hand_gesture_robot/turtlebot_ws/install/turtlebot3_msgs/include/turtlebot3_msgs/turtlebot3_msgs/srv/detail/goal__struct.hpp
[2.081s] -- Up-to-date symlink: /home/user/hand_gesture_robot/turtlebot_ws/install/turtlebot3_msgs/include/turtlebot3_msgs/turtlebot3_msgs/srv/detail/goal__traits.hpp
[2.082s] -- Up-to-date symlink: /home/user/hand_gesture_robot/turtlebot_ws/install/turtlebot3_msgs/include/turtlebot3_msgs/turtlebot3_msgs/srv/detail/goal__type_support.hpp
[2.082s] -- Up-to-date symlink: /home/user/hand_gesture_robot/turtlebot_ws/install/turtlebot3_msgs/include/turtlebot3_msgs/turtlebot3_msgs/srv/detail/sound__builder.hpp
[2.082s] -- Up-to-date symlink: /home/user/hand_gesture_robot/turtlebot_ws/install/turtlebot3_msgs/include/turtlebot3_msgs/turtlebot3_msgs/srv/detail/sound__struct.hpp
[2.083s] -- Up-to-date symlink: /home/user/hand_gesture_robot/turtlebot_ws/install/turtlebot3_msgs/include/turtlebot3_msgs/turtlebot3_msgs/srv/detail/sound__traits.hpp
[2.083s] -- Up-to-date symlink: /home/user/hand_gesture_robot/turtlebot_ws/install/turtlebot3_msgs/include/turtlebot3_msgs/turtlebot3_msgs/srv/detail/sound__type_support.hpp
[2.084s] -- Up-to-date symlink: /home/user/hand_gesture_robot/turtlebot_ws/install/turtlebot3_msgs/include/turtlebot3_msgs/turtlebot3_msgs/srv/dqn.hpp
[2.084s] -- Up-to-date symlink: /home/user/hand_gesture_robot/turtlebot_ws/install/turtlebot3_msgs/include/turtlebot3_msgs/turtlebot3_msgs/srv/goal.hpp
[2.084s] -- Up-to-date symlink: /home/user/hand_gesture_robot/turtlebot_ws/install/turtlebot3_msgs/include/turtlebot3_msgs/turtlebot3_msgs/srv/sound.hpp
[2.087s] -- Up-to-date symlink: /home/user/hand_gesture_robot/turtlebot_ws/install/turtlebot3_msgs/include/turtlebot3_msgs/turtlebot3_msgs/action/detail/patrol__rosidl_typesupport_fastrtps_cpp.hpp
[2.087s] -- Up-to-date symlink: /home/user/hand_gesture_robot/turtlebot_ws/install/turtlebot3_msgs/include/turtlebot3_msgs/turtlebot3_msgs/msg/detail/sensor_state__rosidl_typesupport_fastrtps_cpp.hpp
[2.088s] -- Up-to-date symlink: /home/user/hand_gesture_robot/turtlebot_ws/install/turtlebot3_msgs/include/turtlebot3_msgs/turtlebot3_msgs/msg/detail/sound__rosidl_typesupport_fastrtps_cpp.hpp
[2.088s] -- Up-to-date symlink: /home/user/hand_gesture_robot/turtlebot_ws/install/turtlebot3_msgs/include/turtlebot3_msgs/turtlebot3_msgs/msg/detail/version_info__rosidl_typesupport_fastrtps_cpp.hpp
[2.089s] -- Up-to-date symlink: /home/user/hand_gesture_robot/turtlebot_ws/install/turtlebot3_msgs/include/turtlebot3_msgs/turtlebot3_msgs/msg/rosidl_typesupport_fastrtps_cpp__visibility_control.h
[2.089s] -- Up-to-date symlink: /home/user/hand_gesture_robot/turtlebot_ws/install/turtlebot3_msgs/include/turtlebot3_msgs/turtlebot3_msgs/srv/detail/dqn__rosidl_typesupport_fastrtps_cpp.hpp
[2.089s] -- Up-to-date symlink: /home/user/hand_gesture_robot/turtlebot_ws/install/turtlebot3_msgs/include/turtlebot3_msgs/turtlebot3_msgs/srv/detail/goal__rosidl_typesupport_fastrtps_cpp.hpp
[2.090s] -- Up-to-date symlink: /home/user/hand_gesture_robot/turtlebot_ws/install/turtlebot3_msgs/include/turtlebot3_msgs/turtlebot3_msgs/srv/detail/sound__rosidl_typesupport_fastrtps_cpp.hpp
[2.091s] -- Up-to-date symlink: /home/user/hand_gesture_robot/turtlebot_ws/install/turtlebot3_msgs/include/turtlebot3_msgs/turtlebot3_msgs/action/detail/patrol__rosidl_typesupport_introspection_c.h
[2.092s] -- Up-to-date symlink: /home/user/hand_gesture_robot/turtlebot_ws/install/turtlebot3_msgs/include/turtlebot3_msgs/turtlebot3_msgs/msg/detail/sensor_state__rosidl_typesupport_introspection_c.h
[2.092s] -- Up-to-date symlink: /home/user/hand_gesture_robot/turtlebot_ws/install/turtlebot3_msgs/include/turtlebot3_msgs/turtlebot3_msgs/msg/detail/sound__rosidl_typesupport_introspection_c.h
[2.092s] -- Up-to-date symlink: /home/user/hand_gesture_robot/turtlebot_ws/install/turtlebot3_msgs/include/turtlebot3_msgs/turtlebot3_msgs/msg/detail/version_info__rosidl_typesupport_introspection_c.h
[2.093s] -- Up-to-date symlink: /home/user/hand_gesture_robot/turtlebot_ws/install/turtlebot3_msgs/include/turtlebot3_msgs/turtlebot3_msgs/msg/rosidl_typesupport_introspection_c__visibility_control.h
[2.093s] -- Up-to-date symlink: /home/user/hand_gesture_robot/turtlebot_ws/install/turtlebot3_msgs/include/turtlebot3_msgs/turtlebot3_msgs/srv/detail/dqn__rosidl_typesupport_introspection_c.h
[2.094s] -- Up-to-date symlink: /home/user/hand_gesture_robot/turtlebot_ws/install/turtlebot3_msgs/include/turtlebot3_msgs/turtlebot3_msgs/srv/detail/goal__rosidl_typesupport_introspection_c.h
[2.094s] -- Up-to-date symlink: /home/user/hand_gesture_robot/turtlebot_ws/install/turtlebot3_msgs/include/turtlebot3_msgs/turtlebot3_msgs/srv/detail/sound__rosidl_typesupport_introspection_c.h
[2.096s] -- Up-to-date symlink: /home/user/hand_gesture_robot/turtlebot_ws/install/turtlebot3_msgs/include/turtlebot3_msgs/turtlebot3_msgs/action/detail/patrol__rosidl_typesupport_introspection_cpp.hpp
[2.097s] -- Up-to-date symlink: /home/user/hand_gesture_robot/turtlebot_ws/install/turtlebot3_msgs/include/turtlebot3_msgs/turtlebot3_msgs/msg/detail/sensor_state__rosidl_typesupport_introspection_cpp.hpp
[2.097s] -- Up-to-date symlink: /home/user/hand_gesture_robot/turtlebot_ws/install/turtlebot3_msgs/include/turtlebot3_msgs/turtlebot3_msgs/msg/detail/sound__rosidl_typesupport_introspection_cpp.hpp
[2.097s] -- Up-to-date symlink: /home/user/hand_gesture_robot/turtlebot_ws/install/turtlebot3_msgs/include/turtlebot3_msgs/turtlebot3_msgs/msg/detail/version_info__rosidl_typesupport_introspection_cpp.hpp
[2.098s] -- Up-to-date symlink: /home/user/hand_gesture_robot/turtlebot_ws/install/turtlebot3_msgs/include/turtlebot3_msgs/turtlebot3_msgs/srv/detail/dqn__rosidl_typesupport_introspection_cpp.hpp
[2.098s] -- Up-to-date symlink: /home/user/hand_gesture_robot/turtlebot_ws/install/turtlebot3_msgs/include/turtlebot3_msgs/turtlebot3_msgs/srv/detail/goal__rosidl_typesupport_introspection_cpp.hpp
[2.099s] -- Up-to-date symlink: /home/user/hand_gesture_robot/turtlebot_ws/install/turtlebot3_msgs/include/turtlebot3_msgs/turtlebot3_msgs/srv/detail/sound__rosidl_typesupport_introspection_cpp.hpp
[2.099s] -- Up-to-date symlink: /home/user/hand_gesture_robot/turtlebot_ws/install/turtlebot3_msgs/share/turtlebot3_msgs/environment/pythonpath.sh
[2.100s] -- Up-to-date symlink: /home/user/hand_gesture_robot/turtlebot_ws/install/turtlebot3_msgs/share/turtlebot3_msgs/environment/pythonpath.dsv
[2.100s] -- Up-to-date symlink: /home/user/hand_gesture_robot/turtlebot_ws/install/turtlebot3_msgs/local/lib/python3.10/dist-packages/turtlebot3_msgs-2.4.0-py3.10.egg-info/PKG-INFO
[2.100s] -- Up-to-date symlink: /home/user/hand_gesture_robot/turtlebot_ws/install/turtlebot3_msgs/local/lib/python3.10/dist-packages/turtlebot3_msgs-2.4.0-py3.10.egg-info/SOURCES.txt
[2.101s] -- Up-to-date symlink: /home/user/hand_gesture_robot/turtlebot_ws/install/turtlebot3_msgs/local/lib/python3.10/dist-packages/turtlebot3_msgs-2.4.0-py3.10.egg-info/dependency_links.txt
[2.101s] -- Up-to-date symlink: /home/user/hand_gesture_robot/turtlebot_ws/install/turtlebot3_msgs/local/lib/python3.10/dist-packages/turtlebot3_msgs-2.4.0-py3.10.egg-info/top_level.txt
[2.102s] -- Up-to-date symlink: /home/user/hand_gesture_robot/turtlebot_ws/install/turtlebot3_msgs/local/lib/python3.10/dist-packages/turtlebot3_msgs/__init__.py
[2.103s] -- Up-to-date symlink: /home/user/hand_gesture_robot/turtlebot_ws/install/turtlebot3_msgs/local/lib/python3.10/dist-packages/turtlebot3_msgs/_turtlebot3_msgs_s.ep.rosidl_typesupport_c.c
[2.103s] -- Up-to-date symlink: /home/user/hand_gesture_robot/turtlebot_ws/install/turtlebot3_msgs/local/lib/python3.10/dist-packages/turtlebot3_msgs/_turtlebot3_msgs_s.ep.rosidl_typesupport_fastrtps_c.c
[2.103s] -- Up-to-date symlink: /home/user/hand_gesture_robot/turtlebot_ws/install/turtlebot3_msgs/local/lib/python3.10/dist-packages/turtlebot3_msgs/_turtlebot3_msgs_s.ep.rosidl_typesupport_introspection_c.c
[2.104s] -- Up-to-date symlink: /home/user/hand_gesture_robot/turtlebot_ws/install/turtlebot3_msgs/local/lib/python3.10/dist-packages/turtlebot3_msgs/action/__init__.py
[2.104s] -- Up-to-date symlink: /home/user/hand_gesture_robot/turtlebot_ws/install/turtlebot3_msgs/local/lib/python3.10/dist-packages/turtlebot3_msgs/action/_patrol.py
[2.104s] -- Up-to-date symlink: /home/user/hand_gesture_robot/turtlebot_ws/install/turtlebot3_msgs/local/lib/python3.10/dist-packages/turtlebot3_msgs/action/_patrol_s.c
[2.105s] -- Up-to-date symlink: /home/user/hand_gesture_robot/turtlebot_ws/install/turtlebot3_msgs/local/lib/python3.10/dist-packages/turtlebot3_msgs/libturtlebot3_msgs__rosidl_generator_py.so
[2.105s] -- Up-to-date symlink: /home/user/hand_gesture_robot/turtlebot_ws/install/turtlebot3_msgs/local/lib/python3.10/dist-packages/turtlebot3_msgs/msg/__init__.py
[2.106s] -- Up-to-date symlink: /home/user/hand_gesture_robot/turtlebot_ws/install/turtlebot3_msgs/local/lib/python3.10/dist-packages/turtlebot3_msgs/msg/_sensor_state.py
[2.106s] -- Up-to-date symlink: /home/user/hand_gesture_robot/turtlebot_ws/install/turtlebot3_msgs/local/lib/python3.10/dist-packages/turtlebot3_msgs/msg/_sensor_state_s.c
[2.107s] -- Up-to-date symlink: /home/user/hand_gesture_robot/turtlebot_ws/install/turtlebot3_msgs/local/lib/python3.10/dist-packages/turtlebot3_msgs/msg/_sound.py
[2.107s] -- Up-to-date symlink: /home/user/hand_gesture_robot/turtlebot_ws/install/turtlebot3_msgs/local/lib/python3.10/dist-packages/turtlebot3_msgs/msg/_sound_s.c
[2.108s] -- Up-to-date symlink: /home/user/hand_gesture_robot/turtlebot_ws/install/turtlebot3_msgs/local/lib/python3.10/dist-packages/turtlebot3_msgs/msg/_version_info.py
[2.108s] -- Up-to-date symlink: /home/user/hand_gesture_robot/turtlebot_ws/install/turtlebot3_msgs/local/lib/python3.10/dist-packages/turtlebot3_msgs/msg/_version_info_s.c
[2.108s] -- Up-to-date symlink: /home/user/hand_gesture_robot/turtlebot_ws/install/turtlebot3_msgs/local/lib/python3.10/dist-packages/turtlebot3_msgs/srv/__init__.py
[2.109s] -- Up-to-date symlink: /home/user/hand_gesture_robot/turtlebot_ws/install/turtlebot3_msgs/local/lib/python3.10/dist-packages/turtlebot3_msgs/srv/_dqn.py
[2.109s] -- Up-to-date symlink: /home/user/hand_gesture_robot/turtlebot_ws/install/turtlebot3_msgs/local/lib/python3.10/dist-packages/turtlebot3_msgs/srv/_dqn_s.c
[2.110s] -- Up-to-date symlink: /home/user/hand_gesture_robot/turtlebot_ws/install/turtlebot3_msgs/local/lib/python3.10/dist-packages/turtlebot3_msgs/srv/_goal.py
[2.110s] -- Up-to-date symlink: /home/user/hand_gesture_robot/turtlebot_ws/install/turtlebot3_msgs/local/lib/python3.10/dist-packages/turtlebot3_msgs/srv/_goal_s.c
[2.111s] -- Up-to-date symlink: /home/user/hand_gesture_robot/turtlebot_ws/install/turtlebot3_msgs/local/lib/python3.10/dist-packages/turtlebot3_msgs/srv/_sound.py
[2.111s] -- Up-to-date symlink: /home/user/hand_gesture_robot/turtlebot_ws/install/turtlebot3_msgs/local/lib/python3.10/dist-packages/turtlebot3_msgs/srv/_sound_s.c
[2.111s] -- Up-to-date symlink: /home/user/hand_gesture_robot/turtlebot_ws/install/turtlebot3_msgs/local/lib/python3.10/dist-packages/turtlebot3_msgs/turtlebot3_msgs_s__rosidl_typesupport_c.cpython-310-x86_64-linux-gnu.so
[2.112s] -- Up-to-date symlink: /home/user/hand_gesture_robot/turtlebot_ws/install/turtlebot3_msgs/local/lib/python3.10/dist-packages/turtlebot3_msgs/turtlebot3_msgs_s__rosidl_typesupport_fastrtps_c.cpython-310-x86_64-linux-gnu.so
[2.112s] -- Up-to-date symlink: /home/user/hand_gesture_robot/turtlebot_ws/install/turtlebot3_msgs/local/lib/python3.10/dist-packages/turtlebot3_msgs/turtlebot3_msgs_s__rosidl_typesupport_introspection_c.cpython-310-x86_64-linux-gnu.so
[2.113s] -- Up-to-date symlink: /home/user/hand_gesture_robot/turtlebot_ws/install/turtlebot3_msgs/local/lib/python3.10/dist-packages/turtlebot3_msgs/turtlebot3_msgs_s__rosidl_typesupport_fastrtps_c.cpython-310-x86_64-linux-gnu.so
[2.113s] -- Up-to-date symlink: /home/user/hand_gesture_robot/turtlebot_ws/install/turtlebot3_msgs/local/lib/python3.10/dist-packages/turtlebot3_msgs/turtlebot3_msgs_s__rosidl_typesupport_introspection_c.cpython-310-x86_64-linux-gnu.so
[2.113s] -- Up-to-date symlink: /home/user/hand_gesture_robot/turtlebot_ws/install/turtlebot3_msgs/local/lib/python3.10/dist-packages/turtlebot3_msgs/turtlebot3_msgs_s__rosidl_typesupport_c.cpython-310-x86_64-linux-gnu.so
[2.114s] -- Up-to-date symlink: /home/user/hand_gesture_robot/turtlebot_ws/install/turtlebot3_msgs/share/turtlebot3_msgs/msg/SensorState.idl
[2.114s] -- Up-to-date symlink: /home/user/hand_gesture_robot/turtlebot_ws/install/turtlebot3_msgs/share/turtlebot3_msgs/msg/Sound.idl
[2.115s] -- Up-to-date symlink: /home/user/hand_gesture_robot/turtlebot_ws/install/turtlebot3_msgs/share/turtlebot3_msgs/msg/VersionInfo.idl
[2.115s] -- Up-to-date symlink: /home/user/hand_gesture_robot/turtlebot_ws/install/turtlebot3_msgs/share/turtlebot3_msgs/srv/Sound.idl
[2.116s] -- Up-to-date symlink: /home/user/hand_gesture_robot/turtlebot_ws/install/turtlebot3_msgs/share/turtlebot3_msgs/srv/Dqn.idl
[2.116s] -- Up-to-date symlink: /home/user/hand_gesture_robot/turtlebot_ws/install/turtlebot3_msgs/share/turtlebot3_msgs/srv/Goal.idl
[2.116s] -- Up-to-date symlink: /home/user/hand_gesture_robot/turtlebot_ws/install/turtlebot3_msgs/share/turtlebot3_msgs/action/Patrol.idl
[2.117s] -- Up-to-date symlink: /home/user/hand_gesture_robot/turtlebot_ws/install/turtlebot3_msgs/share/turtlebot3_msgs/msg/SensorState.msg
[2.117s] -- Up-to-date symlink: /home/user/hand_gesture_robot/turtlebot_ws/install/turtlebot3_msgs/share/turtlebot3_msgs/msg/Sound.msg
[2.118s] -- Up-to-date symlink: /home/user/hand_gesture_robot/turtlebot_ws/install/turtlebot3_msgs/share/turtlebot3_msgs/msg/VersionInfo.msg
[2.118s] -- Up-to-date symlink: /home/user/hand_gesture_robot/turtlebot_ws/install/turtlebot3_msgs/share/turtlebot3_msgs/srv/Sound.srv
[2.119s] -- Up-to-date symlink: /home/user/hand_gesture_robot/turtlebot_ws/install/turtlebot3_msgs/share/turtlebot3_msgs/srv/Sound_Request.msg
[2.119s] -- Up-to-date symlink: /home/user/hand_gesture_robot/turtlebot_ws/install/turtlebot3_msgs/share/turtlebot3_msgs/srv/Sound_Response.msg
[2.119s] -- Up-to-date symlink: /home/user/hand_gesture_robot/turtlebot_ws/install/turtlebot3_msgs/share/turtlebot3_msgs/srv/Dqn.srv
[2.120s] -- Up-to-date symlink: /home/user/hand_gesture_robot/turtlebot_ws/install/turtlebot3_msgs/share/turtlebot3_msgs/srv/Dqn_Request.msg
[2.120s] -- Up-to-date symlink: /home/user/hand_gesture_robot/turtlebot_ws/install/turtlebot3_msgs/share/turtlebot3_msgs/srv/Dqn_Response.msg
[2.121s] -- Up-to-date symlink: /home/user/hand_gesture_robot/turtlebot_ws/install/turtlebot3_msgs/share/turtlebot3_msgs/srv/Goal.srv
[2.121s] -- Up-to-date symlink: /home/user/hand_gesture_robot/turtlebot_ws/install/turtlebot3_msgs/share/turtlebot3_msgs/srv/Goal_Request.msg
[2.121s] -- Up-to-date symlink: /home/user/hand_gesture_robot/turtlebot_ws/install/turtlebot3_msgs/share/turtlebot3_msgs/srv/Goal_Response.msg
[2.122s] -- Up-to-date symlink: /home/user/hand_gesture_robot/turtlebot_ws/install/turtlebot3_msgs/share/turtlebot3_msgs/action/Patrol.action
[2.122s] -- Up-to-date symlink: /home/user/hand_gesture_robot/turtlebot_ws/install/turtlebot3_msgs/share/ament_index/resource_index/package_run_dependencies/turtlebot3_msgs
[2.123s] -- Up-to-date symlink: /home/user/hand_gesture_robot/turtlebot_ws/install/turtlebot3_msgs/share/ament_index/resource_index/parent_prefix_path/turtlebot3_msgs
[2.123s] -- Up-to-date symlink: /home/user/hand_gesture_robot/turtlebot_ws/install/turtlebot3_msgs/share/turtlebot3_msgs/environment/ament_prefix_path.sh
[2.124s] -- Up-to-date symlink: /home/user/hand_gesture_robot/turtlebot_ws/install/turtlebot3_msgs/share/turtlebot3_msgs/environment/ament_prefix_path.dsv
[2.124s] -- Up-to-date symlink: /home/user/hand_gesture_robot/turtlebot_ws/install/turtlebot3_msgs/share/turtlebot3_msgs/environment/path.sh
[2.124s] -- Up-to-date symlink: /home/user/hand_gesture_robot/turtlebot_ws/install/turtlebot3_msgs/share/turtlebot3_msgs/environment/path.dsv
[2.125s] -- Up-to-date symlink: /home/user/hand_gesture_robot/turtlebot_ws/install/turtlebot3_msgs/share/turtlebot3_msgs/local_setup.bash
[2.125s] -- Up-to-date symlink: /home/user/hand_gesture_robot/turtlebot_ws/install/turtlebot3_msgs/share/turtlebot3_msgs/local_setup.sh
[2.125s] -- Up-to-date symlink: /home/user/hand_gesture_robot/turtlebot_ws/install/turtlebot3_msgs/share/turtlebot3_msgs/local_setup.zsh
[2.126s] -- Up-to-date symlink: /home/user/hand_gesture_robot/turtlebot_ws/install/turtlebot3_msgs/share/turtlebot3_msgs/local_setup.dsv
[2.126s] -- Symlinking: /home/user/hand_gesture_robot/turtlebot_ws/install/turtlebot3_msgs/share/turtlebot3_msgs/package.dsv
[2.135s] -- Up-to-date symlink: /home/user/hand_gesture_robot/turtlebot_ws/install/turtlebot3_msgs/share/ament_index/resource_index/packages/turtlebot3_msgs
[2.135s] -- Up-to-date symlink: /home/user/hand_gesture_robot/turtlebot_ws/install/turtlebot3_msgs/share/turtlebot3_msgs/cmake/rosidl_cmake-extras.cmake
[2.135s] -- Up-to-date symlink: /home/user/hand_gesture_robot/turtlebot_ws/install/turtlebot3_msgs/share/turtlebot3_msgs/cmake/ament_cmake_export_dependencies-extras.cmake
[2.136s] -- Up-to-date symlink: /home/user/hand_gesture_robot/turtlebot_ws/install/turtlebot3_msgs/share/turtlebot3_msgs/cmake/ament_cmake_export_include_directories-extras.cmake
[2.136s] -- Up-to-date symlink: /home/user/hand_gesture_robot/turtlebot_ws/install/turtlebot3_msgs/share/turtlebot3_msgs/cmake/ament_cmake_export_libraries-extras.cmake
[2.137s] -- Up-to-date symlink: /home/user/hand_gesture_robot/turtlebot_ws/install/turtlebot3_msgs/share/turtlebot3_msgs/cmake/ament_cmake_export_targets-extras.cmake
[2.137s] -- Up-to-date symlink: /home/user/hand_gesture_robot/turtlebot_ws/install/turtlebot3_msgs/share/turtlebot3_msgs/cmake/rosidl_cmake_export_typesupport_targets-extras.cmake
[2.137s] -- Up-to-date symlink: /home/user/hand_gesture_robot/turtlebot_ws/install/turtlebot3_msgs/share/turtlebot3_msgs/cmake/rosidl_cmake_export_typesupport_libraries-extras.cmake
[2.138s] -- Up-to-date symlink: /home/user/hand_gesture_robot/turtlebot_ws/install/turtlebot3_msgs/share/turtlebot3_msgs/cmake/turtlebot3_msgsConfig.cmake
[2.138s] -- Up-to-date symlink: /home/user/hand_gesture_robot/turtlebot_ws/install/turtlebot3_msgs/share/turtlebot3_msgs/cmake/turtlebot3_msgsConfig-version.cmake
[2.139s] -- Up-to-date symlink: /home/user/hand_gesture_robot/turtlebot_ws/install/turtlebot3_msgs/share/turtlebot3_msgs/package.xml
[2.140s] -- Up-to-date: /home/user/hand_gesture_robot/turtlebot_ws/install/turtlebot3_msgs/lib/libturtlebot3_msgs__rosidl_generator_c.so
[2.141s] -- Up-to-date: /home/user/hand_gesture_robot/turtlebot_ws/install/turtlebot3_msgs/lib/libturtlebot3_msgs__rosidl_typesupport_fastrtps_c.so
[2.142s] -- Up-to-date: /home/user/hand_gesture_robot/turtlebot_ws/install/turtlebot3_msgs/lib/libturtlebot3_msgs__rosidl_typesupport_fastrtps_cpp.so
[2.143s] -- Up-to-date: /home/user/hand_gesture_robot/turtlebot_ws/install/turtlebot3_msgs/lib/libturtlebot3_msgs__rosidl_typesupport_introspection_c.so
[2.144s] -- Up-to-date: /home/user/hand_gesture_robot/turtlebot_ws/install/turtlebot3_msgs/lib/libturtlebot3_msgs__rosidl_typesupport_c.so
[2.145s] -- Up-to-date: /home/user/hand_gesture_robot/turtlebot_ws/install/turtlebot3_msgs/lib/libturtlebot3_msgs__rosidl_typesupport_introspection_cpp.so
[2.146s] -- Up-to-date: /home/user/hand_gesture_robot/turtlebot_ws/install/turtlebot3_msgs/lib/libturtlebot3_msgs__rosidl_typesupport_cpp.so
[2.176s] Listing '/home/user/hand_gesture_robot/turtlebot_ws/install/turtlebot3_msgs/local/lib/python3.10/dist-packages/turtlebot3_msgs'...
[2.176s] Compiling '/home/user/hand_gesture_robot/turtlebot_ws/install/turtlebot3_msgs/local/lib/python3.10/dist-packages/turtlebot3_msgs/__init__.py'...
[2.176s] Listing '/home/user/hand_gesture_robot/turtlebot_ws/install/turtlebot3_msgs/local/lib/python3.10/dist-packages/turtlebot3_msgs/action'...
[2.176s] Listing '/home/user/hand_gesture_robot/turtlebot_ws/install/turtlebot3_msgs/local/lib/python3.10/dist-packages/turtlebot3_msgs/msg'...
[2.177s] Listing '/home/user/hand_gesture_robot/turtlebot_ws/install/turtlebot3_msgs/local/lib/python3.10/dist-packages/turtlebot3_msgs/srv'...
[2.181s] -- Up-to-date: /home/user/hand_gesture_robot/turtlebot_ws/install/turtlebot3_msgs/lib/libturtlebot3_msgs__rosidl_generator_py.so
[2.182s] -- Up-to-date: /home/user/hand_gesture_robot/turtlebot_ws/install/turtlebot3_msgs/share/turtlebot3_msgs/cmake/export_turtlebot3_msgs__rosidl_generator_cExport.cmake
[2.182s] -- Up-to-date: /home/user/hand_gesture_robot/turtlebot_ws/install/turtlebot3_msgs/share/turtlebot3_msgs/cmake/export_turtlebot3_msgs__rosidl_generator_cExport-noconfig.cmake
[2.182s] -- Up-to-date: /home/user/hand_gesture_robot/turtlebot_ws/install/turtlebot3_msgs/share/turtlebot3_msgs/cmake/export_turtlebot3_msgs__rosidl_typesupport_fastrtps_cExport.cmake
[2.182s] -- Up-to-date: /home/user/hand_gesture_robot/turtlebot_ws/install/turtlebot3_msgs/share/turtlebot3_msgs/cmake/export_turtlebot3_msgs__rosidl_typesupport_fastrtps_cExport-noconfig.cmake
[2.183s] -- Up-to-date: /home/user/hand_gesture_robot/turtlebot_ws/install/turtlebot3_msgs/share/turtlebot3_msgs/cmake/export_turtlebot3_msgs__rosidl_generator_cppExport.cmake
[2.183s] -- Up-to-date: /home/user/hand_gesture_robot/turtlebot_ws/install/turtlebot3_msgs/share/turtlebot3_msgs/cmake/export_turtlebot3_msgs__rosidl_typesupport_fastrtps_cppExport.cmake
[2.183s] -- Up-to-date: /home/user/hand_gesture_robot/turtlebot_ws/install/turtlebot3_msgs/share/turtlebot3_msgs/cmake/export_turtlebot3_msgs__rosidl_typesupport_fastrtps_cppExport-noconfig.cmake
[2.183s] -- Up-to-date: /home/user/hand_gesture_robot/turtlebot_ws/install/turtlebot3_msgs/share/turtlebot3_msgs/cmake/turtlebot3_msgs__rosidl_typesupport_introspection_cExport.cmake
[2.184s] -- Up-to-date: /home/user/hand_gesture_robot/turtlebot_ws/install/turtlebot3_msgs/share/turtlebot3_msgs/cmake/turtlebot3_msgs__rosidl_typesupport_introspection_cExport-noconfig.cmake
[2.184s] -- Up-to-date: /home/user/hand_gesture_robot/turtlebot_ws/install/turtlebot3_msgs/share/turtlebot3_msgs/cmake/turtlebot3_msgs__rosidl_typesupport_cExport.cmake
[2.184s] -- Up-to-date: /home/user/hand_gesture_robot/turtlebot_ws/install/turtlebot3_msgs/share/turtlebot3_msgs/cmake/turtlebot3_msgs__rosidl_typesupport_cExport-noconfig.cmake
[2.184s] -- Up-to-date: /home/user/hand_gesture_robot/turtlebot_ws/install/turtlebot3_msgs/share/turtlebot3_msgs/cmake/turtlebot3_msgs__rosidl_typesupport_introspection_cppExport.cmake
[2.185s] -- Up-to-date: /home/user/hand_gesture_robot/turtlebot_ws/install/turtlebot3_msgs/share/turtlebot3_msgs/cmake/turtlebot3_msgs__rosidl_typesupport_introspection_cppExport-noconfig.cmake
[2.185s] -- Up-to-date: /home/user/hand_gesture_robot/turtlebot_ws/install/turtlebot3_msgs/share/turtlebot3_msgs/cmake/turtlebot3_msgs__rosidl_typesupport_cppExport.cmake
[2.185s] -- Up-to-date: /home/user/hand_gesture_robot/turtlebot_ws/install/turtlebot3_msgs/share/turtlebot3_msgs/cmake/turtlebot3_msgs__rosidl_typesupport_cppExport-noconfig.cmake
[2.185s] -- Up-to-date: /home/user/hand_gesture_robot/turtlebot_ws/install/turtlebot3_msgs/share/turtlebot3_msgs/cmake/export_turtlebot3_msgs__rosidl_generator_pyExport.cmake
[2.186s] -- Up-to-date: /home/user/hand_gesture_robot/turtlebot_ws/install/turtlebot3_msgs/share/turtlebot3_msgs/cmake/export_turtlebot3_msgs__rosidl_generator_pyExport-noconfig.cmake
[2.187s] Invoked command in '/home/user/hand_gesture_robot/turtlebot_ws/build/turtlebot3_msgs' returned '0': CMAKE_PREFIX_PATH=/opt/ros/humble /usr/bin/cmake --install /home/user/hand_gesture_robot/turtlebot_ws/build/turtlebot3_msgs
