[0.262s] Invoking command in '/home/user/hand_gesture_robot/turtlebot_ws/build/turtlebot3_fake_node': AMENT_PREFIX_PATH=/home/user/hand_gesture_robot/turtlebot_ws/install/turtlebot3_msgs:${AMENT_PREFIX_PATH} CMAKE_PREFIX_PATH=/home/user/hand_gesture_robot/turtlebot_ws/install/turtlebot3_msgs:/opt/ros/humble LD_LIBRARY_PATH=/home/user/hand_gesture_robot/turtlebot_ws/install/turtlebot3_msgs/lib:${LD_LIBRARY_PATH} PYTHONPATH=/home/user/hand_gesture_robot/turtlebot_ws/install/turtlebot3_msgs/local/lib/python3.10/dist-packages:${PYTHONPATH} /usr/bin/cmake /home/user/hand_gesture_robot/turtlebot_ws/src/turtlebot3_simulations/turtlebot3_fake_node -DAMENT_CMAKE_SYMLINK_INSTALL=1 -DCMAKE_INSTALL_PREFIX=/home/user/hand_gesture_robot/turtlebot_ws/install/turtlebot3_fake_node
[0.274s] -- Found ament_cmake: 1.3.11 (/opt/ros/humble/share/ament_cmake/cmake)
[0.406s] -- Override CMake install command with custom implementation using symlinks instead of copying resources
[0.415s] -- Found geometry_msgs: 4.9.0 (/opt/ros/humble/share/geometry_msgs/cmake)
[0.717s] -- Found rosidl_generator_c: 3.1.6 (/opt/ros/humble/share/rosidl_generator_c/cmake)
[0.719s] -- Found rosidl_adapter: 3.1.6 (/opt/ros/humble/share/rosidl_adapter/cmake)
[0.724s] -- Found rosidl_generator_cpp: 3.1.6 (/opt/ros/humble/share/rosidl_generator_cpp/cmake)
[0.734s] -- Using all available rosidl_typesupport_c: rosidl_typesupport_fastrtps_c;rosidl_typesupport_introspection_c
[0.743s] -- Using all available rosidl_typesupport_cpp: rosidl_typesupport_fastrtps_cpp;rosidl_typesupport_introspection_cpp
[0.772s] -- Found nav_msgs: 4.9.0 (/opt/ros/humble/share/nav_msgs/cmake)
[0.791s] -- Found rclcpp: 16.0.12 (/opt/ros/humble/share/rclcpp/cmake)
[0.836s] -- Found rmw_implementation_cmake: 6.1.2 (/opt/ros/humble/share/rmw_implementation_cmake/cmake)
[0.839s] -- Found rmw_fastrtps_cpp: 6.2.7 (/opt/ros/humble/share/rmw_fastrtps_cpp/cmake)
[11.732s] -- Using RMW implementation 'rmw_fastrtps_cpp' as default
[11.784s] -- Found sensor_msgs: 4.9.0 (/opt/ros/humble/share/sensor_msgs/cmake)
[11.804s] -- Found tf2: 0.25.13 (/opt/ros/humble/share/tf2/cmake)
[11.811s] -- Found tf2_msgs: 0.25.13 (/opt/ros/humble/share/tf2_msgs/cmake)
[11.848s] -- Found turtlebot3_msgs: 2.4.0 (/home/user/hand_gesture_robot/turtlebot_ws/install/turtlebot3_msgs/share/turtlebot3_msgs/cmake)
[11.919s] -- Configuring done
[11.932s] -- Generating done
[11.936s] -- Build files have been written to: /home/user/hand_gesture_robot/turtlebot_ws/build/turtlebot3_fake_node
[11.944s] Invoked command in '/home/user/hand_gesture_robot/turtlebot_ws/build/turtlebot3_fake_node' returned '0': AMENT_PREFIX_PATH=/home/user/hand_gesture_robot/turtlebot_ws/install/turtlebot3_msgs:${AMENT_PREFIX_PATH} CMAKE_PREFIX_PATH=/home/user/hand_gesture_robot/turtlebot_ws/install/turtlebot3_msgs:/opt/ros/humble LD_LIBRARY_PATH=/home/user/hand_gesture_robot/turtlebot_ws/install/turtlebot3_msgs/lib:${LD_LIBRARY_PATH} PYTHONPATH=/home/user/hand_gesture_robot/turtlebot_ws/install/turtlebot3_msgs/local/lib/python3.10/dist-packages:${PYTHONPATH} /usr/bin/cmake /home/user/hand_gesture_robot/turtlebot_ws/src/turtlebot3_simulations/turtlebot3_fake_node -DAMENT_CMAKE_SYMLINK_INSTALL=1 -DCMAKE_INSTALL_PREFIX=/home/user/hand_gesture_robot/turtlebot_ws/install/turtlebot3_fake_node
[11.946s] Invoking command in '/home/user/hand_gesture_robot/turtlebot_ws/build/turtlebot3_fake_node': AMENT_PREFIX_PATH=/home/user/hand_gesture_robot/turtlebot_ws/install/turtlebot3_msgs:${AMENT_PREFIX_PATH} CMAKE_PREFIX_PATH=/home/user/hand_gesture_robot/turtlebot_ws/install/turtlebot3_msgs:/opt/ros/humble LD_LIBRARY_PATH=/home/user/hand_gesture_robot/turtlebot_ws/install/turtlebot3_msgs/lib:${LD_LIBRARY_PATH} PYTHONPATH=/home/user/hand_gesture_robot/turtlebot_ws/install/turtlebot3_msgs/local/lib/python3.10/dist-packages:${PYTHONPATH} /usr/bin/cmake --build /home/user/hand_gesture_robot/turtlebot_ws/build/turtlebot3_fake_node -- -j16 -l16
[11.985s] [ 50%] [32mBuilding CXX object CMakeFiles/turtlebot3_fake_node.dir/src/turtlebot3_fake_node.cpp.o[0m
[20.126s] [100%] [32m[1mLinking CXX executable turtlebot3_fake_node[0m
[20.733s] [100%] Built target turtlebot3_fake_node
[20.742s] Invoked command in '/home/user/hand_gesture_robot/turtlebot_ws/build/turtlebot3_fake_node' returned '0': AMENT_PREFIX_PATH=/home/user/hand_gesture_robot/turtlebot_ws/install/turtlebot3_msgs:${AMENT_PREFIX_PATH} CMAKE_PREFIX_PATH=/home/user/hand_gesture_robot/turtlebot_ws/install/turtlebot3_msgs:/opt/ros/humble LD_LIBRARY_PATH=/home/user/hand_gesture_robot/turtlebot_ws/install/turtlebot3_msgs/lib:${LD_LIBRARY_PATH} PYTHONPATH=/home/user/hand_gesture_robot/turtlebot_ws/install/turtlebot3_msgs/local/lib/python3.10/dist-packages:${PYTHONPATH} /usr/bin/cmake --build /home/user/hand_gesture_robot/turtlebot_ws/build/turtlebot3_fake_node -- -j16 -l16
[20.744s] Invoking command in '/home/user/hand_gesture_robot/turtlebot_ws/build/turtlebot3_fake_node': AMENT_PREFIX_PATH=/home/user/hand_gesture_robot/turtlebot_ws/install/turtlebot3_msgs:${AMENT_PREFIX_PATH} CMAKE_PREFIX_PATH=/home/user/hand_gesture_robot/turtlebot_ws/install/turtlebot3_msgs:/opt/ros/humble LD_LIBRARY_PATH=/home/user/hand_gesture_robot/turtlebot_ws/install/turtlebot3_msgs/lib:${LD_LIBRARY_PATH} PYTHONPATH=/home/user/hand_gesture_robot/turtlebot_ws/install/turtlebot3_msgs/local/lib/python3.10/dist-packages:${PYTHONPATH} /usr/bin/cmake --install /home/user/hand_gesture_robot/turtlebot_ws/build/turtlebot3_fake_node
[20.749s] -- Install configuration: ""
[20.749s] -- Execute custom install script
[20.750s] -- Symlinking: /home/user/hand_gesture_robot/turtlebot_ws/install/turtlebot3_fake_node/lib/turtlebot3_fake_node/turtlebot3_fake_node
[20.757s] -- Symlinking: /home/user/hand_gesture_robot/turtlebot_ws/install/turtlebot3_fake_node/share/turtlebot3_fake_node/launch/rviz2.launch.py
[20.764s] -- Symlinking: /home/user/hand_gesture_robot/turtlebot_ws/install/turtlebot3_fake_node/share/turtlebot3_fake_node/launch/turtlebot3_fake_node.launch.py
[20.772s] -- Symlinking: /home/user/hand_gesture_robot/turtlebot_ws/install/turtlebot3_fake_node/share/turtlebot3_fake_node/param/burger.yaml
[20.778s] -- Symlinking: /home/user/hand_gesture_robot/turtlebot_ws/install/turtlebot3_fake_node/share/turtlebot3_fake_node/param/waffle.yaml
[20.785s] -- Symlinking: /home/user/hand_gesture_robot/turtlebot_ws/install/turtlebot3_fake_node/share/turtlebot3_fake_node/param/waffle_pi.yaml
[20.792s] -- Symlinking: /home/user/hand_gesture_robot/turtlebot_ws/install/turtlebot3_fake_node/include//turtlebot3_fake_node/turtlebot3_fake_node.hpp
[20.799s] -- Symlinking: /home/user/hand_gesture_robot/turtlebot_ws/install/turtlebot3_fake_node/share/ament_index/resource_index/package_run_dependencies/turtlebot3_fake_node
[20.806s] -- Symlinking: /home/user/hand_gesture_robot/turtlebot_ws/install/turtlebot3_fake_node/share/ament_index/resource_index/parent_prefix_path/turtlebot3_fake_node
[20.813s] -- Symlinking: /home/user/hand_gesture_robot/turtlebot_ws/install/turtlebot3_fake_node/share/turtlebot3_fake_node/environment/ament_prefix_path.sh
[20.820s] -- Symlinking: /home/user/hand_gesture_robot/turtlebot_ws/install/turtlebot3_fake_node/share/turtlebot3_fake_node/environment/ament_prefix_path.dsv
[20.826s] -- Symlinking: /home/user/hand_gesture_robot/turtlebot_ws/install/turtlebot3_fake_node/share/turtlebot3_fake_node/environment/path.sh
[20.833s] -- Symlinking: /home/user/hand_gesture_robot/turtlebot_ws/install/turtlebot3_fake_node/share/turtlebot3_fake_node/environment/path.dsv
[20.839s] -- Symlinking: /home/user/hand_gesture_robot/turtlebot_ws/install/turtlebot3_fake_node/share/turtlebot3_fake_node/local_setup.bash
[20.846s] -- Symlinking: /home/user/hand_gesture_robot/turtlebot_ws/install/turtlebot3_fake_node/share/turtlebot3_fake_node/local_setup.sh
[20.852s] -- Symlinking: /home/user/hand_gesture_robot/turtlebot_ws/install/turtlebot3_fake_node/share/turtlebot3_fake_node/local_setup.zsh
[20.858s] -- Symlinking: /home/user/hand_gesture_robot/turtlebot_ws/install/turtlebot3_fake_node/share/turtlebot3_fake_node/local_setup.dsv
[20.864s] -- Symlinking: /home/user/hand_gesture_robot/turtlebot_ws/install/turtlebot3_fake_node/share/turtlebot3_fake_node/package.dsv
[20.871s] -- Symlinking: /home/user/hand_gesture_robot/turtlebot_ws/install/turtlebot3_fake_node/share/ament_index/resource_index/packages/turtlebot3_fake_node
[20.877s] -- Symlinking: /home/user/hand_gesture_robot/turtlebot_ws/install/turtlebot3_fake_node/share/turtlebot3_fake_node/cmake/ament_cmake_export_include_directories-extras.cmake
[20.883s] -- Symlinking: /home/user/hand_gesture_robot/turtlebot_ws/install/turtlebot3_fake_node/share/turtlebot3_fake_node/cmake/ament_cmake_export_dependencies-extras.cmake
[20.889s] -- Symlinking: /home/user/hand_gesture_robot/turtlebot_ws/install/turtlebot3_fake_node/share/turtlebot3_fake_node/cmake/turtlebot3_fake_nodeConfig.cmake
[20.896s] -- Symlinking: /home/user/hand_gesture_robot/turtlebot_ws/install/turtlebot3_fake_node/share/turtlebot3_fake_node/cmake/turtlebot3_fake_nodeConfig-version.cmake
[20.903s] -- Symlinking: /home/user/hand_gesture_robot/turtlebot_ws/install/turtlebot3_fake_node/share/turtlebot3_fake_node/package.xml
[20.912s] Invoked command in '/home/user/hand_gesture_robot/turtlebot_ws/build/turtlebot3_fake_node' returned '0': AMENT_PREFIX_PATH=/home/user/hand_gesture_robot/turtlebot_ws/install/turtlebot3_msgs:${AMENT_PREFIX_PATH} CMAKE_PREFIX_PATH=/home/user/hand_gesture_robot/turtlebot_ws/install/turtlebot3_msgs:/opt/ros/humble LD_LIBRARY_PATH=/home/user/hand_gesture_robot/turtlebot_ws/install/turtlebot3_msgs/lib:${LD_LIBRARY_PATH} PYTHONPATH=/home/user/hand_gesture_robot/turtlebot_ws/install/turtlebot3_msgs/local/lib/python3.10/dist-packages:${PYTHONPATH} /usr/bin/cmake --install /home/user/hand_gesture_robot/turtlebot_ws/build/turtlebot3_fake_node
