[0.431s] DEBUG:colcon:Command line arguments: ['/usr/bin/colcon', 'build', '--symlink-install']
[0.432s] DEBUG:colcon:Parsed command line arguments: Namespace(log_base=None, log_level=None, verb_name='build', build_base='build', install_base='install', merge_install=False, symlink_install=True, test_result_base=None, continue_on_error=False, executor='parallel', parallel_workers=16, event_handlers=None, ignore_user_meta=False, metas=['./colcon.meta'], base_paths=['.'], packages_ignore=None, packages_ignore_regex=None, paths=None, packages_up_to=None, packages_up_to_regex=None, packages_above=None, packages_above_and_dependencies=None, packages_above_depth=None, packages_select_by_dep=None, packages_skip_by_dep=None, packages_skip_up_to=None, packages_select_build_failed=False, packages_skip_build_finished=False, packages_select_test_failures=False, packages_skip_test_passed=False, packages_select=None, packages_skip=None, packages_select_regex=None, packages_skip_regex=None, packages_start=None, packages_end=None, allow_overriding=[], cmake_args=None, cmake_target=None, cmake_target_skip_unavailable=False, cmake_clean_cache=False, cmake_clean_first=False, cmake_force_configure=False, ament_cmake_args=None, catkin_cmake_args=None, catkin_skip_building_tests=False, mixin_files=None, mixin=None, verb_parser=<colcon_mixin.mixin.mixin_argument.MixinArgumentDecorator object at 0x7fddccc2a710>, verb_extension=<colcon_core.verb.build.BuildVerb object at 0x7fddccc2a080>, main=<bound method BuildVerb.main of <colcon_core.verb.build.BuildVerb object at 0x7fddccc2a080>>, mixin_verb=('build',))
[0.768s] Level 1:colcon.colcon_core.package_discovery:discover_packages(colcon_meta) check parameters
[0.768s] Level 1:colcon.colcon_core.package_discovery:discover_packages(recursive) check parameters
[0.768s] Level 1:colcon.colcon_core.package_discovery:discover_packages(ignore) check parameters
[0.768s] Level 1:colcon.colcon_core.package_discovery:discover_packages(path) check parameters
[0.768s] Level 1:colcon.colcon_core.package_discovery:discover_packages(colcon_meta) discover
[0.768s] Level 1:colcon.colcon_core.package_discovery:discover_packages(recursive) discover
[0.768s] INFO:colcon.colcon_core.package_discovery:Crawling recursively for packages in '/home/user/hand_gesture_robot/turtlebot_ws'
[0.768s] Level 1:colcon.colcon_core.package_identification:_identify(.) by extensions ['ignore', 'ignore_ament_install']
[0.768s] Level 1:colcon.colcon_core.package_identification:_identify(.) by extension 'ignore'
[0.768s] Level 1:colcon.colcon_core.package_identification:_identify(.) by extension 'ignore_ament_install'
[0.768s] Level 1:colcon.colcon_core.package_identification:_identify(.) by extensions ['colcon_pkg']
[0.768s] Level 1:colcon.colcon_core.package_identification:_identify(.) by extension 'colcon_pkg'
[0.768s] Level 1:colcon.colcon_core.package_identification:_identify(.) by extensions ['colcon_meta']
[0.769s] Level 1:colcon.colcon_core.package_identification:_identify(.) by extension 'colcon_meta'
[0.769s] Level 1:colcon.colcon_core.package_identification:_identify(.) by extensions ['ros']
[0.769s] Level 1:colcon.colcon_core.package_identification:_identify(.) by extension 'ros'
[0.781s] Level 1:colcon.colcon_core.package_identification:_identify(.) by extensions ['cmake', 'python']
[0.781s] Level 1:colcon.colcon_core.package_identification:_identify(.) by extension 'cmake'
[0.781s] Level 1:colcon.colcon_core.package_identification:_identify(.) by extension 'python'
[0.781s] Level 1:colcon.colcon_core.package_identification:_identify(.) by extensions ['python_setup_py']
[0.781s] Level 1:colcon.colcon_core.package_identification:_identify(.) by extension 'python_setup_py'
[0.782s] Level 1:colcon.colcon_core.package_identification:_identify(build) by extensions ['ignore', 'ignore_ament_install']
[0.782s] Level 1:colcon.colcon_core.package_identification:_identify(build) by extension 'ignore'
[0.782s] Level 1:colcon.colcon_core.package_identification:_identify(build) ignored
[0.782s] Level 1:colcon.colcon_core.package_identification:_identify(install) by extensions ['ignore', 'ignore_ament_install']
[0.782s] Level 1:colcon.colcon_core.package_identification:_identify(install) by extension 'ignore'
[0.782s] Level 1:colcon.colcon_core.package_identification:_identify(install) ignored
[0.782s] Level 1:colcon.colcon_core.package_identification:_identify(log) by extensions ['ignore', 'ignore_ament_install']
[0.782s] Level 1:colcon.colcon_core.package_identification:_identify(log) by extension 'ignore'
[0.782s] Level 1:colcon.colcon_core.package_identification:_identify(log) ignored
[0.783s] Level 1:colcon.colcon_core.package_identification:_identify(src) by extensions ['ignore', 'ignore_ament_install']
[0.783s] Level 1:colcon.colcon_core.package_identification:_identify(src) by extension 'ignore'
[0.783s] Level 1:colcon.colcon_core.package_identification:_identify(src) by extension 'ignore_ament_install'
[0.783s] Level 1:colcon.colcon_core.package_identification:_identify(src) by extensions ['colcon_pkg']
[0.783s] Level 1:colcon.colcon_core.package_identification:_identify(src) by extension 'colcon_pkg'
[0.783s] Level 1:colcon.colcon_core.package_identification:_identify(src) by extensions ['colcon_meta']
[0.783s] Level 1:colcon.colcon_core.package_identification:_identify(src) by extension 'colcon_meta'
[0.783s] Level 1:colcon.colcon_core.package_identification:_identify(src) by extensions ['ros']
[0.783s] Level 1:colcon.colcon_core.package_identification:_identify(src) by extension 'ros'
[0.783s] Level 1:colcon.colcon_core.package_identification:_identify(src) by extensions ['cmake', 'python']
[0.783s] Level 1:colcon.colcon_core.package_identification:_identify(src) by extension 'cmake'
[0.783s] Level 1:colcon.colcon_core.package_identification:_identify(src) by extension 'python'
[0.783s] Level 1:colcon.colcon_core.package_identification:_identify(src) by extensions ['python_setup_py']
[0.783s] Level 1:colcon.colcon_core.package_identification:_identify(src) by extension 'python_setup_py'
[0.783s] Level 1:colcon.colcon_core.package_identification:_identify(src/turtlebot3_msgs) by extensions ['ignore', 'ignore_ament_install']
[0.783s] Level 1:colcon.colcon_core.package_identification:_identify(src/turtlebot3_msgs) by extension 'ignore'
[0.783s] Level 1:colcon.colcon_core.package_identification:_identify(src/turtlebot3_msgs) by extension 'ignore_ament_install'
[0.783s] Level 1:colcon.colcon_core.package_identification:_identify(src/turtlebot3_msgs) by extensions ['colcon_pkg']
[0.783s] Level 1:colcon.colcon_core.package_identification:_identify(src/turtlebot3_msgs) by extension 'colcon_pkg'
[0.783s] Level 1:colcon.colcon_core.package_identification:_identify(src/turtlebot3_msgs) by extensions ['colcon_meta']
[0.783s] Level 1:colcon.colcon_core.package_identification:_identify(src/turtlebot3_msgs) by extension 'colcon_meta'
[0.783s] Level 1:colcon.colcon_core.package_identification:_identify(src/turtlebot3_msgs) by extensions ['ros']
[0.783s] Level 1:colcon.colcon_core.package_identification:_identify(src/turtlebot3_msgs) by extension 'ros'
[0.787s] DEBUG:colcon.colcon_core.package_identification:Package 'src/turtlebot3_msgs' with type 'ros.ament_cmake' and name 'turtlebot3_msgs'
[0.787s] Level 1:colcon.colcon_core.package_identification:_identify(src/turtlebot3_simulations) by extensions ['ignore', 'ignore_ament_install']
[0.788s] Level 1:colcon.colcon_core.package_identification:_identify(src/turtlebot3_simulations) by extension 'ignore'
[0.788s] Level 1:colcon.colcon_core.package_identification:_identify(src/turtlebot3_simulations) by extension 'ignore_ament_install'
[0.788s] Level 1:colcon.colcon_core.package_identification:_identify(src/turtlebot3_simulations) by extensions ['colcon_pkg']
[0.788s] Level 1:colcon.colcon_core.package_identification:_identify(src/turtlebot3_simulations) by extension 'colcon_pkg'
[0.788s] Level 1:colcon.colcon_core.package_identification:_identify(src/turtlebot3_simulations) by extensions ['colcon_meta']
[0.788s] Level 1:colcon.colcon_core.package_identification:_identify(src/turtlebot3_simulations) by extension 'colcon_meta'
[0.788s] Level 1:colcon.colcon_core.package_identification:_identify(src/turtlebot3_simulations) by extensions ['ros']
[0.788s] Level 1:colcon.colcon_core.package_identification:_identify(src/turtlebot3_simulations) by extension 'ros'
[0.788s] Level 1:colcon.colcon_core.package_identification:_identify(src/turtlebot3_simulations) by extensions ['cmake', 'python']
[0.788s] Level 1:colcon.colcon_core.package_identification:_identify(src/turtlebot3_simulations) by extension 'cmake'
[0.788s] Level 1:colcon.colcon_core.package_identification:_identify(src/turtlebot3_simulations) by extension 'python'
[0.788s] Level 1:colcon.colcon_core.package_identification:_identify(src/turtlebot3_simulations) by extensions ['python_setup_py']
[0.788s] Level 1:colcon.colcon_core.package_identification:_identify(src/turtlebot3_simulations) by extension 'python_setup_py'
[0.788s] Level 1:colcon.colcon_core.package_identification:_identify(src/turtlebot3_simulations/turtlebot3_fake_node) by extensions ['ignore', 'ignore_ament_install']
[0.789s] Level 1:colcon.colcon_core.package_identification:_identify(src/turtlebot3_simulations/turtlebot3_fake_node) by extension 'ignore'
[0.789s] Level 1:colcon.colcon_core.package_identification:_identify(src/turtlebot3_simulations/turtlebot3_fake_node) by extension 'ignore_ament_install'
[0.789s] Level 1:colcon.colcon_core.package_identification:_identify(src/turtlebot3_simulations/turtlebot3_fake_node) by extensions ['colcon_pkg']
[0.789s] Level 1:colcon.colcon_core.package_identification:_identify(src/turtlebot3_simulations/turtlebot3_fake_node) by extension 'colcon_pkg'
[0.789s] Level 1:colcon.colcon_core.package_identification:_identify(src/turtlebot3_simulations/turtlebot3_fake_node) by extensions ['colcon_meta']
[0.789s] Level 1:colcon.colcon_core.package_identification:_identify(src/turtlebot3_simulations/turtlebot3_fake_node) by extension 'colcon_meta'
[0.789s] Level 1:colcon.colcon_core.package_identification:_identify(src/turtlebot3_simulations/turtlebot3_fake_node) by extensions ['ros']
[0.789s] Level 1:colcon.colcon_core.package_identification:_identify(src/turtlebot3_simulations/turtlebot3_fake_node) by extension 'ros'
[0.790s] DEBUG:colcon.colcon_core.package_identification:Package 'src/turtlebot3_simulations/turtlebot3_fake_node' with type 'ros.ament_cmake' and name 'turtlebot3_fake_node'
[0.790s] Level 1:colcon.colcon_core.package_identification:_identify(src/turtlebot3_simulations/turtlebot3_gazebo) by extensions ['ignore', 'ignore_ament_install']
[0.790s] Level 1:colcon.colcon_core.package_identification:_identify(src/turtlebot3_simulations/turtlebot3_gazebo) by extension 'ignore'
[0.790s] Level 1:colcon.colcon_core.package_identification:_identify(src/turtlebot3_simulations/turtlebot3_gazebo) by extension 'ignore_ament_install'
[0.790s] Level 1:colcon.colcon_core.package_identification:_identify(src/turtlebot3_simulations/turtlebot3_gazebo) by extensions ['colcon_pkg']
[0.790s] Level 1:colcon.colcon_core.package_identification:_identify(src/turtlebot3_simulations/turtlebot3_gazebo) by extension 'colcon_pkg'
[0.790s] Level 1:colcon.colcon_core.package_identification:_identify(src/turtlebot3_simulations/turtlebot3_gazebo) by extensions ['colcon_meta']
[0.791s] Level 1:colcon.colcon_core.package_identification:_identify(src/turtlebot3_simulations/turtlebot3_gazebo) by extension 'colcon_meta'
[0.791s] Level 1:colcon.colcon_core.package_identification:_identify(src/turtlebot3_simulations/turtlebot3_gazebo) by extensions ['ros']
[0.791s] Level 1:colcon.colcon_core.package_identification:_identify(src/turtlebot3_simulations/turtlebot3_gazebo) by extension 'ros'
[0.792s] DEBUG:colcon.colcon_core.package_identification:Package 'src/turtlebot3_simulations/turtlebot3_gazebo' with type 'ros.ament_cmake' and name 'turtlebot3_gazebo'
[0.792s] Level 1:colcon.colcon_core.package_identification:_identify(src/turtlebot3_simulations/turtlebot3_manipulation_gazebo) by extensions ['ignore', 'ignore_ament_install']
[0.792s] Level 1:colcon.colcon_core.package_identification:_identify(src/turtlebot3_simulations/turtlebot3_manipulation_gazebo) by extension 'ignore'
[0.792s] Level 1:colcon.colcon_core.package_identification:_identify(src/turtlebot3_simulations/turtlebot3_manipulation_gazebo) by extension 'ignore_ament_install'
[0.792s] Level 1:colcon.colcon_core.package_identification:_identify(src/turtlebot3_simulations/turtlebot3_manipulation_gazebo) by extensions ['colcon_pkg']
[0.792s] Level 1:colcon.colcon_core.package_identification:_identify(src/turtlebot3_simulations/turtlebot3_manipulation_gazebo) by extension 'colcon_pkg'
[0.792s] Level 1:colcon.colcon_core.package_identification:_identify(src/turtlebot3_simulations/turtlebot3_manipulation_gazebo) by extensions ['colcon_meta']
[0.793s] Level 1:colcon.colcon_core.package_identification:_identify(src/turtlebot3_simulations/turtlebot3_manipulation_gazebo) by extension 'colcon_meta'
[0.793s] Level 1:colcon.colcon_core.package_identification:_identify(src/turtlebot3_simulations/turtlebot3_manipulation_gazebo) by extensions ['ros']
[0.793s] Level 1:colcon.colcon_core.package_identification:_identify(src/turtlebot3_simulations/turtlebot3_manipulation_gazebo) by extension 'ros'
[0.800s] DEBUG:colcon.colcon_core.package_identification:Package 'src/turtlebot3_simulations/turtlebot3_manipulation_gazebo' with type 'ros.ament_cmake' and name 'turtlebot3_manipulation_gazebo'
[0.801s] Level 1:colcon.colcon_core.package_identification:_identify(src/turtlebot3_simulations/turtlebot3_simulations) by extensions ['ignore', 'ignore_ament_install']
[0.801s] Level 1:colcon.colcon_core.package_identification:_identify(src/turtlebot3_simulations/turtlebot3_simulations) by extension 'ignore'
[0.801s] Level 1:colcon.colcon_core.package_identification:_identify(src/turtlebot3_simulations/turtlebot3_simulations) by extension 'ignore_ament_install'
[0.801s] Level 1:colcon.colcon_core.package_identification:_identify(src/turtlebot3_simulations/turtlebot3_simulations) by extensions ['colcon_pkg']
[0.801s] Level 1:colcon.colcon_core.package_identification:_identify(src/turtlebot3_simulations/turtlebot3_simulations) by extension 'colcon_pkg'
[0.802s] Level 1:colcon.colcon_core.package_identification:_identify(src/turtlebot3_simulations/turtlebot3_simulations) by extensions ['colcon_meta']
[0.802s] Level 1:colcon.colcon_core.package_identification:_identify(src/turtlebot3_simulations/turtlebot3_simulations) by extension 'colcon_meta'
[0.802s] Level 1:colcon.colcon_core.package_identification:_identify(src/turtlebot3_simulations/turtlebot3_simulations) by extensions ['ros']
[0.802s] Level 1:colcon.colcon_core.package_identification:_identify(src/turtlebot3_simulations/turtlebot3_simulations) by extension 'ros'
[0.802s] DEBUG:colcon.colcon_core.package_identification:Package 'src/turtlebot3_simulations/turtlebot3_simulations' with type 'ros.ament_cmake' and name 'turtlebot3_simulations'
[0.803s] Level 1:colcon.colcon_core.package_discovery:discover_packages(recursive) using defaults
[0.803s] Level 1:colcon.colcon_core.package_discovery:discover_packages(ignore) discover
[0.803s] Level 1:colcon.colcon_core.package_discovery:discover_packages(ignore) using defaults
[0.803s] Level 1:colcon.colcon_core.package_discovery:discover_packages(path) discover
[0.803s] Level 1:colcon.colcon_core.package_discovery:discover_packages(path) using defaults
[0.829s] Level 1:colcon.colcon_core.package_discovery:discover_packages(prefix_path) check parameters
[0.829s] Level 1:colcon.colcon_core.package_discovery:discover_packages(prefix_path) discover
[0.834s] DEBUG:colcon.colcon_installed_package_information.package_discovery:Found 317 installed packages in /opt/ros/humble
[0.836s] Level 1:colcon.colcon_core.package_discovery:discover_packages(prefix_path) using defaults
[0.925s] Level 5:colcon.colcon_core.verb:set package 'turtlebot3_gazebo' build argument 'cmake_args' from command line to 'None'
[0.925s] Level 5:colcon.colcon_core.verb:set package 'turtlebot3_gazebo' build argument 'cmake_target' from command line to 'None'
[0.925s] Level 5:colcon.colcon_core.verb:set package 'turtlebot3_gazebo' build argument 'cmake_target_skip_unavailable' from command line to 'False'
[0.925s] Level 5:colcon.colcon_core.verb:set package 'turtlebot3_gazebo' build argument 'cmake_clean_cache' from command line to 'False'
[0.925s] Level 5:colcon.colcon_core.verb:set package 'turtlebot3_gazebo' build argument 'cmake_clean_first' from command line to 'False'
[0.925s] Level 5:colcon.colcon_core.verb:set package 'turtlebot3_gazebo' build argument 'cmake_force_configure' from command line to 'False'
[0.925s] Level 5:colcon.colcon_core.verb:set package 'turtlebot3_gazebo' build argument 'ament_cmake_args' from command line to 'None'
[0.925s] Level 5:colcon.colcon_core.verb:set package 'turtlebot3_gazebo' build argument 'catkin_cmake_args' from command line to 'None'
[0.926s] Level 5:colcon.colcon_core.verb:set package 'turtlebot3_gazebo' build argument 'catkin_skip_building_tests' from command line to 'False'
[0.926s] DEBUG:colcon.colcon_core.verb:Building package 'turtlebot3_gazebo' with the following arguments: {'ament_cmake_args': None, 'build_base': '/home/user/hand_gesture_robot/turtlebot_ws/build/turtlebot3_gazebo', 'catkin_cmake_args': None, 'catkin_skip_building_tests': False, 'cmake_args': None, 'cmake_clean_cache': False, 'cmake_clean_first': False, 'cmake_force_configure': False, 'cmake_target': None, 'cmake_target_skip_unavailable': False, 'install_base': '/home/user/hand_gesture_robot/turtlebot_ws/install/turtlebot3_gazebo', 'merge_install': False, 'path': '/home/user/hand_gesture_robot/turtlebot_ws/src/turtlebot3_simulations/turtlebot3_gazebo', 'symlink_install': True, 'test_result_base': None}
[0.926s] Level 5:colcon.colcon_core.verb:set package 'turtlebot3_manipulation_gazebo' build argument 'cmake_args' from command line to 'None'
[0.926s] Level 5:colcon.colcon_core.verb:set package 'turtlebot3_manipulation_gazebo' build argument 'cmake_target' from command line to 'None'
[0.926s] Level 5:colcon.colcon_core.verb:set package 'turtlebot3_manipulation_gazebo' build argument 'cmake_target_skip_unavailable' from command line to 'False'
[0.926s] Level 5:colcon.colcon_core.verb:set package 'turtlebot3_manipulation_gazebo' build argument 'cmake_clean_cache' from command line to 'False'
[0.926s] Level 5:colcon.colcon_core.verb:set package 'turtlebot3_manipulation_gazebo' build argument 'cmake_clean_first' from command line to 'False'
[0.926s] Level 5:colcon.colcon_core.verb:set package 'turtlebot3_manipulation_gazebo' build argument 'cmake_force_configure' from command line to 'False'
[0.926s] Level 5:colcon.colcon_core.verb:set package 'turtlebot3_manipulation_gazebo' build argument 'ament_cmake_args' from command line to 'None'
[0.926s] Level 5:colcon.colcon_core.verb:set package 'turtlebot3_manipulation_gazebo' build argument 'catkin_cmake_args' from command line to 'None'
[0.926s] Level 5:colcon.colcon_core.verb:set package 'turtlebot3_manipulation_gazebo' build argument 'catkin_skip_building_tests' from command line to 'False'
[0.926s] DEBUG:colcon.colcon_core.verb:Building package 'turtlebot3_manipulation_gazebo' with the following arguments: {'ament_cmake_args': None, 'build_base': '/home/user/hand_gesture_robot/turtlebot_ws/build/turtlebot3_manipulation_gazebo', 'catkin_cmake_args': None, 'catkin_skip_building_tests': False, 'cmake_args': None, 'cmake_clean_cache': False, 'cmake_clean_first': False, 'cmake_force_configure': False, 'cmake_target': None, 'cmake_target_skip_unavailable': False, 'install_base': '/home/user/hand_gesture_robot/turtlebot_ws/install/turtlebot3_manipulation_gazebo', 'merge_install': False, 'path': '/home/user/hand_gesture_robot/turtlebot_ws/src/turtlebot3_simulations/turtlebot3_manipulation_gazebo', 'symlink_install': True, 'test_result_base': None}
[0.926s] Level 5:colcon.colcon_core.verb:set package 'turtlebot3_msgs' build argument 'cmake_args' from command line to 'None'
[0.926s] Level 5:colcon.colcon_core.verb:set package 'turtlebot3_msgs' build argument 'cmake_target' from command line to 'None'
[0.926s] Level 5:colcon.colcon_core.verb:set package 'turtlebot3_msgs' build argument 'cmake_target_skip_unavailable' from command line to 'False'
[0.926s] Level 5:colcon.colcon_core.verb:set package 'turtlebot3_msgs' build argument 'cmake_clean_cache' from command line to 'False'
[0.926s] Level 5:colcon.colcon_core.verb:set package 'turtlebot3_msgs' build argument 'cmake_clean_first' from command line to 'False'
[0.926s] Level 5:colcon.colcon_core.verb:set package 'turtlebot3_msgs' build argument 'cmake_force_configure' from command line to 'False'
[0.926s] Level 5:colcon.colcon_core.verb:set package 'turtlebot3_msgs' build argument 'ament_cmake_args' from command line to 'None'
[0.927s] Level 5:colcon.colcon_core.verb:set package 'turtlebot3_msgs' build argument 'catkin_cmake_args' from command line to 'None'
[0.927s] Level 5:colcon.colcon_core.verb:set package 'turtlebot3_msgs' build argument 'catkin_skip_building_tests' from command line to 'False'
[0.927s] DEBUG:colcon.colcon_core.verb:Building package 'turtlebot3_msgs' with the following arguments: {'ament_cmake_args': None, 'build_base': '/home/user/hand_gesture_robot/turtlebot_ws/build/turtlebot3_msgs', 'catkin_cmake_args': None, 'catkin_skip_building_tests': False, 'cmake_args': None, 'cmake_clean_cache': False, 'cmake_clean_first': False, 'cmake_force_configure': False, 'cmake_target': None, 'cmake_target_skip_unavailable': False, 'install_base': '/home/user/hand_gesture_robot/turtlebot_ws/install/turtlebot3_msgs', 'merge_install': False, 'path': '/home/user/hand_gesture_robot/turtlebot_ws/src/turtlebot3_msgs', 'symlink_install': True, 'test_result_base': None}
[0.927s] Level 5:colcon.colcon_core.verb:set package 'turtlebot3_fake_node' build argument 'cmake_args' from command line to 'None'
[0.927s] Level 5:colcon.colcon_core.verb:set package 'turtlebot3_fake_node' build argument 'cmake_target' from command line to 'None'
[0.927s] Level 5:colcon.colcon_core.verb:set package 'turtlebot3_fake_node' build argument 'cmake_target_skip_unavailable' from command line to 'False'
[0.927s] Level 5:colcon.colcon_core.verb:set package 'turtlebot3_fake_node' build argument 'cmake_clean_cache' from command line to 'False'
[0.927s] Level 5:colcon.colcon_core.verb:set package 'turtlebot3_fake_node' build argument 'cmake_clean_first' from command line to 'False'
[0.927s] Level 5:colcon.colcon_core.verb:set package 'turtlebot3_fake_node' build argument 'cmake_force_configure' from command line to 'False'
[0.927s] Level 5:colcon.colcon_core.verb:set package 'turtlebot3_fake_node' build argument 'ament_cmake_args' from command line to 'None'
[0.927s] Level 5:colcon.colcon_core.verb:set package 'turtlebot3_fake_node' build argument 'catkin_cmake_args' from command line to 'None'
[0.927s] Level 5:colcon.colcon_core.verb:set package 'turtlebot3_fake_node' build argument 'catkin_skip_building_tests' from command line to 'False'
[0.927s] DEBUG:colcon.colcon_core.verb:Building package 'turtlebot3_fake_node' with the following arguments: {'ament_cmake_args': None, 'build_base': '/home/user/hand_gesture_robot/turtlebot_ws/build/turtlebot3_fake_node', 'catkin_cmake_args': None, 'catkin_skip_building_tests': False, 'cmake_args': None, 'cmake_clean_cache': False, 'cmake_clean_first': False, 'cmake_force_configure': False, 'cmake_target': None, 'cmake_target_skip_unavailable': False, 'install_base': '/home/user/hand_gesture_robot/turtlebot_ws/install/turtlebot3_fake_node', 'merge_install': False, 'path': '/home/user/hand_gesture_robot/turtlebot_ws/src/turtlebot3_simulations/turtlebot3_fake_node', 'symlink_install': True, 'test_result_base': None}
[0.927s] Level 5:colcon.colcon_core.verb:set package 'turtlebot3_simulations' build argument 'cmake_args' from command line to 'None'
[0.927s] Level 5:colcon.colcon_core.verb:set package 'turtlebot3_simulations' build argument 'cmake_target' from command line to 'None'
[0.927s] Level 5:colcon.colcon_core.verb:set package 'turtlebot3_simulations' build argument 'cmake_target_skip_unavailable' from command line to 'False'
[0.927s] Level 5:colcon.colcon_core.verb:set package 'turtlebot3_simulations' build argument 'cmake_clean_cache' from command line to 'False'
[0.927s] Level 5:colcon.colcon_core.verb:set package 'turtlebot3_simulations' build argument 'cmake_clean_first' from command line to 'False'
[0.927s] Level 5:colcon.colcon_core.verb:set package 'turtlebot3_simulations' build argument 'cmake_force_configure' from command line to 'False'
[0.927s] Level 5:colcon.colcon_core.verb:set package 'turtlebot3_simulations' build argument 'ament_cmake_args' from command line to 'None'
[0.927s] Level 5:colcon.colcon_core.verb:set package 'turtlebot3_simulations' build argument 'catkin_cmake_args' from command line to 'None'
[0.927s] Level 5:colcon.colcon_core.verb:set package 'turtlebot3_simulations' build argument 'catkin_skip_building_tests' from command line to 'False'
[0.927s] DEBUG:colcon.colcon_core.verb:Building package 'turtlebot3_simulations' with the following arguments: {'ament_cmake_args': None, 'build_base': '/home/user/hand_gesture_robot/turtlebot_ws/build/turtlebot3_simulations', 'catkin_cmake_args': None, 'catkin_skip_building_tests': False, 'cmake_args': None, 'cmake_clean_cache': False, 'cmake_clean_first': False, 'cmake_force_configure': False, 'cmake_target': None, 'cmake_target_skip_unavailable': False, 'install_base': '/home/user/hand_gesture_robot/turtlebot_ws/install/turtlebot3_simulations', 'merge_install': False, 'path': '/home/user/hand_gesture_robot/turtlebot_ws/src/turtlebot3_simulations/turtlebot3_simulations', 'symlink_install': True, 'test_result_base': None}
[0.927s] INFO:colcon.colcon_core.executor:Executing jobs using 'parallel' executor
[0.928s] DEBUG:colcon.colcon_parallel_executor.executor.parallel:run_until_complete
[0.929s] INFO:colcon.colcon_ros.task.ament_cmake.build:Building ROS package in '/home/user/hand_gesture_robot/turtlebot_ws/src/turtlebot3_msgs' with build type 'ament_cmake'
[0.929s] INFO:colcon.colcon_cmake.task.cmake.build:Building CMake package in '/home/user/hand_gesture_robot/turtlebot_ws/src/turtlebot3_msgs'
[0.934s] INFO:colcon.colcon_core.plugin_system:Skipping extension 'colcon_core.shell.bat': Not used on non-Windows systems
[0.934s] INFO:colcon.colcon_core.shell:Skip shell extension 'powershell' for command environment: Not usable outside of PowerShell
[0.934s] DEBUG:colcon.colcon_core.shell:Skip shell extension 'dsv' for command environment
[0.938s] INFO:colcon.colcon_ros.task.ament_cmake.build:Building ROS package in '/home/user/hand_gesture_robot/turtlebot_ws/src/turtlebot3_simulations/turtlebot3_gazebo' with build type 'ament_cmake'
[0.938s] INFO:colcon.colcon_cmake.task.cmake.build:Building CMake package in '/home/user/hand_gesture_robot/turtlebot_ws/src/turtlebot3_simulations/turtlebot3_gazebo'
[0.938s] INFO:colcon.colcon_core.shell:Skip shell extension 'powershell' for command environment: Not usable outside of PowerShell
[0.938s] DEBUG:colcon.colcon_core.shell:Skip shell extension 'dsv' for command environment
[0.941s] INFO:colcon.colcon_ros.task.ament_cmake.build:Building ROS package in '/home/user/hand_gesture_robot/turtlebot_ws/src/turtlebot3_simulations/turtlebot3_manipulation_gazebo' with build type 'ament_cmake'
[0.941s] INFO:colcon.colcon_cmake.task.cmake.build:Building CMake package in '/home/user/hand_gesture_robot/turtlebot_ws/src/turtlebot3_simulations/turtlebot3_manipulation_gazebo'
[0.941s] INFO:colcon.colcon_core.shell:Skip shell extension 'powershell' for command environment: Not usable outside of PowerShell
[0.941s] DEBUG:colcon.colcon_core.shell:Skip shell extension 'dsv' for command environment
[0.948s] DEBUG:colcon.colcon_core.event_handler.log_command:Invoking command in '/home/user/hand_gesture_robot/turtlebot_ws/build/turtlebot3_msgs': CMAKE_PREFIX_PATH=/opt/ros/humble /usr/bin/cmake /home/user/hand_gesture_robot/turtlebot_ws/src/turtlebot3_msgs -DAMENT_CMAKE_SYMLINK_INSTALL=1 -DCMAKE_INSTALL_PREFIX=/home/user/hand_gesture_robot/turtlebot_ws/install/turtlebot3_msgs
[0.957s] DEBUG:colcon.colcon_core.event_handler.log_command:Invoking command in '/home/user/hand_gesture_robot/turtlebot_ws/build/turtlebot3_gazebo': CMAKE_PREFIX_PATH=/opt/ros/humble /usr/bin/cmake --build /home/user/hand_gesture_robot/turtlebot_ws/build/turtlebot3_gazebo -- -j16 -l16
[0.963s] DEBUG:colcon.colcon_core.event_handler.log_command:Invoking command in '/home/user/hand_gesture_robot/turtlebot_ws/build/turtlebot3_manipulation_gazebo': CMAKE_PREFIX_PATH=/opt/ros/humble /usr/bin/cmake --build /home/user/hand_gesture_robot/turtlebot_ws/build/turtlebot3_manipulation_gazebo -- -j16 -l16
[1.003s] DEBUG:colcon.colcon_core.event_handler.log_command:Invoked command in '/home/user/hand_gesture_robot/turtlebot_ws/build/turtlebot3_manipulation_gazebo' returned '0': CMAKE_PREFIX_PATH=/opt/ros/humble /usr/bin/cmake --build /home/user/hand_gesture_robot/turtlebot_ws/build/turtlebot3_manipulation_gazebo -- -j16 -l16
[1.015s] DEBUG:colcon.colcon_core.event_handler.log_command:Invoking command in '/home/user/hand_gesture_robot/turtlebot_ws/build/turtlebot3_manipulation_gazebo': CMAKE_PREFIX_PATH=/opt/ros/humble /usr/bin/cmake --install /home/user/hand_gesture_robot/turtlebot_ws/build/turtlebot3_manipulation_gazebo
[1.090s] Level 1:colcon.colcon_core.environment:create_environment_scripts_only(turtlebot3_manipulation_gazebo)
[1.091s] DEBUG:colcon.colcon_core.event_handler.log_command:Invoked command in '/home/user/hand_gesture_robot/turtlebot_ws/build/turtlebot3_manipulation_gazebo' returned '0': CMAKE_PREFIX_PATH=/opt/ros/humble /usr/bin/cmake --install /home/user/hand_gesture_robot/turtlebot_ws/build/turtlebot3_manipulation_gazebo
[1.097s] Level 1:colcon.colcon_core.environment:checking '/home/user/hand_gesture_robot/turtlebot_ws/install/turtlebot3_manipulation_gazebo' for CMake module files
[1.098s] Level 1:colcon.colcon_core.environment:checking '/home/user/hand_gesture_robot/turtlebot_ws/install/turtlebot3_manipulation_gazebo' for CMake config files
[1.114s] Level 1:colcon.colcon_core.shell:create_environment_hook('turtlebot3_manipulation_gazebo', 'cmake_prefix_path')
[1.115s] INFO:colcon.colcon_core.shell:Creating environment hook '/home/user/hand_gesture_robot/turtlebot_ws/install/turtlebot3_manipulation_gazebo/share/turtlebot3_manipulation_gazebo/hook/cmake_prefix_path.ps1'
[1.116s] INFO:colcon.colcon_core.shell:Creating environment descriptor '/home/user/hand_gesture_robot/turtlebot_ws/install/turtlebot3_manipulation_gazebo/share/turtlebot3_manipulation_gazebo/hook/cmake_prefix_path.dsv'
[1.116s] INFO:colcon.colcon_core.shell:Creating environment hook '/home/user/hand_gesture_robot/turtlebot_ws/install/turtlebot3_manipulation_gazebo/share/turtlebot3_manipulation_gazebo/hook/cmake_prefix_path.sh'
[1.118s] Level 1:colcon.colcon_core.environment:checking '/home/user/hand_gesture_robot/turtlebot_ws/install/turtlebot3_manipulation_gazebo/bin'
[1.118s] Level 1:colcon.colcon_core.environment:checking '/home/user/hand_gesture_robot/turtlebot_ws/install/turtlebot3_manipulation_gazebo/lib/pkgconfig/turtlebot3_manipulation_gazebo.pc'
[1.118s] Level 1:colcon.colcon_core.environment:checking '/home/user/hand_gesture_robot/turtlebot_ws/install/turtlebot3_manipulation_gazebo/lib/python3.10/site-packages'
[1.118s] Level 1:colcon.colcon_core.environment:checking '/home/user/hand_gesture_robot/turtlebot_ws/install/turtlebot3_manipulation_gazebo/bin'
[1.119s] INFO:colcon.colcon_core.shell:Creating package script '/home/user/hand_gesture_robot/turtlebot_ws/install/turtlebot3_manipulation_gazebo/share/turtlebot3_manipulation_gazebo/package.ps1'
[1.120s] INFO:colcon.colcon_core.shell:Creating package descriptor '/home/user/hand_gesture_robot/turtlebot_ws/install/turtlebot3_manipulation_gazebo/share/turtlebot3_manipulation_gazebo/package.dsv'
[1.120s] INFO:colcon.colcon_core.shell:Creating package script '/home/user/hand_gesture_robot/turtlebot_ws/install/turtlebot3_manipulation_gazebo/share/turtlebot3_manipulation_gazebo/package.sh'
[1.121s] INFO:colcon.colcon_core.shell:Creating package script '/home/user/hand_gesture_robot/turtlebot_ws/install/turtlebot3_manipulation_gazebo/share/turtlebot3_manipulation_gazebo/package.bash'
[1.122s] INFO:colcon.colcon_core.shell:Creating package script '/home/user/hand_gesture_robot/turtlebot_ws/install/turtlebot3_manipulation_gazebo/share/turtlebot3_manipulation_gazebo/package.zsh'
[1.123s] Level 1:colcon.colcon_core.environment:create_file_with_runtime_dependencies(/home/user/hand_gesture_robot/turtlebot_ws/install/turtlebot3_manipulation_gazebo/share/colcon-core/packages/turtlebot3_manipulation_gazebo)
[1.123s] Level 1:colcon.colcon_core.environment:create_environment_scripts_only(turtlebot3_manipulation_gazebo)
[1.123s] Level 1:colcon.colcon_core.environment:checking '/home/user/hand_gesture_robot/turtlebot_ws/install/turtlebot3_manipulation_gazebo' for CMake module files
[1.124s] Level 1:colcon.colcon_core.environment:checking '/home/user/hand_gesture_robot/turtlebot_ws/install/turtlebot3_manipulation_gazebo' for CMake config files
[1.125s] Level 1:colcon.colcon_core.shell:create_environment_hook('turtlebot3_manipulation_gazebo', 'cmake_prefix_path')
[1.125s] INFO:colcon.colcon_core.shell:Creating environment hook '/home/user/hand_gesture_robot/turtlebot_ws/install/turtlebot3_manipulation_gazebo/share/turtlebot3_manipulation_gazebo/hook/cmake_prefix_path.ps1'
[1.126s] INFO:colcon.colcon_core.shell:Creating environment descriptor '/home/user/hand_gesture_robot/turtlebot_ws/install/turtlebot3_manipulation_gazebo/share/turtlebot3_manipulation_gazebo/hook/cmake_prefix_path.dsv'
[1.126s] INFO:colcon.colcon_core.shell:Creating environment hook '/home/user/hand_gesture_robot/turtlebot_ws/install/turtlebot3_manipulation_gazebo/share/turtlebot3_manipulation_gazebo/hook/cmake_prefix_path.sh'
[1.126s] Level 1:colcon.colcon_core.environment:checking '/home/user/hand_gesture_robot/turtlebot_ws/install/turtlebot3_manipulation_gazebo/bin'
[1.126s] Level 1:colcon.colcon_core.environment:checking '/home/user/hand_gesture_robot/turtlebot_ws/install/turtlebot3_manipulation_gazebo/lib/pkgconfig/turtlebot3_manipulation_gazebo.pc'
[1.126s] Level 1:colcon.colcon_core.environment:checking '/home/user/hand_gesture_robot/turtlebot_ws/install/turtlebot3_manipulation_gazebo/lib/python3.10/site-packages'
[1.127s] Level 1:colcon.colcon_core.environment:checking '/home/user/hand_gesture_robot/turtlebot_ws/install/turtlebot3_manipulation_gazebo/bin'
[1.127s] INFO:colcon.colcon_core.shell:Creating package script '/home/user/hand_gesture_robot/turtlebot_ws/install/turtlebot3_manipulation_gazebo/share/turtlebot3_manipulation_gazebo/package.ps1'
[1.127s] INFO:colcon.colcon_core.shell:Creating package descriptor '/home/user/hand_gesture_robot/turtlebot_ws/install/turtlebot3_manipulation_gazebo/share/turtlebot3_manipulation_gazebo/package.dsv'
[1.128s] INFO:colcon.colcon_core.shell:Creating package script '/home/user/hand_gesture_robot/turtlebot_ws/install/turtlebot3_manipulation_gazebo/share/turtlebot3_manipulation_gazebo/package.sh'
[1.129s] INFO:colcon.colcon_core.shell:Creating package script '/home/user/hand_gesture_robot/turtlebot_ws/install/turtlebot3_manipulation_gazebo/share/turtlebot3_manipulation_gazebo/package.bash'
[1.129s] INFO:colcon.colcon_core.shell:Creating package script '/home/user/hand_gesture_robot/turtlebot_ws/install/turtlebot3_manipulation_gazebo/share/turtlebot3_manipulation_gazebo/package.zsh'
[1.130s] Level 1:colcon.colcon_core.environment:create_file_with_runtime_dependencies(/home/user/hand_gesture_robot/turtlebot_ws/install/turtlebot3_manipulation_gazebo/share/colcon-core/packages/turtlebot3_manipulation_gazebo)
[8.148s] DEBUG:colcon.colcon_core.event_handler.log_command:Invoked command in '/home/user/hand_gesture_robot/turtlebot_ws/build/turtlebot3_msgs' returned '0': CMAKE_PREFIX_PATH=/opt/ros/humble /usr/bin/cmake /home/user/hand_gesture_robot/turtlebot_ws/src/turtlebot3_msgs -DAMENT_CMAKE_SYMLINK_INSTALL=1 -DCMAKE_INSTALL_PREFIX=/home/user/hand_gesture_robot/turtlebot_ws/install/turtlebot3_msgs
[8.151s] DEBUG:colcon.colcon_core.event_handler.log_command:Invoking command in '/home/user/hand_gesture_robot/turtlebot_ws/build/turtlebot3_msgs': CMAKE_PREFIX_PATH=/opt/ros/humble /usr/bin/cmake --build /home/user/hand_gesture_robot/turtlebot_ws/build/turtlebot3_msgs -- -j16 -l16
[16.136s] DEBUG:colcon.colcon_core.event_handler.log_command:Invoked command in '/home/user/hand_gesture_robot/turtlebot_ws/build/turtlebot3_msgs' returned '0': CMAKE_PREFIX_PATH=/opt/ros/humble /usr/bin/cmake --build /home/user/hand_gesture_robot/turtlebot_ws/build/turtlebot3_msgs -- -j16 -l16
[16.139s] DEBUG:colcon.colcon_core.event_handler.log_command:Invoking command in '/home/user/hand_gesture_robot/turtlebot_ws/build/turtlebot3_msgs': CMAKE_PREFIX_PATH=/opt/ros/humble /usr/bin/cmake --install /home/user/hand_gesture_robot/turtlebot_ws/build/turtlebot3_msgs
[17.605s] DEBUG:colcon.colcon_core.event_handler.log_command:Invoked command in '/home/user/hand_gesture_robot/turtlebot_ws/build/turtlebot3_gazebo' returned '0': CMAKE_PREFIX_PATH=/opt/ros/humble /usr/bin/cmake --build /home/user/hand_gesture_robot/turtlebot_ws/build/turtlebot3_gazebo -- -j16 -l16
[17.608s] DEBUG:colcon.colcon_core.event_handler.log_command:Invoking command in '/home/user/hand_gesture_robot/turtlebot_ws/build/turtlebot3_gazebo': CMAKE_PREFIX_PATH=/opt/ros/humble /usr/bin/cmake --install /home/user/hand_gesture_robot/turtlebot_ws/build/turtlebot3_gazebo
[17.715s] Level 1:colcon.colcon_core.environment:create_environment_scripts_only(turtlebot3_msgs)
[17.715s] Level 1:colcon.colcon_core.environment:checking '/home/user/hand_gesture_robot/turtlebot_ws/install/turtlebot3_msgs' for CMake module files
[17.716s] DEBUG:colcon.colcon_core.event_handler.log_command:Invoked command in '/home/user/hand_gesture_robot/turtlebot_ws/build/turtlebot3_msgs' returned '0': CMAKE_PREFIX_PATH=/opt/ros/humble /usr/bin/cmake --install /home/user/hand_gesture_robot/turtlebot_ws/build/turtlebot3_msgs
[17.716s] Level 1:colcon.colcon_core.environment:checking '/home/user/hand_gesture_robot/turtlebot_ws/install/turtlebot3_msgs' for CMake config files
[17.718s] Level 1:colcon.colcon_core.shell:create_environment_hook('turtlebot3_msgs', 'cmake_prefix_path')
[17.718s] INFO:colcon.colcon_core.shell:Creating environment hook '/home/user/hand_gesture_robot/turtlebot_ws/install/turtlebot3_msgs/share/turtlebot3_msgs/hook/cmake_prefix_path.ps1'
[17.719s] INFO:colcon.colcon_core.shell:Creating environment descriptor '/home/user/hand_gesture_robot/turtlebot_ws/install/turtlebot3_msgs/share/turtlebot3_msgs/hook/cmake_prefix_path.dsv'
[17.719s] INFO:colcon.colcon_core.shell:Creating environment hook '/home/user/hand_gesture_robot/turtlebot_ws/install/turtlebot3_msgs/share/turtlebot3_msgs/hook/cmake_prefix_path.sh'
[17.719s] Level 1:colcon.colcon_core.environment:checking '/home/user/hand_gesture_robot/turtlebot_ws/install/turtlebot3_msgs/lib'
[17.719s] Level 1:colcon.colcon_core.shell:create_environment_hook('turtlebot3_msgs', 'ld_library_path_lib')
[17.720s] INFO:colcon.colcon_core.shell:Creating environment hook '/home/user/hand_gesture_robot/turtlebot_ws/install/turtlebot3_msgs/share/turtlebot3_msgs/hook/ld_library_path_lib.ps1'
[17.720s] INFO:colcon.colcon_core.shell:Creating environment descriptor '/home/user/hand_gesture_robot/turtlebot_ws/install/turtlebot3_msgs/share/turtlebot3_msgs/hook/ld_library_path_lib.dsv'
[17.720s] INFO:colcon.colcon_core.shell:Creating environment hook '/home/user/hand_gesture_robot/turtlebot_ws/install/turtlebot3_msgs/share/turtlebot3_msgs/hook/ld_library_path_lib.sh'
[17.720s] Level 1:colcon.colcon_core.environment:checking '/home/user/hand_gesture_robot/turtlebot_ws/install/turtlebot3_msgs/bin'
[17.720s] Level 1:colcon.colcon_core.environment:checking '/home/user/hand_gesture_robot/turtlebot_ws/install/turtlebot3_msgs/lib/pkgconfig/turtlebot3_msgs.pc'
[17.721s] Level 1:colcon.colcon_core.environment:checking '/home/user/hand_gesture_robot/turtlebot_ws/install/turtlebot3_msgs/lib/python3.10/site-packages'
[17.721s] Level 1:colcon.colcon_core.environment:checking '/home/user/hand_gesture_robot/turtlebot_ws/install/turtlebot3_msgs/bin'
[17.721s] INFO:colcon.colcon_core.shell:Creating package script '/home/user/hand_gesture_robot/turtlebot_ws/install/turtlebot3_msgs/share/turtlebot3_msgs/package.ps1'
[17.721s] INFO:colcon.colcon_core.shell:Creating package descriptor '/home/user/hand_gesture_robot/turtlebot_ws/install/turtlebot3_msgs/share/turtlebot3_msgs/package.dsv'
[17.722s] INFO:colcon.colcon_core.shell:Creating package script '/home/user/hand_gesture_robot/turtlebot_ws/install/turtlebot3_msgs/share/turtlebot3_msgs/package.sh'
[17.722s] INFO:colcon.colcon_core.shell:Creating package script '/home/user/hand_gesture_robot/turtlebot_ws/install/turtlebot3_msgs/share/turtlebot3_msgs/package.bash'
[17.723s] INFO:colcon.colcon_core.shell:Creating package script '/home/user/hand_gesture_robot/turtlebot_ws/install/turtlebot3_msgs/share/turtlebot3_msgs/package.zsh'
[17.723s] Level 1:colcon.colcon_core.environment:create_file_with_runtime_dependencies(/home/user/hand_gesture_robot/turtlebot_ws/install/turtlebot3_msgs/share/colcon-core/packages/turtlebot3_msgs)
[17.724s] Level 1:colcon.colcon_core.environment:create_environment_scripts_only(turtlebot3_msgs)
[17.725s] Level 1:colcon.colcon_core.environment:checking '/home/user/hand_gesture_robot/turtlebot_ws/install/turtlebot3_msgs' for CMake module files
[17.725s] Level 1:colcon.colcon_core.environment:checking '/home/user/hand_gesture_robot/turtlebot_ws/install/turtlebot3_msgs' for CMake config files
[17.727s] Level 1:colcon.colcon_core.shell:create_environment_hook('turtlebot3_msgs', 'cmake_prefix_path')
[17.727s] INFO:colcon.colcon_core.shell:Creating environment hook '/home/user/hand_gesture_robot/turtlebot_ws/install/turtlebot3_msgs/share/turtlebot3_msgs/hook/cmake_prefix_path.ps1'
[17.728s] INFO:colcon.colcon_core.shell:Creating environment descriptor '/home/user/hand_gesture_robot/turtlebot_ws/install/turtlebot3_msgs/share/turtlebot3_msgs/hook/cmake_prefix_path.dsv'
[17.728s] INFO:colcon.colcon_core.shell:Creating environment hook '/home/user/hand_gesture_robot/turtlebot_ws/install/turtlebot3_msgs/share/turtlebot3_msgs/hook/cmake_prefix_path.sh'
[17.729s] Level 1:colcon.colcon_core.environment:checking '/home/user/hand_gesture_robot/turtlebot_ws/install/turtlebot3_msgs/lib'
[17.729s] Level 1:colcon.colcon_core.shell:create_environment_hook('turtlebot3_msgs', 'ld_library_path_lib')
[17.729s] INFO:colcon.colcon_core.shell:Creating environment hook '/home/user/hand_gesture_robot/turtlebot_ws/install/turtlebot3_msgs/share/turtlebot3_msgs/hook/ld_library_path_lib.ps1'
[17.729s] INFO:colcon.colcon_core.shell:Creating environment descriptor '/home/user/hand_gesture_robot/turtlebot_ws/install/turtlebot3_msgs/share/turtlebot3_msgs/hook/ld_library_path_lib.dsv'
[17.730s] INFO:colcon.colcon_core.shell:Creating environment hook '/home/user/hand_gesture_robot/turtlebot_ws/install/turtlebot3_msgs/share/turtlebot3_msgs/hook/ld_library_path_lib.sh'
[17.730s] Level 1:colcon.colcon_core.environment:checking '/home/user/hand_gesture_robot/turtlebot_ws/install/turtlebot3_msgs/bin'
[17.730s] Level 1:colcon.colcon_core.environment:checking '/home/user/hand_gesture_robot/turtlebot_ws/install/turtlebot3_msgs/lib/pkgconfig/turtlebot3_msgs.pc'
[17.731s] Level 1:colcon.colcon_core.environment:checking '/home/user/hand_gesture_robot/turtlebot_ws/install/turtlebot3_msgs/lib/python3.10/site-packages'
[17.731s] Level 1:colcon.colcon_core.environment:checking '/home/user/hand_gesture_robot/turtlebot_ws/install/turtlebot3_msgs/bin'
[17.731s] INFO:colcon.colcon_core.shell:Creating package script '/home/user/hand_gesture_robot/turtlebot_ws/install/turtlebot3_msgs/share/turtlebot3_msgs/package.ps1'
[17.732s] INFO:colcon.colcon_core.shell:Creating package descriptor '/home/user/hand_gesture_robot/turtlebot_ws/install/turtlebot3_msgs/share/turtlebot3_msgs/package.dsv'
[17.733s] INFO:colcon.colcon_core.shell:Creating package script '/home/user/hand_gesture_robot/turtlebot_ws/install/turtlebot3_msgs/share/turtlebot3_msgs/package.sh'
[17.733s] INFO:colcon.colcon_core.shell:Creating package script '/home/user/hand_gesture_robot/turtlebot_ws/install/turtlebot3_msgs/share/turtlebot3_msgs/package.bash'
[17.734s] INFO:colcon.colcon_core.shell:Creating package script '/home/user/hand_gesture_robot/turtlebot_ws/install/turtlebot3_msgs/share/turtlebot3_msgs/package.zsh'
[17.734s] Level 1:colcon.colcon_core.environment:create_file_with_runtime_dependencies(/home/user/hand_gesture_robot/turtlebot_ws/install/turtlebot3_msgs/share/colcon-core/packages/turtlebot3_msgs)
[17.735s] INFO:colcon.colcon_ros.task.ament_cmake.build:Building ROS package in '/home/user/hand_gesture_robot/turtlebot_ws/src/turtlebot3_simulations/turtlebot3_fake_node' with build type 'ament_cmake'
[17.735s] INFO:colcon.colcon_cmake.task.cmake.build:Building CMake package in '/home/user/hand_gesture_robot/turtlebot_ws/src/turtlebot3_simulations/turtlebot3_fake_node'
[17.736s] INFO:colcon.colcon_core.shell:Skip shell extension 'powershell' for command environment: Not usable outside of PowerShell
[17.736s] DEBUG:colcon.colcon_core.shell:Skip shell extension 'dsv' for command environment
[17.999s] DEBUG:colcon.colcon_core.event_handler.log_command:Invoking command in '/home/user/hand_gesture_robot/turtlebot_ws/build/turtlebot3_fake_node': AMENT_PREFIX_PATH=/home/user/hand_gesture_robot/turtlebot_ws/install/turtlebot3_msgs:${AMENT_PREFIX_PATH} CMAKE_PREFIX_PATH=/home/user/hand_gesture_robot/turtlebot_ws/install/turtlebot3_msgs:/opt/ros/humble LD_LIBRARY_PATH=/home/user/hand_gesture_robot/turtlebot_ws/install/turtlebot3_msgs/lib:${LD_LIBRARY_PATH} PYTHONPATH=/home/user/hand_gesture_robot/turtlebot_ws/install/turtlebot3_msgs/local/lib/python3.10/dist-packages:${PYTHONPATH} /usr/bin/cmake /home/user/hand_gesture_robot/turtlebot_ws/src/turtlebot3_simulations/turtlebot3_fake_node -DAMENT_CMAKE_SYMLINK_INSTALL=1 -DCMAKE_INSTALL_PREFIX=/home/user/hand_gesture_robot/turtlebot_ws/install/turtlebot3_fake_node
[18.800s] Level 1:colcon.colcon_core.environment:create_environment_scripts_only(turtlebot3_gazebo)
[18.801s] Level 1:colcon.colcon_core.environment:checking '/home/user/hand_gesture_robot/turtlebot_ws/install/turtlebot3_gazebo' for CMake module files
[18.801s] DEBUG:colcon.colcon_core.event_handler.log_command:Invoked command in '/home/user/hand_gesture_robot/turtlebot_ws/build/turtlebot3_gazebo' returned '0': CMAKE_PREFIX_PATH=/opt/ros/humble /usr/bin/cmake --install /home/user/hand_gesture_robot/turtlebot_ws/build/turtlebot3_gazebo
[18.802s] Level 1:colcon.colcon_core.environment:checking '/home/user/hand_gesture_robot/turtlebot_ws/install/turtlebot3_gazebo' for CMake config files
[18.804s] Level 1:colcon.colcon_core.shell:create_environment_hook('turtlebot3_gazebo', 'cmake_prefix_path')
[18.804s] INFO:colcon.colcon_core.shell:Creating environment hook '/home/user/hand_gesture_robot/turtlebot_ws/install/turtlebot3_gazebo/share/turtlebot3_gazebo/hook/cmake_prefix_path.ps1'
[18.805s] INFO:colcon.colcon_core.shell:Creating environment descriptor '/home/user/hand_gesture_robot/turtlebot_ws/install/turtlebot3_gazebo/share/turtlebot3_gazebo/hook/cmake_prefix_path.dsv'
[18.805s] INFO:colcon.colcon_core.shell:Creating environment hook '/home/user/hand_gesture_robot/turtlebot_ws/install/turtlebot3_gazebo/share/turtlebot3_gazebo/hook/cmake_prefix_path.sh'
[18.806s] Level 1:colcon.colcon_core.environment:checking '/home/user/hand_gesture_robot/turtlebot_ws/install/turtlebot3_gazebo/lib'
[18.806s] Level 1:colcon.colcon_core.environment:checking '/home/user/hand_gesture_robot/turtlebot_ws/install/turtlebot3_gazebo/bin'
[18.806s] Level 1:colcon.colcon_core.environment:checking '/home/user/hand_gesture_robot/turtlebot_ws/install/turtlebot3_gazebo/lib/pkgconfig/turtlebot3_gazebo.pc'
[18.806s] Level 1:colcon.colcon_core.environment:checking '/home/user/hand_gesture_robot/turtlebot_ws/install/turtlebot3_gazebo/lib/python3.10/site-packages'
[18.806s] Level 1:colcon.colcon_core.environment:checking '/home/user/hand_gesture_robot/turtlebot_ws/install/turtlebot3_gazebo/bin'
[18.806s] INFO:colcon.colcon_core.shell:Creating package script '/home/user/hand_gesture_robot/turtlebot_ws/install/turtlebot3_gazebo/share/turtlebot3_gazebo/package.ps1'
[18.807s] INFO:colcon.colcon_core.shell:Creating package descriptor '/home/user/hand_gesture_robot/turtlebot_ws/install/turtlebot3_gazebo/share/turtlebot3_gazebo/package.dsv'
[18.807s] INFO:colcon.colcon_core.shell:Creating package script '/home/user/hand_gesture_robot/turtlebot_ws/install/turtlebot3_gazebo/share/turtlebot3_gazebo/package.sh'
[18.807s] INFO:colcon.colcon_core.shell:Creating package script '/home/user/hand_gesture_robot/turtlebot_ws/install/turtlebot3_gazebo/share/turtlebot3_gazebo/package.bash'
[18.807s] INFO:colcon.colcon_core.shell:Creating package script '/home/user/hand_gesture_robot/turtlebot_ws/install/turtlebot3_gazebo/share/turtlebot3_gazebo/package.zsh'
[18.808s] Level 1:colcon.colcon_core.environment:create_file_with_runtime_dependencies(/home/user/hand_gesture_robot/turtlebot_ws/install/turtlebot3_gazebo/share/colcon-core/packages/turtlebot3_gazebo)
[18.808s] Level 1:colcon.colcon_core.environment:create_environment_scripts_only(turtlebot3_gazebo)
[18.809s] Level 1:colcon.colcon_core.environment:checking '/home/user/hand_gesture_robot/turtlebot_ws/install/turtlebot3_gazebo' for CMake module files
[18.809s] Level 1:colcon.colcon_core.environment:checking '/home/user/hand_gesture_robot/turtlebot_ws/install/turtlebot3_gazebo' for CMake config files
[18.811s] Level 1:colcon.colcon_core.shell:create_environment_hook('turtlebot3_gazebo', 'cmake_prefix_path')
[18.811s] INFO:colcon.colcon_core.shell:Creating environment hook '/home/user/hand_gesture_robot/turtlebot_ws/install/turtlebot3_gazebo/share/turtlebot3_gazebo/hook/cmake_prefix_path.ps1'
[18.811s] INFO:colcon.colcon_core.shell:Creating environment descriptor '/home/user/hand_gesture_robot/turtlebot_ws/install/turtlebot3_gazebo/share/turtlebot3_gazebo/hook/cmake_prefix_path.dsv'
[18.812s] INFO:colcon.colcon_core.shell:Creating environment hook '/home/user/hand_gesture_robot/turtlebot_ws/install/turtlebot3_gazebo/share/turtlebot3_gazebo/hook/cmake_prefix_path.sh'
[18.812s] Level 1:colcon.colcon_core.environment:checking '/home/user/hand_gesture_robot/turtlebot_ws/install/turtlebot3_gazebo/lib'
[18.812s] Level 1:colcon.colcon_core.environment:checking '/home/user/hand_gesture_robot/turtlebot_ws/install/turtlebot3_gazebo/bin'
[18.812s] Level 1:colcon.colcon_core.environment:checking '/home/user/hand_gesture_robot/turtlebot_ws/install/turtlebot3_gazebo/lib/pkgconfig/turtlebot3_gazebo.pc'
[18.813s] Level 1:colcon.colcon_core.environment:checking '/home/user/hand_gesture_robot/turtlebot_ws/install/turtlebot3_gazebo/lib/python3.10/site-packages'
[18.813s] Level 1:colcon.colcon_core.environment:checking '/home/user/hand_gesture_robot/turtlebot_ws/install/turtlebot3_gazebo/bin'
[18.813s] INFO:colcon.colcon_core.shell:Creating package script '/home/user/hand_gesture_robot/turtlebot_ws/install/turtlebot3_gazebo/share/turtlebot3_gazebo/package.ps1'
[18.813s] INFO:colcon.colcon_core.shell:Creating package descriptor '/home/user/hand_gesture_robot/turtlebot_ws/install/turtlebot3_gazebo/share/turtlebot3_gazebo/package.dsv'
[18.814s] INFO:colcon.colcon_core.shell:Creating package script '/home/user/hand_gesture_robot/turtlebot_ws/install/turtlebot3_gazebo/share/turtlebot3_gazebo/package.sh'
[18.814s] INFO:colcon.colcon_core.shell:Creating package script '/home/user/hand_gesture_robot/turtlebot_ws/install/turtlebot3_gazebo/share/turtlebot3_gazebo/package.bash'
[18.814s] INFO:colcon.colcon_core.shell:Creating package script '/home/user/hand_gesture_robot/turtlebot_ws/install/turtlebot3_gazebo/share/turtlebot3_gazebo/package.zsh'
[18.815s] Level 1:colcon.colcon_core.environment:create_file_with_runtime_dependencies(/home/user/hand_gesture_robot/turtlebot_ws/install/turtlebot3_gazebo/share/colcon-core/packages/turtlebot3_gazebo)
[29.681s] DEBUG:colcon.colcon_core.event_handler.log_command:Invoked command in '/home/user/hand_gesture_robot/turtlebot_ws/build/turtlebot3_fake_node' returned '0': AMENT_PREFIX_PATH=/home/user/hand_gesture_robot/turtlebot_ws/install/turtlebot3_msgs:${AMENT_PREFIX_PATH} CMAKE_PREFIX_PATH=/home/user/hand_gesture_robot/turtlebot_ws/install/turtlebot3_msgs:/opt/ros/humble LD_LIBRARY_PATH=/home/user/hand_gesture_robot/turtlebot_ws/install/turtlebot3_msgs/lib:${LD_LIBRARY_PATH} PYTHONPATH=/home/user/hand_gesture_robot/turtlebot_ws/install/turtlebot3_msgs/local/lib/python3.10/dist-packages:${PYTHONPATH} /usr/bin/cmake /home/user/hand_gesture_robot/turtlebot_ws/src/turtlebot3_simulations/turtlebot3_fake_node -DAMENT_CMAKE_SYMLINK_INSTALL=1 -DCMAKE_INSTALL_PREFIX=/home/user/hand_gesture_robot/turtlebot_ws/install/turtlebot3_fake_node
[29.683s] DEBUG:colcon.colcon_core.event_handler.log_command:Invoking command in '/home/user/hand_gesture_robot/turtlebot_ws/build/turtlebot3_fake_node': AMENT_PREFIX_PATH=/home/user/hand_gesture_robot/turtlebot_ws/install/turtlebot3_msgs:${AMENT_PREFIX_PATH} CMAKE_PREFIX_PATH=/home/user/hand_gesture_robot/turtlebot_ws/install/turtlebot3_msgs:/opt/ros/humble LD_LIBRARY_PATH=/home/user/hand_gesture_robot/turtlebot_ws/install/turtlebot3_msgs/lib:${LD_LIBRARY_PATH} PYTHONPATH=/home/user/hand_gesture_robot/turtlebot_ws/install/turtlebot3_msgs/local/lib/python3.10/dist-packages:${PYTHONPATH} /usr/bin/cmake --build /home/user/hand_gesture_robot/turtlebot_ws/build/turtlebot3_fake_node -- -j16 -l16
[38.479s] DEBUG:colcon.colcon_core.event_handler.log_command:Invoked command in '/home/user/hand_gesture_robot/turtlebot_ws/build/turtlebot3_fake_node' returned '0': AMENT_PREFIX_PATH=/home/user/hand_gesture_robot/turtlebot_ws/install/turtlebot3_msgs:${AMENT_PREFIX_PATH} CMAKE_PREFIX_PATH=/home/user/hand_gesture_robot/turtlebot_ws/install/turtlebot3_msgs:/opt/ros/humble LD_LIBRARY_PATH=/home/user/hand_gesture_robot/turtlebot_ws/install/turtlebot3_msgs/lib:${LD_LIBRARY_PATH} PYTHONPATH=/home/user/hand_gesture_robot/turtlebot_ws/install/turtlebot3_msgs/local/lib/python3.10/dist-packages:${PYTHONPATH} /usr/bin/cmake --build /home/user/hand_gesture_robot/turtlebot_ws/build/turtlebot3_fake_node -- -j16 -l16
[38.481s] DEBUG:colcon.colcon_core.event_handler.log_command:Invoking command in '/home/user/hand_gesture_robot/turtlebot_ws/build/turtlebot3_fake_node': AMENT_PREFIX_PATH=/home/user/hand_gesture_robot/turtlebot_ws/install/turtlebot3_msgs:${AMENT_PREFIX_PATH} CMAKE_PREFIX_PATH=/home/user/hand_gesture_robot/turtlebot_ws/install/turtlebot3_msgs:/opt/ros/humble LD_LIBRARY_PATH=/home/user/hand_gesture_robot/turtlebot_ws/install/turtlebot3_msgs/lib:${LD_LIBRARY_PATH} PYTHONPATH=/home/user/hand_gesture_robot/turtlebot_ws/install/turtlebot3_msgs/local/lib/python3.10/dist-packages:${PYTHONPATH} /usr/bin/cmake --install /home/user/hand_gesture_robot/turtlebot_ws/build/turtlebot3_fake_node
[38.648s] Level 1:colcon.colcon_core.environment:create_environment_scripts_only(turtlebot3_fake_node)
[38.648s] Level 1:colcon.colcon_core.environment:checking '/home/user/hand_gesture_robot/turtlebot_ws/install/turtlebot3_fake_node' for CMake module files
[38.649s] DEBUG:colcon.colcon_core.event_handler.log_command:Invoked command in '/home/user/hand_gesture_robot/turtlebot_ws/build/turtlebot3_fake_node' returned '0': AMENT_PREFIX_PATH=/home/user/hand_gesture_robot/turtlebot_ws/install/turtlebot3_msgs:${AMENT_PREFIX_PATH} CMAKE_PREFIX_PATH=/home/user/hand_gesture_robot/turtlebot_ws/install/turtlebot3_msgs:/opt/ros/humble LD_LIBRARY_PATH=/home/user/hand_gesture_robot/turtlebot_ws/install/turtlebot3_msgs/lib:${LD_LIBRARY_PATH} PYTHONPATH=/home/user/hand_gesture_robot/turtlebot_ws/install/turtlebot3_msgs/local/lib/python3.10/dist-packages:${PYTHONPATH} /usr/bin/cmake --install /home/user/hand_gesture_robot/turtlebot_ws/build/turtlebot3_fake_node
[38.649s] Level 1:colcon.colcon_core.environment:checking '/home/user/hand_gesture_robot/turtlebot_ws/install/turtlebot3_fake_node' for CMake config files
[38.650s] Level 1:colcon.colcon_core.shell:create_environment_hook('turtlebot3_fake_node', 'cmake_prefix_path')
[38.651s] INFO:colcon.colcon_core.shell:Creating environment hook '/home/user/hand_gesture_robot/turtlebot_ws/install/turtlebot3_fake_node/share/turtlebot3_fake_node/hook/cmake_prefix_path.ps1'
[38.651s] INFO:colcon.colcon_core.shell:Creating environment descriptor '/home/user/hand_gesture_robot/turtlebot_ws/install/turtlebot3_fake_node/share/turtlebot3_fake_node/hook/cmake_prefix_path.dsv'
[38.651s] INFO:colcon.colcon_core.shell:Creating environment hook '/home/user/hand_gesture_robot/turtlebot_ws/install/turtlebot3_fake_node/share/turtlebot3_fake_node/hook/cmake_prefix_path.sh'
[38.652s] Level 1:colcon.colcon_core.environment:checking '/home/user/hand_gesture_robot/turtlebot_ws/install/turtlebot3_fake_node/lib'
[38.652s] Level 1:colcon.colcon_core.environment:checking '/home/user/hand_gesture_robot/turtlebot_ws/install/turtlebot3_fake_node/bin'
[38.652s] Level 1:colcon.colcon_core.environment:checking '/home/user/hand_gesture_robot/turtlebot_ws/install/turtlebot3_fake_node/lib/pkgconfig/turtlebot3_fake_node.pc'
[38.652s] Level 1:colcon.colcon_core.environment:checking '/home/user/hand_gesture_robot/turtlebot_ws/install/turtlebot3_fake_node/lib/python3.10/site-packages'
[38.652s] Level 1:colcon.colcon_core.environment:checking '/home/user/hand_gesture_robot/turtlebot_ws/install/turtlebot3_fake_node/bin'
[38.652s] INFO:colcon.colcon_core.shell:Creating package script '/home/user/hand_gesture_robot/turtlebot_ws/install/turtlebot3_fake_node/share/turtlebot3_fake_node/package.ps1'
[38.653s] INFO:colcon.colcon_core.shell:Creating package descriptor '/home/user/hand_gesture_robot/turtlebot_ws/install/turtlebot3_fake_node/share/turtlebot3_fake_node/package.dsv'
[38.653s] INFO:colcon.colcon_core.shell:Creating package script '/home/user/hand_gesture_robot/turtlebot_ws/install/turtlebot3_fake_node/share/turtlebot3_fake_node/package.sh'
[38.653s] INFO:colcon.colcon_core.shell:Creating package script '/home/user/hand_gesture_robot/turtlebot_ws/install/turtlebot3_fake_node/share/turtlebot3_fake_node/package.bash'
[38.654s] INFO:colcon.colcon_core.shell:Creating package script '/home/user/hand_gesture_robot/turtlebot_ws/install/turtlebot3_fake_node/share/turtlebot3_fake_node/package.zsh'
[38.654s] Level 1:colcon.colcon_core.environment:create_file_with_runtime_dependencies(/home/user/hand_gesture_robot/turtlebot_ws/install/turtlebot3_fake_node/share/colcon-core/packages/turtlebot3_fake_node)
[38.654s] Level 1:colcon.colcon_core.environment:create_environment_scripts_only(turtlebot3_fake_node)
[38.654s] Level 1:colcon.colcon_core.environment:checking '/home/user/hand_gesture_robot/turtlebot_ws/install/turtlebot3_fake_node' for CMake module files
[38.655s] Level 1:colcon.colcon_core.environment:checking '/home/user/hand_gesture_robot/turtlebot_ws/install/turtlebot3_fake_node' for CMake config files
[38.655s] Level 1:colcon.colcon_core.shell:create_environment_hook('turtlebot3_fake_node', 'cmake_prefix_path')
[38.655s] INFO:colcon.colcon_core.shell:Creating environment hook '/home/user/hand_gesture_robot/turtlebot_ws/install/turtlebot3_fake_node/share/turtlebot3_fake_node/hook/cmake_prefix_path.ps1'
[38.656s] INFO:colcon.colcon_core.shell:Creating environment descriptor '/home/user/hand_gesture_robot/turtlebot_ws/install/turtlebot3_fake_node/share/turtlebot3_fake_node/hook/cmake_prefix_path.dsv'
[38.656s] INFO:colcon.colcon_core.shell:Creating environment hook '/home/user/hand_gesture_robot/turtlebot_ws/install/turtlebot3_fake_node/share/turtlebot3_fake_node/hook/cmake_prefix_path.sh'
[38.656s] Level 1:colcon.colcon_core.environment:checking '/home/user/hand_gesture_robot/turtlebot_ws/install/turtlebot3_fake_node/lib'
[38.656s] Level 1:colcon.colcon_core.environment:checking '/home/user/hand_gesture_robot/turtlebot_ws/install/turtlebot3_fake_node/bin'
[38.656s] Level 1:colcon.colcon_core.environment:checking '/home/user/hand_gesture_robot/turtlebot_ws/install/turtlebot3_fake_node/lib/pkgconfig/turtlebot3_fake_node.pc'
[38.656s] Level 1:colcon.colcon_core.environment:checking '/home/user/hand_gesture_robot/turtlebot_ws/install/turtlebot3_fake_node/lib/python3.10/site-packages'
[38.656s] Level 1:colcon.colcon_core.environment:checking '/home/user/hand_gesture_robot/turtlebot_ws/install/turtlebot3_fake_node/bin'
[38.657s] INFO:colcon.colcon_core.shell:Creating package script '/home/user/hand_gesture_robot/turtlebot_ws/install/turtlebot3_fake_node/share/turtlebot3_fake_node/package.ps1'
[38.657s] INFO:colcon.colcon_core.shell:Creating package descriptor '/home/user/hand_gesture_robot/turtlebot_ws/install/turtlebot3_fake_node/share/turtlebot3_fake_node/package.dsv'
[38.657s] INFO:colcon.colcon_core.shell:Creating package script '/home/user/hand_gesture_robot/turtlebot_ws/install/turtlebot3_fake_node/share/turtlebot3_fake_node/package.sh'
[38.658s] INFO:colcon.colcon_core.shell:Creating package script '/home/user/hand_gesture_robot/turtlebot_ws/install/turtlebot3_fake_node/share/turtlebot3_fake_node/package.bash'
[38.658s] INFO:colcon.colcon_core.shell:Creating package script '/home/user/hand_gesture_robot/turtlebot_ws/install/turtlebot3_fake_node/share/turtlebot3_fake_node/package.zsh'
[38.658s] Level 1:colcon.colcon_core.environment:create_file_with_runtime_dependencies(/home/user/hand_gesture_robot/turtlebot_ws/install/turtlebot3_fake_node/share/colcon-core/packages/turtlebot3_fake_node)
[38.659s] INFO:colcon.colcon_ros.task.ament_cmake.build:Building ROS package in '/home/user/hand_gesture_robot/turtlebot_ws/src/turtlebot3_simulations/turtlebot3_simulations' with build type 'ament_cmake'
[38.659s] INFO:colcon.colcon_cmake.task.cmake.build:Building CMake package in '/home/user/hand_gesture_robot/turtlebot_ws/src/turtlebot3_simulations/turtlebot3_simulations'
[38.659s] INFO:colcon.colcon_core.shell:Skip shell extension 'powershell' for command environment: Not usable outside of PowerShell
[38.659s] DEBUG:colcon.colcon_core.shell:Skip shell extension 'dsv' for command environment
[39.265s] DEBUG:colcon.colcon_core.event_handler.log_command:Invoking command in '/home/user/hand_gesture_robot/turtlebot_ws/build/turtlebot3_simulations': AMENT_PREFIX_PATH=/home/user/hand_gesture_robot/turtlebot_ws/install/turtlebot3_fake_node:/home/user/hand_gesture_robot/turtlebot_ws/install/turtlebot3_msgs:/home/user/hand_gesture_robot/turtlebot_ws/install/turtlebot3_manipulation_gazebo:/home/user/hand_gesture_robot/turtlebot_ws/install/turtlebot3_gazebo:${AMENT_PREFIX_PATH} CMAKE_PREFIX_PATH=/home/user/hand_gesture_robot/turtlebot_ws/install/turtlebot3_fake_node:/home/user/hand_gesture_robot/turtlebot_ws/install/turtlebot3_msgs:/home/user/hand_gesture_robot/turtlebot_ws/install/turtlebot3_manipulation_gazebo:/home/user/hand_gesture_robot/turtlebot_ws/install/turtlebot3_gazebo:/opt/ros/humble LD_LIBRARY_PATH=/home/user/hand_gesture_robot/turtlebot_ws/install/turtlebot3_msgs/lib:${LD_LIBRARY_PATH} PYTHONPATH=/home/user/hand_gesture_robot/turtlebot_ws/install/turtlebot3_msgs/local/lib/python3.10/dist-packages:${PYTHONPATH} /usr/bin/cmake /home/user/hand_gesture_robot/turtlebot_ws/src/turtlebot3_simulations/turtlebot3_simulations -DAMENT_CMAKE_SYMLINK_INSTALL=1 -DCMAKE_INSTALL_PREFIX=/home/user/hand_gesture_robot/turtlebot_ws/install/turtlebot3_simulations
[42.405s] DEBUG:colcon.colcon_core.event_handler.log_command:Invoked command in '/home/user/hand_gesture_robot/turtlebot_ws/build/turtlebot3_simulations' returned '0': AMENT_PREFIX_PATH=/home/user/hand_gesture_robot/turtlebot_ws/install/turtlebot3_fake_node:/home/user/hand_gesture_robot/turtlebot_ws/install/turtlebot3_msgs:/home/user/hand_gesture_robot/turtlebot_ws/install/turtlebot3_manipulation_gazebo:/home/user/hand_gesture_robot/turtlebot_ws/install/turtlebot3_gazebo:${AMENT_PREFIX_PATH} CMAKE_PREFIX_PATH=/home/user/hand_gesture_robot/turtlebot_ws/install/turtlebot3_fake_node:/home/user/hand_gesture_robot/turtlebot_ws/install/turtlebot3_msgs:/home/user/hand_gesture_robot/turtlebot_ws/install/turtlebot3_manipulation_gazebo:/home/user/hand_gesture_robot/turtlebot_ws/install/turtlebot3_gazebo:/opt/ros/humble LD_LIBRARY_PATH=/home/user/hand_gesture_robot/turtlebot_ws/install/turtlebot3_msgs/lib:${LD_LIBRARY_PATH} PYTHONPATH=/home/user/hand_gesture_robot/turtlebot_ws/install/turtlebot3_msgs/local/lib/python3.10/dist-packages:${PYTHONPATH} /usr/bin/cmake /home/user/hand_gesture_robot/turtlebot_ws/src/turtlebot3_simulations/turtlebot3_simulations -DAMENT_CMAKE_SYMLINK_INSTALL=1 -DCMAKE_INSTALL_PREFIX=/home/user/hand_gesture_robot/turtlebot_ws/install/turtlebot3_simulations
[42.407s] DEBUG:colcon.colcon_core.event_handler.log_command:Invoking command in '/home/user/hand_gesture_robot/turtlebot_ws/build/turtlebot3_simulations': AMENT_PREFIX_PATH=/home/user/hand_gesture_robot/turtlebot_ws/install/turtlebot3_fake_node:/home/user/hand_gesture_robot/turtlebot_ws/install/turtlebot3_msgs:/home/user/hand_gesture_robot/turtlebot_ws/install/turtlebot3_manipulation_gazebo:/home/user/hand_gesture_robot/turtlebot_ws/install/turtlebot3_gazebo:${AMENT_PREFIX_PATH} CMAKE_PREFIX_PATH=/home/user/hand_gesture_robot/turtlebot_ws/install/turtlebot3_fake_node:/home/user/hand_gesture_robot/turtlebot_ws/install/turtlebot3_msgs:/home/user/hand_gesture_robot/turtlebot_ws/install/turtlebot3_manipulation_gazebo:/home/user/hand_gesture_robot/turtlebot_ws/install/turtlebot3_gazebo:/opt/ros/humble LD_LIBRARY_PATH=/home/user/hand_gesture_robot/turtlebot_ws/install/turtlebot3_msgs/lib:${LD_LIBRARY_PATH} PYTHONPATH=/home/user/hand_gesture_robot/turtlebot_ws/install/turtlebot3_msgs/local/lib/python3.10/dist-packages:${PYTHONPATH} /usr/bin/cmake --build /home/user/hand_gesture_robot/turtlebot_ws/build/turtlebot3_simulations -- -j16 -l16
[42.435s] DEBUG:colcon.colcon_core.event_handler.log_command:Invoked command in '/home/user/hand_gesture_robot/turtlebot_ws/build/turtlebot3_simulations' returned '0': AMENT_PREFIX_PATH=/home/user/hand_gesture_robot/turtlebot_ws/install/turtlebot3_fake_node:/home/user/hand_gesture_robot/turtlebot_ws/install/turtlebot3_msgs:/home/user/hand_gesture_robot/turtlebot_ws/install/turtlebot3_manipulation_gazebo:/home/user/hand_gesture_robot/turtlebot_ws/install/turtlebot3_gazebo:${AMENT_PREFIX_PATH} CMAKE_PREFIX_PATH=/home/user/hand_gesture_robot/turtlebot_ws/install/turtlebot3_fake_node:/home/user/hand_gesture_robot/turtlebot_ws/install/turtlebot3_msgs:/home/user/hand_gesture_robot/turtlebot_ws/install/turtlebot3_manipulation_gazebo:/home/user/hand_gesture_robot/turtlebot_ws/install/turtlebot3_gazebo:/opt/ros/humble LD_LIBRARY_PATH=/home/user/hand_gesture_robot/turtlebot_ws/install/turtlebot3_msgs/lib:${LD_LIBRARY_PATH} PYTHONPATH=/home/user/hand_gesture_robot/turtlebot_ws/install/turtlebot3_msgs/local/lib/python3.10/dist-packages:${PYTHONPATH} /usr/bin/cmake --build /home/user/hand_gesture_robot/turtlebot_ws/build/turtlebot3_simulations -- -j16 -l16
[42.437s] DEBUG:colcon.colcon_core.event_handler.log_command:Invoking command in '/home/user/hand_gesture_robot/turtlebot_ws/build/turtlebot3_simulations': AMENT_PREFIX_PATH=/home/user/hand_gesture_robot/turtlebot_ws/install/turtlebot3_fake_node:/home/user/hand_gesture_robot/turtlebot_ws/install/turtlebot3_msgs:/home/user/hand_gesture_robot/turtlebot_ws/install/turtlebot3_manipulation_gazebo:/home/user/hand_gesture_robot/turtlebot_ws/install/turtlebot3_gazebo:${AMENT_PREFIX_PATH} CMAKE_PREFIX_PATH=/home/user/hand_gesture_robot/turtlebot_ws/install/turtlebot3_fake_node:/home/user/hand_gesture_robot/turtlebot_ws/install/turtlebot3_msgs:/home/user/hand_gesture_robot/turtlebot_ws/install/turtlebot3_manipulation_gazebo:/home/user/hand_gesture_robot/turtlebot_ws/install/turtlebot3_gazebo:/opt/ros/humble LD_LIBRARY_PATH=/home/user/hand_gesture_robot/turtlebot_ws/install/turtlebot3_msgs/lib:${LD_LIBRARY_PATH} PYTHONPATH=/home/user/hand_gesture_robot/turtlebot_ws/install/turtlebot3_msgs/local/lib/python3.10/dist-packages:${PYTHONPATH} /usr/bin/cmake --install /home/user/hand_gesture_robot/turtlebot_ws/build/turtlebot3_simulations
[42.546s] Level 1:colcon.colcon_core.environment:create_environment_scripts_only(turtlebot3_simulations)
[42.547s] DEBUG:colcon.colcon_core.event_handler.log_command:Invoked command in '/home/user/hand_gesture_robot/turtlebot_ws/build/turtlebot3_simulations' returned '0': AMENT_PREFIX_PATH=/home/user/hand_gesture_robot/turtlebot_ws/install/turtlebot3_fake_node:/home/user/hand_gesture_robot/turtlebot_ws/install/turtlebot3_msgs:/home/user/hand_gesture_robot/turtlebot_ws/install/turtlebot3_manipulation_gazebo:/home/user/hand_gesture_robot/turtlebot_ws/install/turtlebot3_gazebo:${AMENT_PREFIX_PATH} CMAKE_PREFIX_PATH=/home/user/hand_gesture_robot/turtlebot_ws/install/turtlebot3_fake_node:/home/user/hand_gesture_robot/turtlebot_ws/install/turtlebot3_msgs:/home/user/hand_gesture_robot/turtlebot_ws/install/turtlebot3_manipulation_gazebo:/home/user/hand_gesture_robot/turtlebot_ws/install/turtlebot3_gazebo:/opt/ros/humble LD_LIBRARY_PATH=/home/user/hand_gesture_robot/turtlebot_ws/install/turtlebot3_msgs/lib:${LD_LIBRARY_PATH} PYTHONPATH=/home/user/hand_gesture_robot/turtlebot_ws/install/turtlebot3_msgs/local/lib/python3.10/dist-packages:${PYTHONPATH} /usr/bin/cmake --install /home/user/hand_gesture_robot/turtlebot_ws/build/turtlebot3_simulations
[42.547s] Level 1:colcon.colcon_core.environment:checking '/home/user/hand_gesture_robot/turtlebot_ws/install/turtlebot3_simulations' for CMake module files
[42.548s] Level 1:colcon.colcon_core.environment:checking '/home/user/hand_gesture_robot/turtlebot_ws/install/turtlebot3_simulations' for CMake config files
[42.548s] Level 1:colcon.colcon_core.shell:create_environment_hook('turtlebot3_simulations', 'cmake_prefix_path')
[42.548s] INFO:colcon.colcon_core.shell:Creating environment hook '/home/user/hand_gesture_robot/turtlebot_ws/install/turtlebot3_simulations/share/turtlebot3_simulations/hook/cmake_prefix_path.ps1'
[42.549s] INFO:colcon.colcon_core.shell:Creating environment descriptor '/home/user/hand_gesture_robot/turtlebot_ws/install/turtlebot3_simulations/share/turtlebot3_simulations/hook/cmake_prefix_path.dsv'
[42.549s] INFO:colcon.colcon_core.shell:Creating environment hook '/home/user/hand_gesture_robot/turtlebot_ws/install/turtlebot3_simulations/share/turtlebot3_simulations/hook/cmake_prefix_path.sh'
[42.549s] Level 1:colcon.colcon_core.environment:checking '/home/user/hand_gesture_robot/turtlebot_ws/install/turtlebot3_simulations/bin'
[42.549s] Level 1:colcon.colcon_core.environment:checking '/home/user/hand_gesture_robot/turtlebot_ws/install/turtlebot3_simulations/lib/pkgconfig/turtlebot3_simulations.pc'
[42.550s] Level 1:colcon.colcon_core.environment:checking '/home/user/hand_gesture_robot/turtlebot_ws/install/turtlebot3_simulations/lib/python3.10/site-packages'
[42.550s] Level 1:colcon.colcon_core.environment:checking '/home/user/hand_gesture_robot/turtlebot_ws/install/turtlebot3_simulations/bin'
[42.550s] INFO:colcon.colcon_core.shell:Creating package script '/home/user/hand_gesture_robot/turtlebot_ws/install/turtlebot3_simulations/share/turtlebot3_simulations/package.ps1'
[42.550s] INFO:colcon.colcon_core.shell:Creating package descriptor '/home/user/hand_gesture_robot/turtlebot_ws/install/turtlebot3_simulations/share/turtlebot3_simulations/package.dsv'
[42.551s] INFO:colcon.colcon_core.shell:Creating package script '/home/user/hand_gesture_robot/turtlebot_ws/install/turtlebot3_simulations/share/turtlebot3_simulations/package.sh'
[42.551s] INFO:colcon.colcon_core.shell:Creating package script '/home/user/hand_gesture_robot/turtlebot_ws/install/turtlebot3_simulations/share/turtlebot3_simulations/package.bash'
[42.551s] INFO:colcon.colcon_core.shell:Creating package script '/home/user/hand_gesture_robot/turtlebot_ws/install/turtlebot3_simulations/share/turtlebot3_simulations/package.zsh'
[42.551s] Level 1:colcon.colcon_core.environment:create_file_with_runtime_dependencies(/home/user/hand_gesture_robot/turtlebot_ws/install/turtlebot3_simulations/share/colcon-core/packages/turtlebot3_simulations)
[42.552s] Level 1:colcon.colcon_core.environment:create_environment_scripts_only(turtlebot3_simulations)
[42.552s] Level 1:colcon.colcon_core.environment:checking '/home/user/hand_gesture_robot/turtlebot_ws/install/turtlebot3_simulations' for CMake module files
[42.553s] Level 1:colcon.colcon_core.environment:checking '/home/user/hand_gesture_robot/turtlebot_ws/install/turtlebot3_simulations' for CMake config files
[42.553s] Level 1:colcon.colcon_core.shell:create_environment_hook('turtlebot3_simulations', 'cmake_prefix_path')
[42.553s] INFO:colcon.colcon_core.shell:Creating environment hook '/home/user/hand_gesture_robot/turtlebot_ws/install/turtlebot3_simulations/share/turtlebot3_simulations/hook/cmake_prefix_path.ps1'
[42.553s] INFO:colcon.colcon_core.shell:Creating environment descriptor '/home/user/hand_gesture_robot/turtlebot_ws/install/turtlebot3_simulations/share/turtlebot3_simulations/hook/cmake_prefix_path.dsv'
[42.553s] INFO:colcon.colcon_core.shell:Creating environment hook '/home/user/hand_gesture_robot/turtlebot_ws/install/turtlebot3_simulations/share/turtlebot3_simulations/hook/cmake_prefix_path.sh'
[42.554s] Level 1:colcon.colcon_core.environment:checking '/home/user/hand_gesture_robot/turtlebot_ws/install/turtlebot3_simulations/bin'
[42.554s] Level 1:colcon.colcon_core.environment:checking '/home/user/hand_gesture_robot/turtlebot_ws/install/turtlebot3_simulations/lib/pkgconfig/turtlebot3_simulations.pc'
[42.554s] Level 1:colcon.colcon_core.environment:checking '/home/user/hand_gesture_robot/turtlebot_ws/install/turtlebot3_simulations/lib/python3.10/site-packages'
[42.554s] Level 1:colcon.colcon_core.environment:checking '/home/user/hand_gesture_robot/turtlebot_ws/install/turtlebot3_simulations/bin'
[42.554s] INFO:colcon.colcon_core.shell:Creating package script '/home/user/hand_gesture_robot/turtlebot_ws/install/turtlebot3_simulations/share/turtlebot3_simulations/package.ps1'
[42.555s] INFO:colcon.colcon_core.shell:Creating package descriptor '/home/user/hand_gesture_robot/turtlebot_ws/install/turtlebot3_simulations/share/turtlebot3_simulations/package.dsv'
[42.555s] INFO:colcon.colcon_core.shell:Creating package script '/home/user/hand_gesture_robot/turtlebot_ws/install/turtlebot3_simulations/share/turtlebot3_simulations/package.sh'
[42.555s] INFO:colcon.colcon_core.shell:Creating package script '/home/user/hand_gesture_robot/turtlebot_ws/install/turtlebot3_simulations/share/turtlebot3_simulations/package.bash'
[42.556s] INFO:colcon.colcon_core.shell:Creating package script '/home/user/hand_gesture_robot/turtlebot_ws/install/turtlebot3_simulations/share/turtlebot3_simulations/package.zsh'
[42.556s] Level 1:colcon.colcon_core.environment:create_file_with_runtime_dependencies(/home/user/hand_gesture_robot/turtlebot_ws/install/turtlebot3_simulations/share/colcon-core/packages/turtlebot3_simulations)
[42.556s] DEBUG:colcon.colcon_parallel_executor.executor.parallel:closing loop
[42.557s] DEBUG:colcon.colcon_parallel_executor.executor.parallel:loop closed
[42.557s] DEBUG:colcon.colcon_parallel_executor.executor.parallel:run_until_complete finished with '0'
[42.557s] DEBUG:colcon.colcon_core.event_reactor:joining thread
[42.669s] INFO:colcon.colcon_core.plugin_system:Skipping extension 'colcon_notification.desktop_notification.notify_send': Could not find 'notify-send'
[42.669s] INFO:colcon.colcon_core.plugin_system:Skipping extension 'colcon_notification.desktop_notification.terminal_notifier': Not used on non-Darwin systems
[42.669s] INFO:colcon.colcon_core.plugin_system:Skipping extension 'colcon_notification.desktop_notification.win32': Not used on non-Windows systems
[42.669s] INFO:colcon.colcon_notification.desktop_notification:Sending desktop notification using 'notify2'
[42.669s] DEBUG:colcon.colcon_notification.desktop_notification.notify2:Failed to initialize notify2: org.freedesktop.DBus.Error.FileNotFound: Failed to connect to socket /run/user/1000/bus: No such file or directory
[42.669s] DEBUG:colcon.colcon_core.event_reactor:joined thread
[42.670s] INFO:colcon.colcon_core.shell:Creating prefix script '/home/user/hand_gesture_robot/turtlebot_ws/install/local_setup.ps1'
[42.671s] INFO:colcon.colcon_core.shell:Creating prefix util module '/home/user/hand_gesture_robot/turtlebot_ws/install/_local_setup_util_ps1.py'
[42.673s] INFO:colcon.colcon_core.shell:Creating prefix chain script '/home/user/hand_gesture_robot/turtlebot_ws/install/setup.ps1'
[42.674s] INFO:colcon.colcon_core.shell:Creating prefix script '/home/user/hand_gesture_robot/turtlebot_ws/install/local_setup.sh'
[42.674s] INFO:colcon.colcon_core.shell:Creating prefix util module '/home/user/hand_gesture_robot/turtlebot_ws/install/_local_setup_util_sh.py'
[42.675s] INFO:colcon.colcon_core.shell:Creating prefix chain script '/home/user/hand_gesture_robot/turtlebot_ws/install/setup.sh'
[42.676s] INFO:colcon.colcon_core.shell:Creating prefix script '/home/user/hand_gesture_robot/turtlebot_ws/install/local_setup.bash'
[42.677s] INFO:colcon.colcon_core.shell:Creating prefix chain script '/home/user/hand_gesture_robot/turtlebot_ws/install/setup.bash'
[42.677s] INFO:colcon.colcon_core.shell:Creating prefix script '/home/user/hand_gesture_robot/turtlebot_ws/install/local_setup.zsh'
[42.678s] INFO:colcon.colcon_core.shell:Creating prefix chain script '/home/user/hand_gesture_robot/turtlebot_ws/install/setup.zsh'
